#
# A fatal error has been detected by the Java Runtime Environment:
#
#  Internal Error (jvmciRuntime.cpp:1609), pid=30, tid=44
#  fatal error: Fatal exception in JVMCI: Error calling jdk.vm.ci.services.Services.serializeSavedProperties
#
# JRE version: OpenJDK Runtime Environment GraalVM CE 22.3.0 (17.0.5+8) (build 17.0.5+8-jvmci-22.3-b08)
# Java VM: OpenJDK 64-Bit Server VM GraalVM CE 22.3.0 (17.0.5+8-jvmci-22.3-b08, mixed mode, sharing, tiered, jvmci, jvmci compiler, compressed oops, compressed class ptrs, parallel gc, linux-amd64)
# Problematic frame:
# V  [libjvm.so+0x972714]  JVMCIRuntime::fatal_exception(JVMCIEnv*, char const*)+0x74
#
# Core dump will be written. Default location: Core dumps may be processed with "/usr/share/apport/apport -p%p -s%s -c%c -d%d -P%P -u%u -g%g -- %E" (or dumping to /home/runner/CS4-Project-Repository/core.30)
#
# If you would like to submit a bug report, please visit:
#   https://github.com/oracle/graal/issues
#

---------------  S U M M A R Y ------------

Command Line: -XX:ThreadPriorityPolicy=1 -XX:+UnlockExperimentalVMOptions -XX:+EnableJVMCIProduct -XX:JVMCIThreadsPerNativeLibraryRuntime=1 -XX:-UnlockExperimentalVMOptions -Declipse.application=org.eclipse.jdt.ls.core.id1 -Dosgi.bundles.defaultStartLevel=4 -Declipse.product=org.eclipse.jdt.ls.core.product -Dlog.level=ALL -Xverify:none -XX:+UseParallelGC -XX:GCTimeRatio=4 -XX:AdaptiveSizePolicyWeight=90 -Dsun.zip.disableMemoryMapping=true -Xmx512m -Xms100m /nix/store/m6gcpi1ii6rghy04cjwjddcavv7i90df-jdt-language-server-1.9.0/share/java/plugins/org.eclipse.equinox.launcher_1.6.400.v20210924-0641.jar --add-modules=ALL-SYSTEM --add-opens java.base/java.util=ALL-UNNAMED --add-opens java.base/java.lang=ALL-UNNAMED -configuration /home/runner/.cache/jdt-language-server/config -data /home/runner/.cache/jdt-language-server/data/home/runner/CS4-Project-Repository

Host: AMD EPYC 7B12, 8 cores, 1G, Ubuntu 20.04.2 LTS
Time: Tue Mar 21 07:10:57 2023 UTC elapsed time: 1287.472572 seconds (0d 0h 21m 27s)

---------------  T H R E A D  ---------------

Current thread (0x00007f04240b21e0):  JavaThread "JVMCI-native CompilerThread0" daemon [_thread_in_vm, id=44, stack(0x00007f040aecd000,0x00007f040b0cd000)]


Current CompileTask:
JVMCI-native:1287472 9349       4       org.eclipse.core.runtime.Assert::isNotNull (7 bytes)

Stack: [0x00007f040aecd000,0x00007f040b0cd000],  sp=0x00007f040b0cb380,  free space=2040k
Native frames: (J=compiled Java code, j=interpreted, Vv=VM code, C=native code)
V  [libjvm.so+0x972714]  JVMCIRuntime::fatal_exception(JVMCIEnv*, char const*)+0x74
V  [libjvm.so+0x93e2fe]  JVMCIEnv::copy_saved_properties()+0x14e
V  [libjvm.so+0x9732a9]  JVMCIRuntime::initialize(JVMCIEnv*)+0xb19
V  [libjvm.so+0x9738a2]  JVMCIRuntime::get_HotSpotJVMCIRuntime(JVMCIEnv*)+0x12
V  [libjvm.so+0x9749f2]  JVMCIRuntime::compile_method(JVMCIEnv*, JVMCICompiler*, methodHandle const&, int)+0xd2
V  [libjvm.so+0x5b0d20]  CompileBroker::invoke_compiler_on_method(CompileTask*)+0x1470
V  [libjvm.so+0x5b12e8]  CompileBroker::compiler_thread_loop()+0x528
V  [libjvm.so+0xd82460]  JavaThread::thread_main_inner()+0xd0
V  [libjvm.so+0xd85a40]  Thread::call_run()+0xc0
V  [libjvm.so+0xbdb1e1]  thread_native_entry(Thread*)+0xe1

Register to memory mapping:

RAX=0x00007f042ab31000 points into unknown readable memory: 0x0000000000000058 | 58 00 00 00 00 00 00 00
RBX=0x00007f042bc2c398: <offset 0x0000000000ef5398> in /nix/store/gpxl5qgg8kicmcvivwmybwjlpf7wh20l-graalvm17-ce-22.3.0/lib/server/libjvm.so at 0x00007f042ad37000
RCX=0x00007f042bbe41e8: <offset 0x0000000000ead1e8> in /nix/store/gpxl5qgg8kicmcvivwmybwjlpf7wh20l-graalvm17-ce-22.3.0/lib/server/libjvm.so at 0x00007f042ad37000
RDX=0x0000000000000649 is an unknown value
RSP=0x00007f040b0cb380 is pointing into the stack for thread: 0x00007f04240b21e0
RBP=0x00007f040b0cb3a0 is pointing into the stack for thread: 0x00007f04240b21e0
RSI=0x00007f042bc2cc48: <offset 0x0000000000ef5c48> in /nix/store/gpxl5qgg8kicmcvivwmybwjlpf7wh20l-graalvm17-ce-22.3.0/lib/server/libjvm.so at 0x00007f042ad37000
RDI=0x00000000e0000000 is an oop: java.lang.String 
{0x00000000e0000000} - klass: 'java/lang/String'
 - string: "resolution"
R8 =0x00007f042bc2c398: <offset 0x0000000000ef5398> in /nix/store/gpxl5qgg8kicmcvivwmybwjlpf7wh20l-graalvm17-ce-22.3.0/lib/server/libjvm.so at 0x00007f042ad37000
R9 =0x00007f040b0cb330 is pointing into the stack for thread: 0x00007f04240b21e0
R10=0x00007f040b0cc948 is pointing into the stack for thread: 0x00007f04240b21e0
R11=0x0000000000000293 is an unknown value
R12=0x0 is NULL
R13=0x00007f04240b21e0 is a thread
R14=0x00007f0424000b80 points into unknown readable memory: 0x00007f042be5da38 | 38 da e5 2b 04 7f 00 00
R15=0x00007f042bf6be40: <offset 0x0000000001234e40> in /nix/store/gpxl5qgg8kicmcvivwmybwjlpf7wh20l-graalvm17-ce-22.3.0/lib/server/libjvm.so at 0x00007f042ad37000


Registers:
RAX=0x00007f042ab31000, RBX=0x00007f042bc2c398, RCX=0x00007f042bbe41e8, RDX=0x0000000000000649
RSP=0x00007f040b0cb380, RBP=0x00007f040b0cb3a0, RSI=0x00007f042bc2cc48, RDI=0x00000000e0000000
R8 =0x00007f042bc2c398, R9 =0x00007f040b0cb330, R10=0x00007f040b0cc948, R11=0x0000000000000293
R12=0x0000000000000000, R13=0x00007f04240b21e0, R14=0x00007f0424000b80, R15=0x00007f042bf6be40
RIP=0x00007f042b6a9714, EFLAGS=0x0000000000010206, CSGSFS=0x002b000000000033, ERR=0x0000000000000006
  TRAPNO=0x000000000000000e

Top of Stack: (sp=0x00007f040b0cb380)
0x00007f040b0cb380:   00007f040b0cb940 00007f04240b21e0
0x00007f040b0cb390:   00007f04294c28c8 0000000800c409d8
0x00007f040b0cb3a0:   00007f040b0cb500 00007f042b6752fe
0x00007f040b0cb3b0:   00007f040b0cb3e0 00007f040b0cb440 

Instructions: (pc=0x00007f042b6a9714)
0x00007f042b6a9614:   30 e8 f6 cf e8 ff 4c 89 e7 e8 2e 48 d1 ff 84 db
0x00007f042b6a9624:   75 2a 4d 85 ed 74 04 4d 8b 6d 00 48 83 c4 08 44
0x00007f042b6a9634:   89 f9 4c 89 f2 4c 89 ee 5b 4c 89 e7 41 5c 41 5d
0x00007f042b6a9644:   41 5e 41 5f 5d e9 e2 47 d1 ff 66 90 48 83 c4 08
0x00007f042b6a9654:   5b 41 5c 41 5d 41 5e 41 5f 5d c3 90 31 d2 be 08
0x00007f042b6a9664:   00 00 00 4c 89 ff e8 b1 78 a3 ff 49 89 c5 e9 37
0x00007f042b6a9674:   ff ff ff 66 0f 1f 84 00 00 00 00 00 48 8b 7a 08
0x00007f042b6a9684:   e9 6d ff ff ff 0f 1f 80 00 00 00 00 e8 5b 48 0a
0x00007f042b6a9694:   00 84 c0 75 89 e9 6a ff ff ff 66 90 55 48 89 e5
0x00007f042b6a96a4:   41 56 41 55 41 54 49 89 fc 53 48 89 f3 66 48 8d
0x00007f042b6a96b4:   3d 27 5e 85 00 66 66 48 e8 df 43 8d ff 4c 8b 28
0x00007f042b6a96c4:   8b 05 be 72 8a 00 85 c0 75 14 ba 01 00 00 00 48
0x00007f042b6a96d4:   8d 0d ae 72 8a 00 f0 0f b1 11 85 c0 74 4e be c8
0x00007f042b6a96e4:   00 00 00 4c 89 ef e8 01 0b 41 00 48 8d 05 12 ac
0x00007f042b6a96f4:   85 00 49 89 d8 48 8d 0d e8 aa 53 00 ba 49 06 00
0x00007f042b6a9704:   00 48 8d 35 3c 35 58 00 bf 00 00 00 e0 48 8b 00
0x00007f042b6a9714:   c6 00 58 31 c0 e8 e2 91 c6 ff 5b 41 5c 41 5d 41
0x00007f042b6a9724:   5e 5d e9 55 34 26 00 0f 1f 44 00 00 48 8d 05 81
0x00007f042b6a9734:   a3 8b 00 48 89 df 4c 8b 30 e8 9e 43 8d ff 48 89
0x00007f042b6a9744:   de 48 89 c2 49 8b 06 4c 89 f7 ff 50 08 4c 89 f7
0x00007f042b6a9754:   e8 a7 5c 27 00 4d 85 e4 74 12 be 01 00 00 00 4c
0x00007f042b6a9764:   89 e7 e8 35 43 fc ff eb 82 0f 1f 00 be 01 00 00
0x00007f042b6a9774:   00 4c 89 ef e8 d3 fd ff ff e9 6d ff ff ff 66 66
0x00007f042b6a9784:   2e 0f 1f 84 00 00 00 00 00 0f 1f 00 55 48 89 e5
0x00007f042b6a9794:   41 57 41 56 41 55 41 54 53 48 81 ec 08 02 00 00
0x00007f042b6a97a4:   64 48 8b 04 25 28 00 00 00 48 89 45 c8 8b 07 83
0x00007f042b6a97b4:   f8 02 0f 84 11 04 00 00 4c 8b 6f 18 49 89 ff 49
0x00007f042b6a97c4:   89 f4 4d 85 ed 74 14 4c 89 ef e8 5d 57 22 00 41
0x00007f042b6a97d4:   8b 07 83 f8 02 0f 84 19 04 00 00 48 8d 1d 9a 06
0x00007f042b6a97e4:   8a 00 4c 8d 35 0b 3c 58 00 eb 38 90 48 85 d2 7f
0x00007f042b6a97f4:   0d 48 8d 05 b4 c0 85 00 48 83 38 00 7e 0e 41 8b
0x00007f042b6a9804:   77 2c 4c 89 f7 31 c0 e8 a0 b2 f7 ff 49 8b 7f 18 


Stack slot to memory mapping:
stack at sp + 0 slots: 0x00007f040b0cb940 is pointing into the stack for thread: 0x00007f04240b21e0
stack at sp + 1 slots: 0x00007f04240b21e0 is a thread
stack at sp + 2 slots: 0x00007f04294c28c8 points into unknown readable memory: 0x65730018e552ffff | ff ff 52 e5 18 00 73 65
stack at sp + 3 slots: 0x0000000800c409d8 is a pointer to class: 
jdk.vm.ci.services.Services {0x0000000800c409d8}
 - instance size:     2
 - klass size:        65
 - access:            public final synchronized 
 - state:             fully_initialized
 - name:              'jdk/vm/ci/services/Services'
 - super:             'java/lang/Object'
 - sub:               
 - arrays:            NULL
 - methods:           Array<T>(0x00007f042843a8f0)
 - method ordering:   Array<T>(0x0000000800928960)
 - default_methods:   Array<T>(0x0000000000000000)
 - local interfaces:  Array<T>(0x00000008005ce810)
 - trans. interfaces: Array<T>(0x00000008005ce810)
 - constants:         constant pool [427] {0x00007f04284399d0} for 'jdk/vm/ci/services/Services' cache=0x00007f042843bbc0
 - class loader data:  loader data: 0x00007f04240283f0 of 'bootstrap'
 - source file:       'Services.java'
 - class annotations:       Array<T>(0x0000000000000000)
 - class type annotations:  Array<T>(0x0000000000000000)
 - field annotations:       Array<T>(0x0000000000000000)
 - field type annotations:  Array<T>(0x0000000000000000)
 - inner classes:     Array<T>(0x00007f042843bb90)
 - nest members:     Array<T>(0x00007f042843bbb0)
 - permitted subclasses:     Array<T>(0x00000008005ce7a0)
 - java mirror:       a 'java/lang/Class'{0x00000000e014ba70} = 'jdk/vm/ci/services/Services'
 - vtable length      5  (start addr: 0x0000000800c40ba8)
 - itable length      2 (start addr: 0x0000000800c40bd0)
 - ---- static fields (3 words):
 - public static final 'IS_BUILDING_NATIVE_IMAGE' 'Z' @128 
 - public static final 'IS_IN_NATIVE_IMAGE' 'Z' @129 
 - private static volatile 'savedProperties' 'Ljava/util/Map;' @112 
 - static final 'JVMCI_ENABLED' 'Z' @130 
 - private static final 'servicesCache' 'Ljava/util/Map;' @116 
 - private static final 'MAX_UNICODE_IN_UTF8_LENGTH' 'I' @120 
 - private static final 'MAX_UTF8_PROPERTY_STRING_LENGTH' 'I' @124 
 - ---- non-static fields (0 words):
 - non-static oop maps: 
stack at sp + 4 slots: 0x00007f040b0cb500 is pointing into the stack for thread: 0x00007f04240b21e0
stack at sp + 5 slots: 0x00007f042b6752fe: <offset 0x000000000093e2fe> in /nix/store/gpxl5qgg8kicmcvivwmybwjlpf7wh20l-graalvm17-ce-22.3.0/lib/server/libjvm.so at 0x00007f042ad37000
stack at sp + 6 slots: 0x00007f040b0cb3e0 is pointing into the stack for thread: 0x00007f04240b21e0
stack at sp + 7 slots: 0x00007f040b0cb440 is pointing into the stack for thread: 0x00007f04240b21e0


---------------  P R O C E S S  ---------------

Threads class SMR info:
_java_thread_list=0x00007f03ac05b520, length=35, elements={
0x00007f0424026690, 0x00007f04240a64d0, 0x00007f04240a7910, 0x00007f04240ae050,
0x00007f04240af400, 0x00007f04240b07f0, 0x00007f04240b21e0, 0x00007f04240b36f0,
0x00007f04240b4b40, 0x00007f04240df890, 0x00007f0424128ab0, 0x00007f042431b530,
0x00007f04240c9460, 0x00007f04240ca860, 0x00007f042440f290, 0x00007f03c001a7e0,
0x00007f03c02aab10, 0x00007f03c030cf00, 0x00007f03a40010d0, 0x00007f03a8000ff0,
0x00007f03c048cf60, 0x00007f03c05f7ca0, 0x00007f0424410a10, 0x00007f0424369df0,
0x00007f03ac164fc0, 0x00007f03ac166280, 0x00007f03ac167760, 0x00007f03a8002e10,
0x00007f03ac1780b0, 0x00007f03ac1687c0, 0x00007f03ac1775e0, 0x00007f03ac162cf0,
0x00007f03ac163930, 0x00007f03ac16a9f0, 0x00007f03ac179ce0
}

Java Threads: ( => current thread )
  0x00007f0424026690 JavaThread "main" [_thread_blocked, id=36, stack(0x00007f042ab52000,0x00007f042ac52000)]
  0x00007f04240a64d0 JavaThread "Reference Handler" daemon [_thread_blocked, id=39, stack(0x00007f0428300000,0x00007f0428400000)]
  0x00007f04240a7910 JavaThread "Finalizer" daemon [_thread_blocked, id=40, stack(0x00007f0428200000,0x00007f0428300000)]
  0x00007f04240ae050 JavaThread "Signal Dispatcher" daemon [_thread_blocked, id=41, stack(0x00007f0428100000,0x00007f0428200000)]
  0x00007f04240af400 JavaThread "Service Thread" daemon [_thread_blocked, id=42, stack(0x00007f0428000000,0x00007f0428100000)]
  0x00007f04240b07f0 JavaThread "Monitor Deflation Thread" daemon [_thread_blocked, id=43, stack(0x00007f040b0cd000,0x00007f040b1cd000)]
=>0x00007f04240b21e0 JavaThread "JVMCI-native CompilerThread0" daemon [_thread_in_vm, id=44, stack(0x00007f040aecd000,0x00007f040b0cd000)]
  0x00007f04240b36f0 JavaThread "C1 CompilerThread0" daemon [_thread_blocked, id=45, stack(0x00007f040accd000,0x00007f040aecd000)]
  0x00007f04240b4b40 JavaThread "Sweeper thread" daemon [_thread_blocked, id=46, stack(0x00007f040abcd000,0x00007f040accd000)]
  0x00007f04240df890 JavaThread "Common-Cleaner" daemon [_thread_blocked, id=47, stack(0x00007f040aacd000,0x00007f040abcd000)]
  0x00007f0424128ab0 JavaThread "Notification Thread" daemon [_thread_blocked, id=48, stack(0x00007f040a9cd000,0x00007f040aacd000)]
  0x00007f042431b530 JavaThread "Active Thread: Equinox Container: 45c4fe28-66b7-4506-9c47-5ecd6100851b" [_thread_blocked, id=93, stack(0x00007f040a7cb000,0x00007f040a8cb000)]
  0x00007f04240c9460 JavaThread "Framework Event Dispatcher: Equinox Container: 45c4fe28-66b7-4506-9c47-5ecd6100851b" daemon [_thread_blocked, id=96, stack(0x00007f0408300000,0x00007f0408400000)]
  0x00007f04240ca860 JavaThread "Start Level: Equinox Container: 45c4fe28-66b7-4506-9c47-5ecd6100851b" daemon [_thread_blocked, id=97, stack(0x00007f0408100000,0x00007f0408200000)]
  0x00007f042440f290 JavaThread "Refresh Thread: Equinox Container: 45c4fe28-66b7-4506-9c47-5ecd6100851b" daemon [_thread_blocked, id=98, stack(0x00007f03d2d00000,0x00007f03d2e00000)]
  0x00007f03c001a7e0 JavaThread "SCR Component Actor" daemon [_thread_blocked, id=107, stack(0x00007f03d2b00000,0x00007f03d2c00000)]
  0x00007f03c02aab10 JavaThread "Worker-JM" [_thread_blocked, id=146, stack(0x00007f03d2700000,0x00007f03d2800000)]
  0x00007f03c030cf00 JavaThread "Worker-0: Periodic workspace save." [_thread_blocked, id=158, stack(0x00007f03d2500000,0x00007f03d2600000)]
  0x00007f03a40010d0 JavaThread "Worker-1" [_thread_blocked, id=165, stack(0x00007f03d2300000,0x00007f03d2400000)]
  0x00007f03a8000ff0 JavaThread "Worker-2: Java indexing... " [_thread_blocked, id=168, stack(0x00007f03d2100000,0x00007f03d2200000)]
  0x00007f03c048cf60 JavaThread "Java indexing" daemon [_thread_blocked, id=180, stack(0x00007f03d1f00000,0x00007f03d2000000)]
  0x00007f03c05f7ca0 JavaThread "Bundle File Closer" daemon [_thread_blocked, id=220, stack(0x00007f03d1d00000,0x00007f03d1e00000)]
  0x00007f0424410a10 JavaThread "pool-3-thread-1" [_thread_blocked, id=251, stack(0x00007f03d1b00000,0x00007f03d1c00000)]
  0x00007f0424369df0 JavaThread "pool-2-thread-1" [_thread_blocked, id=278, stack(0x00007f03d2900000,0x00007f03d2a00000)]
  0x00007f03ac164fc0 JavaThread "Thread-12" [_thread_blocked, id=750, stack(0x00007f03d1300000,0x00007f03d1400000)]
  0x00007f03ac166280 JavaThread "Thread-13" [_thread_blocked, id=751, stack(0x00007f03d1700000,0x00007f03d1800000)]
  0x00007f03ac167760 JavaThread "Thread-14" [_thread_blocked, id=1551, stack(0x00007f03d1900000,0x00007f03d1a00000)]
  0x00007f03a8002e10 JavaThread "Worker-6" [_thread_blocked, id=1864, stack(0x00007f03d0100000,0x00007f03d0200000)]
  0x00007f03ac1780b0 JavaThread "Thread-15" [_thread_blocked, id=1904, stack(0x00007f03d1500000,0x00007f03d1600000)]
  0x00007f03ac1687c0 JavaThread "Thread-16" [_thread_blocked, id=2145, stack(0x00007f03d0500000,0x00007f03d0600000)]
  0x00007f03ac1775e0 JavaThread "Thread-17" [_thread_blocked, id=2297, stack(0x00007f03d1100000,0x00007f03d1200000)]
  0x00007f03ac162cf0 JavaThread "Thread-18" [_thread_blocked, id=2699, stack(0x00007f03d0f00000,0x00007f03d1000000)]
  0x00007f03ac163930 JavaThread "Thread-19" [_thread_blocked, id=3172, stack(0x00007f03d0d00000,0x00007f03d0e00000)]
  0x00007f03ac16a9f0 JavaThread "Thread-20" [_thread_blocked, id=3608, stack(0x00007f03d1600000,0x00007f03d1700000)]
  0x00007f03ac179ce0 JavaThread "Thread-21" [_thread_blocked, id=3965, stack(0x00007f03d0300000,0x00007f03d0400000)]

Other Threads:
  0x00007f04240a1c10 VMThread "VM Thread" [stack: 0x00007f0428c6b000,0x00007f0428d6b000] [id=38] _threads_hazard_ptr=0x00007f03ac05b520
  0x00007f042412a450 WatcherThread [stack: 0x00007f040a8cd000,0x00007f040a9cd000] [id=49]
  0x00007f042403df30 GCTaskThread "GC Thread#0" [stack: 0x00007f042a715000,0x00007f042a815000] [id=37]

Threads with active compile tasks:
JVMCI-native CompilerThread0  1287630 9349       4       org.eclipse.core.runtime.Assert::isNotNull (7 bytes)

VM state: synchronizing (normal execution)

VM Mutex/Monitor currently owned by a thread:  ([mutex/lock_event])
[0x00007f0424023840] Threads_lock - owner thread: 0x00007f04240a1c10
[0x00007f0424023ff0] Heap_lock - owner thread: 0x00007f03ac179ce0

OutOfMemory and StackOverflow Exception counts:
OutOfMemoryError java_heap_errors=11
LinkageErrors=57

Heap address: 0x00000000e0000000, size: 512 MB, Compressed Oops mode: 32-bit

CDS archive(s) mapped at: [0x0000000800000000-0x0000000800bc8000-0x0000000800bc8000), size 12353536, SharedBaseAddress: 0x0000000800000000, ArchiveRelocationMode: 0.
Compressed class space mapped at: 0x0000000800c00000-0x0000000840c00000, reserved size: 1073741824
Narrow klass base: 0x0000000800000000, Narrow klass shift: 0, Narrow klass range: 0x100000000

GC Precious Log:
 CPUs: 8 total, 1 available
 Memory: 1024M
 Large Page Support: Disabled
 NUMA Support: Disabled
 Compressed Oops: Enabled (32-bit)
 Alignments: Space 512K, Generation 512K, Heap 2M
 Heap Min Capacity: 100M
 Heap Initial Capacity: 100M
 Heap Max Capacity: 512M
 Pre-touch: Disabled
 Parallel Workers: 1

Heap:
 PSYoungGen      total 27648K, used 18432K [0x00000000f5580000, 0x00000000f7b00000, 0x0000000100000000)
  eden space 18432K, 100% used [0x00000000f5580000,0x00000000f6780000,0x00000000f6780000)
  from space 9216K, 0% used [0x00000000f6780000,0x00000000f6780000,0x00000000f7080000)
  to   space 8192K, 0% used [0x00000000f7300000,0x00000000f7300000,0x00000000f7b00000)
 ParOldGen       total 349696K, used 349695K [0x00000000e0000000, 0x00000000f5580000, 0x00000000f5580000)
  object space 349696K, 99% used [0x00000000e0000000,0x00000000f557fff0,0x00000000f5580000)
 Metaspace       used 55880K, committed 56704K, reserved 1105920K
  class space    used 5455K, committed 5824K, reserved 1048576K

Card table byte_map: [0x00007f042a815000,0x00007f042a916000] _byte_map_base: 0x00007f042a115000

Marking Bits: (ParMarkBitMap*) 0x00007f042bf654c0
 Begin Bits: [0x00007f0429668000, 0x00007f0429e68000)
 End Bits:   [0x00007f0429e68000, 0x00007f042a668000)

Polling page: 0x00007f042ab2f000

Metaspace:

Usage:
  Non-class:     49.24 MB used.
      Class:      5.33 MB used.
       Both:     54.57 MB used.

Virtual space:
  Non-class space:       56.00 MB reserved,      49.69 MB ( 89%) committed,  7 nodes.
      Class space:        1.00 GB reserved,       5.69 MB ( <1%) committed,  1 nodes.
             Both:        1.05 GB reserved,      55.38 MB (  5%) committed. 

Chunk freelists:
   Non-Class:  2.25 MB
       Class:  2.35 MB
        Both:  4.60 MB

MaxMetaspaceSize: unlimited
CompressedClassSpaceSize: 1.00 GB
Initial GC threshold: 21.00 MB
Current GC threshold: 92.19 MB
CDS: on
MetaspaceReclaimPolicy: balanced
 - commit_granule_bytes: 65536.
 - commit_granule_words: 8192.
 - virtual_space_node_default_size: 1048576.
 - enlarge_chunks_in_place: 1.
 - new_chunks_are_fully_committed: 0.
 - uncommit_free_chunks: 1.
 - use_allocation_guard: 0.
 - handle_deallocations: 1.


Internal statistics:

num_allocs_failed_limit: 6.
num_arena_births: 378.
num_arena_deaths: 74.
num_vsnodes_births: 8.
num_vsnodes_deaths: 0.
num_space_committed: 885.
num_space_uncommitted: 0.
num_chunks_returned_to_freelist: 100.
num_chunks_taken_from_freelist: 2539.
num_chunk_merges: 36.
num_chunk_splits: 1654.
num_chunks_enlarged: 1035.
num_purges: 10.
num_inconsistent_stats: 0.

CodeHeap 'non-profiled nmethods': size=120036Kb used=2788Kb max_used=2788Kb free=117247Kb
 bounds [0x00007f0412f7a000, 0x00007f041323a000, 0x00007f041a4b3000]
CodeHeap 'profiled nmethods': size=120032Kb used=15931Kb max_used=16581Kb free=104100Kb
 bounds [0x00007f040ba42000, 0x00007f040ca82000, 0x00007f0412f7a000]
CodeHeap 'non-nmethods': size=5692Kb used=1391Kb max_used=1397Kb free=4300Kb
 bounds [0x00007f040b4b3000, 0x00007f040b723000, 0x00007f040ba42000]
 total_blobs=7462 nmethods=6734 adapters=618
 compilation: enabled
              stopped_count=0, restarted_count=0
 full_count=0

JVMCI Events (20 events):
Event: 986.763 Thread 0x00007f04240b21e0 releasing handles for JVMCI runtime 0: oop handles=83, metadata handles={total=160, live=146, blocks=41}
Event: 986.763 Thread 0x00007f04240b21e0 detached from JVMCI runtime 0
Event: 1034.639 Thread 0x00007f04240b21e0 attached to JVMCI runtime 0
Event: 1034.641 Thread 0x00007f04240b21e0 created JavaVM[6]@0x00007f0378e9e340 for JVMCI runtime 0
Event: 1034.641 Thread 0x00007f04240b21e0 initializing JVMCI runtime 0
Event: 1034.641 Thread 0x00007f04240b21e0 done waiting for JavaVM references initialization in JVMCI runtime 0
Event: 1115.536 Thread 0x00007f04240b21e0 initialized JVMCI runtime 0
Event: 1150.777 Thread 0x00007f04240b21e0 compacted oop handles in JVMCI runtime 0 from 157 to 150
Event: 1150.778 Thread 0x00007f04240b21e0 compacted oop handles in JVMCI runtime 0 from 151 to 130
Event: 1153.366 Thread 0x00007f04240b21e0 detaching from JVMCI runtime 0: releasing idle compiler thread (0 other threads still attached)
Event: 1153.366 Thread 0x00007f04240b21e0 shutting down HotSpotJVMCIRuntime for JVMCI runtime 0
Event: 1153.366 Thread 0x00007f04240b21e0 shut down JVMCI runtime 0
Event: 1153.427 Thread 0x00007f04240b21e0 destroyed JavaVM[6]@0x00007f0378e9e340 for JVMCI runtime 0
Event: 1153.427 Thread 0x00007f04240b21e0 compacted oop handles in JVMCI runtime 0 from 148 to 148
Event: 1153.427 Thread 0x00007f04240b21e0 releasing handles for JVMCI runtime 0: oop handles=148, metadata handles={total=325, live=325, blocks=41}
Event: 1153.427 Thread 0x00007f04240b21e0 detached from JVMCI runtime 0
Event: 1204.963 Thread 0x00007f04240b21e0 attached to JVMCI runtime 0
Event: 1204.964 Thread 0x00007f04240b21e0 created JavaVM[7]@0x00007f0378e9e340 for JVMCI runtime 0
Event: 1206.027 Thread 0x00007f04240b21e0 initializing JVMCI runtime 0
Event: 1206.027 Thread 0x00007f04240b21e0 done waiting for JavaVM references initialization in JVMCI runtime 0

Compilation events (20 events):
Event: 1137.035 Thread 0x00007f04240b36f0 9345       3       org.eclipse.jdt.internal.codeassist.impl.AssistParser::popUntilElement (112 bytes)
Event: 1138.159 Thread 0x00007f04240b36f0 nmethod 9345 0x00007f040c294f90 code [0x00007f040c295180, 0x00007f040c2958f0]
Event: 1150.777 Thread 0x00007f04240b21e0 nmethod 9337 0x00007f0413230290 code [0x00007f0413230540, 0x00007f0413230f78]
Event: 1150.778 Thread 0x00007f04240b21e0 9344   !   4       org.eclipse.jdt.internal.core.Openable::exists (114 bytes)
Event: 1152.073 Thread 0x00007f04240b21e0 nmethod 9344 0x00007f0413231a10 code [0x00007f0413231c40, 0x00007f04132320d0]
Event: 1152.073 Thread 0x00007f04240b21e0 9343       4       org.eclipse.core.internal.resources.ProjectPreferences::getLoadLevel (59 bytes)
Event: 1152.075 Thread 0x00007f04240b21e0 nmethod 9343 0x00007f0413232510 code [0x00007f0413232680, 0x00007f0413232758]
Event: 1152.075 Thread 0x00007f04240b21e0 9338   !   4       org.eclipse.jdt.internal.compiler.parser.Scanner::getNextChar (140 bytes)
Event: 1152.076 Thread 0x00007f04240b21e0 nmethod 9338 0x00007f0413232810 code [0x00007f0413232980, 0x00007f0413232a90]
Event: 1152.076 Thread 0x00007f04240b21e0 9341       4       jdk.internal.misc.Unsafe::weakCompareAndSetInt (11 bytes)
Event: 1152.077 Thread 0x00007f04240b21e0 nmethod 9341 0x00007f0413232b90 code [0x00007f0413232d00, 0x00007f0413232d50]
Event: 1160.970 Thread 0x00007f04240b36f0 9346       1       org.eclipse.lsp4j.jsonrpc.messages.Either::getRight (5 bytes)
Event: 1162.134 Thread 0x00007f04240b36f0 nmethod 9346 0x00007f0413232e90 code [0x00007f0413233020, 0x00007f04132330f0]
Event: 1166.731 Thread 0x00007f04240b36f0 9347       3       org.eclipse.core.internal.resources.Resource::isFilteredWithException (164 bytes)
Event: 1174.027 Thread 0x00007f04240b36f0 nmethod 9347 0x00007f040c7fab90 code [0x00007f040c7faec0, 0x00007f040c7fdbd0]
Event: 1188.033 Thread 0x00007f04240b36f0 9348       3       com.google.gson.stream.JsonReader::nextName (116 bytes)
Event: 1193.776 Thread 0x00007f04240b36f0 nmethod 9348 0x00007f040bb86390 code [0x00007f040bb86660, 0x00007f040bb87ac0]
Event: 1204.963 Thread 0x00007f04240b21e0 9349       4       org.eclipse.core.runtime.Assert::isNotNull (7 bytes)
Event: 1244.636 Thread 0x00007f04240b36f0 9351       3       java.util.concurrent.ThreadPoolExecutor::workerCountOf (5 bytes)
Event: 1245.966 Thread 0x00007f04240b36f0 nmethod 9351 0x00007f040c41b090 code [0x00007f040c41b220, 0x00007f040c41b310]

GC Heap History (20 events):
Event: 1266.956 GC heap before
{Heap before GC invocations=1113 (full 941):
 PSYoungGen      total 27648K, used 18432K [0x00000000f5580000, 0x00000000f7b00000, 0x0000000100000000)
  eden space 18432K, 100% used [0x00000000f5580000,0x00000000f6780000,0x00000000f6780000)
  from space 9216K, 0% used [0x00000000f6780000,0x00000000f6780000,0x00000000f7080000)
  to   space 8192K, 0% used [0x00000000f7300000,0x00000000f7300000,0x00000000f7b00000)
 ParOldGen       total 349696K, used 349695K [0x00000000e0000000, 0x00000000f5580000, 0x00000000f5580000)
  object space 349696K, 99% used [0x00000000e0000000,0x00000000f557fff0,0x00000000f5580000)
 Metaspace       used 55880K, committed 56704K, reserved 1105920K
  class space    used 5455K, committed 5824K, reserved 1048576K
}
Event: 1268.172 GC heap after
{Heap after GC invocations=1113 (full 941):
 PSYoungGen      total 26624K, used 18432K [0x00000000f5580000, 0x00000000f7b00000, 0x0000000100000000)
  eden space 18432K, 100% used [0x00000000f5580000,0x00000000f6780000,0x00000000f6780000)
  from space 8192K, 0% used [0x00000000f7300000,0x00000000f7300000,0x00000000f7b00000)
  to   space 9216K, 0% used [0x00000000f6780000,0x00000000f6780000,0x00000000f7080000)
 ParOldGen       total 349696K, used 349695K [0x00000000e0000000, 0x00000000f5580000, 0x00000000f5580000)
  object space 349696K, 99% used [0x00000000e0000000,0x00000000f557fff0,0x00000000f5580000)
 Metaspace       used 55880K, committed 56704K, reserved 1105920K
  class space    used 5455K, committed 5824K, reserved 1048576K
}
Event: 1268.173 GC heap before
{Heap before GC invocations=1114 (full 942):
 PSYoungGen      total 26624K, used 18432K [0x00000000f5580000, 0x00000000f7b00000, 0x0000000100000000)
  eden space 18432K, 100% used [0x00000000f5580000,0x00000000f6780000,0x00000000f6780000)
  from space 8192K, 0% used [0x00000000f7300000,0x00000000f7300000,0x00000000f7b00000)
  to   space 9216K, 0% used [0x00000000f6780000,0x00000000f6780000,0x00000000f7080000)
 ParOldGen       total 349696K, used 349695K [0x00000000e0000000, 0x00000000f5580000, 0x00000000f5580000)
  object space 349696K, 99% used [0x00000000e0000000,0x00000000f557fff0,0x00000000f5580000)
 Metaspace       used 55880K, committed 56704K, reserved 1105920K
  class space    used 5455K, committed 5824K, reserved 1048576K
}
Event: 1270.048 GC heap after
{Heap after GC invocations=1114 (full 942):
 PSYoungGen      total 27648K, used 18432K [0x00000000f5580000, 0x00000000f7b00000, 0x0000000100000000)
  eden space 18432K, 100% used [0x00000000f5580000,0x00000000f6780000,0x00000000f6780000)
  from space 9216K, 0% used [0x00000000f6780000,0x00000000f6780000,0x00000000f7080000)
  to   space 8192K, 0% used [0x00000000f7300000,0x00000000f7300000,0x00000000f7b00000)
 ParOldGen       total 349696K, used 349695K [0x00000000e0000000, 0x00000000f5580000, 0x00000000f5580000)
  object space 349696K, 99% used [0x00000000e0000000,0x00000000f557ffd0,0x00000000f5580000)
 Metaspace       used 55880K, committed 56704K, reserved 1105920K
  class space    used 5455K, committed 5824K, reserved 1048576K
}
Event: 1270.127 GC heap before
{Heap before GC invocations=1115 (full 943):
 PSYoungGen      total 27648K, used 18432K [0x00000000f5580000, 0x00000000f7b00000, 0x0000000100000000)
  eden space 18432K, 100% used [0x00000000f5580000,0x00000000f6780000,0x00000000f6780000)
  from space 9216K, 0% used [0x00000000f6780000,0x00000000f6780000,0x00000000f7080000)
  to   space 8192K, 0% used [0x00000000f7300000,0x00000000f7300000,0x00000000f7b00000)
 ParOldGen       total 349696K, used 349696K [0x00000000e0000000, 0x00000000f5580000, 0x00000000f5580000)
  object space 349696K, 100% used [0x00000000e0000000,0x00000000f5580000,0x00000000f5580000)
 Metaspace       used 55880K, committed 56704K, reserved 1105920K
  class space    used 5455K, committed 5824K, reserved 1048576K
}
Event: 1273.347 GC heap after
{Heap after GC invocations=1115 (full 943):
 PSYoungGen      total 26624K, used 18432K [0x00000000f5580000, 0x00000000f7b00000, 0x0000000100000000)
  eden space 18432K, 100% used [0x00000000f5580000,0x00000000f6780000,0x00000000f6780000)
  from space 8192K, 0% used [0x00000000f7300000,0x00000000f7300000,0x00000000f7b00000)
  to   space 9216K, 0% used [0x00000000f6780000,0x00000000f6780000,0x00000000f7080000)
 ParOldGen       total 349696K, used 349696K [0x00000000e0000000, 0x00000000f5580000, 0x00000000f5580000)
  object space 349696K, 100% used [0x00000000e0000000,0x00000000f5580000,0x00000000f5580000)
 Metaspace       used 55880K, committed 56704K, reserved 1105920K
  class space    used 5455K, committed 5824K, reserved 1048576K
}
Event: 1273.347 GC heap before
{Heap before GC invocations=1116 (full 944):
 PSYoungGen      total 26624K, used 18432K [0x00000000f5580000, 0x00000000f7b00000, 0x0000000100000000)
  eden space 18432K, 100% used [0x00000000f5580000,0x00000000f6780000,0x00000000f6780000)
  from space 8192K, 0% used [0x00000000f7300000,0x00000000f7300000,0x00000000f7b00000)
  to   space 9216K, 0% used [0x00000000f6780000,0x00000000f6780000,0x00000000f7080000)
 ParOldGen       total 349696K, used 349696K [0x00000000e0000000, 0x00000000f5580000, 0x00000000f5580000)
  object space 349696K, 100% used [0x00000000e0000000,0x00000000f5580000,0x00000000f5580000)
 Metaspace       used 55880K, committed 56704K, reserved 1105920K
  class space    used 5455K, committed 5824K, reserved 1048576K
}
Event: 1274.545 GC heap after
{Heap after GC invocations=1116 (full 944):
 PSYoungGen      total 27648K, used 18432K [0x00000000f5580000, 0x00000000f7b00000, 0x0000000100000000)
  eden space 18432K, 100% used [0x00000000f5580000,0x00000000f6780000,0x00000000f6780000)
  from space 9216K, 0% used [0x00000000f6780000,0x00000000f6780000,0x00000000f7080000)
  to   space 8192K, 0% used [0x00000000f7300000,0x00000000f7300000,0x00000000f7b00000)
 ParOldGen       total 349696K, used 349696K [0x00000000e0000000, 0x00000000f5580000, 0x00000000f5580000)
  object space 349696K, 100% used [0x00000000e0000000,0x00000000f5580000,0x00000000f5580000)
 Metaspace       used 55880K, committed 56704K, reserved 1105920K
  class space    used 5455K, committed 5824K, reserved 1048576K
}
Event: 1274.545 GC heap before
{Heap before GC invocations=1117 (full 945):
 PSYoungGen      total 27648K, used 18432K [0x00000000f5580000, 0x00000000f7b00000, 0x0000000100000000)
  eden space 18432K, 100% used [0x00000000f5580000,0x00000000f6780000,0x00000000f6780000)
  from space 9216K, 0% used [0x00000000f6780000,0x00000000f6780000,0x00000000f7080000)
  to   space 8192K, 0% used [0x00000000f7300000,0x00000000f7300000,0x00000000f7b00000)
 ParOldGen       total 349696K, used 349696K [0x00000000e0000000, 0x00000000f5580000, 0x00000000f5580000)
  object space 349696K, 100% used [0x00000000e0000000,0x00000000f5580000,0x00000000f5580000)
 Metaspace       used 55880K, committed 56704K, reserved 1105920K
  class space    used 5455K, committed 5824K, reserved 1048576K
}
Event: 1275.841 GC heap after
{Heap after GC invocations=1117 (full 945):
 PSYoungGen      total 26624K, used 18432K [0x00000000f5580000, 0x00000000f7b00000, 0x0000000100000000)
  eden space 18432K, 100% used [0x00000000f5580000,0x00000000f6780000,0x00000000f6780000)
  from space 8192K, 0% used [0x00000000f7300000,0x00000000f7300000,0x00000000f7b00000)
  to   space 9216K, 0% used [0x00000000f6780000,0x00000000f6780000,0x00000000f7080000)
 ParOldGen       total 349696K, used 349696K [0x00000000e0000000, 0x00000000f5580000, 0x00000000f5580000)
  object space 349696K, 100% used [0x00000000e0000000,0x00000000f5580000,0x00000000f5580000)
 Metaspace       used 55880K, committed 56704K, reserved 1105920K
  class space    used 5455K, committed 5824K, reserved 1048576K
}
Event: 1275.841 GC heap before
{Heap before GC invocations=1118 (full 946):
 PSYoungGen      total 26624K, used 18432K [0x00000000f5580000, 0x00000000f7b00000, 0x0000000100000000)
  eden space 18432K, 100% used [0x00000000f5580000,0x00000000f6780000,0x00000000f6780000)
  from space 8192K, 0% used [0x00000000f7300000,0x00000000f7300000,0x00000000f7b00000)
  to   space 9216K, 0% used [0x00000000f6780000,0x00000000f6780000,0x00000000f7080000)
 ParOldGen       total 349696K, used 349696K [0x00000000e0000000, 0x00000000f5580000, 0x00000000f5580000)
  object space 349696K, 100% used [0x00000000e0000000,0x00000000f5580000,0x00000000f5580000)
 Metaspace       used 55880K, committed 56704K, reserved 1105920K
  class space    used 5455K, committed 5824K, reserved 1048576K
}
Event: 1277.070 GC heap after
{Heap after GC invocations=1118 (full 946):
 PSYoungGen      total 27648K, used 18432K [0x00000000f5580000, 0x00000000f7b00000, 0x0000000100000000)
  eden space 18432K, 100% used [0x00000000f5580000,0x00000000f6780000,0x00000000f6780000)
  from space 9216K, 0% used [0x00000000f6780000,0x00000000f6780000,0x00000000f7080000)
  to   space 8192K, 0% used [0x00000000f7300000,0x00000000f7300000,0x00000000f7b00000)
 ParOldGen       total 349696K, used 349696K [0x00000000e0000000, 0x00000000f5580000, 0x00000000f5580000)
  object space 349696K, 100% used [0x00000000e0000000,0x00000000f5580000,0x00000000f5580000)
 Metaspace       used 55880K, committed 56704K, reserved 1105920K
  class space    used 5455K, committed 5824K, reserved 1048576K
}
Event: 1277.070 GC heap before
{Heap before GC invocations=1119 (full 947):
 PSYoungGen      total 27648K, used 18432K [0x00000000f5580000, 0x00000000f7b00000, 0x0000000100000000)
  eden space 18432K, 100% used [0x00000000f5580000,0x00000000f6780000,0x00000000f6780000)
  from space 9216K, 0% used [0x00000000f6780000,0x00000000f6780000,0x00000000f7080000)
  to   space 8192K, 0% used [0x00000000f7300000,0x00000000f7300000,0x00000000f7b00000)
 ParOldGen       total 349696K, used 349696K [0x00000000e0000000, 0x00000000f5580000, 0x00000000f5580000)
  object space 349696K, 100% used [0x00000000e0000000,0x00000000f5580000,0x00000000f5580000)
 Metaspace       used 55880K, committed 56704K, reserved 1105920K
  class space    used 5455K, committed 5824K, reserved 1048576K
}
Event: 1279.845 GC heap after
{Heap after GC invocations=1119 (full 947):
 PSYoungGen      total 26624K, used 18432K [0x00000000f5580000, 0x00000000f7b00000, 0x0000000100000000)
  eden space 18432K, 100% used [0x00000000f5580000,0x00000000f6780000,0x00000000f6780000)
  from space 8192K, 0% used [0x00000000f7300000,0x00000000f7300000,0x00000000f7b00000)
  to   space 9216K, 0% used [0x00000000f6780000,0x00000000f6780000,0x00000000f7080000)
 ParOldGen       total 349696K, used 349695K [0x00000000e0000000, 0x00000000f5580000, 0x00000000f5580000)
  object space 349696K, 99% used [0x00000000e0000000,0x00000000f557fda0,0x00000000f5580000)
 Metaspace       used 55880K, committed 56704K, reserved 1105920K
  class space    used 5455K, committed 5824K, reserved 1048576K
}
Event: 1279.845 GC heap before
{Heap before GC invocations=1120 (full 948):
 PSYoungGen      total 26624K, used 18432K [0x00000000f5580000, 0x00000000f7b00000, 0x0000000100000000)
  eden space 18432K, 100% used [0x00000000f5580000,0x00000000f6780000,0x00000000f6780000)
  from space 8192K, 0% used [0x00000000f7300000,0x00000000f7300000,0x00000000f7b00000)
  to   space 9216K, 0% used [0x00000000f6780000,0x00000000f6780000,0x00000000f7080000)
 ParOldGen       total 349696K, used 349695K [0x00000000e0000000, 0x00000000f5580000, 0x00000000f5580000)
  object space 349696K, 99% used [0x00000000e0000000,0x00000000f557fde8,0x00000000f5580000)
 Metaspace       used 55880K, committed 56704K, reserved 1105920K
  class space    used 5455K, committed 5824K, reserved 1048576K
}
Event: 1283.341 GC heap after
{Heap after GC invocations=1120 (full 948):
 PSYoungGen      total 27648K, used 18432K [0x00000000f5580000, 0x00000000f7b00000, 0x0000000100000000)
  eden space 18432K, 100% used [0x00000000f5580000,0x00000000f6780000,0x00000000f6780000)
  from space 9216K, 0% used [0x00000000f6780000,0x00000000f6780000,0x00000000f7080000)
  to   space 8192K, 0% used [0x00000000f7300000,0x00000000f7300000,0x00000000f7b00000)
 ParOldGen       total 349696K, used 349695K [0x00000000e0000000, 0x00000000f5580000, 0x00000000f5580000)
  object space 349696K, 99% used [0x00000000e0000000,0x00000000f557fd68,0x00000000f5580000)
 Metaspace       used 55880K, committed 56704K, reserved 1105920K
  class space    used 5455K, committed 5824K, reserved 1048576K
}
Event: 1283.341 GC heap before
{Heap before GC invocations=1121 (full 949):
 PSYoungGen      total 27648K, used 18432K [0x00000000f5580000, 0x00000000f7b00000, 0x0000000100000000)
  eden space 18432K, 100% used [0x00000000f5580000,0x00000000f6780000,0x00000000f6780000)
  from space 9216K, 0% used [0x00000000f6780000,0x00000000f6780000,0x00000000f7080000)
  to   space 8192K, 0% used [0x00000000f7300000,0x00000000f7300000,0x00000000f7b00000)
 ParOldGen       total 349696K, used 349695K [0x00000000e0000000, 0x00000000f5580000, 0x00000000f5580000)
  object space 349696K, 99% used [0x00000000e0000000,0x00000000f557fdb8,0x00000000f5580000)
 Metaspace       used 55880K, committed 56704K, reserved 1105920K
  class space    used 5455K, committed 5824K, reserved 1048576K
}
Event: 1286.172 GC heap after
{Heap after GC invocations=1121 (full 949):
 PSYoungGen      total 26624K, used 18432K [0x00000000f5580000, 0x00000000f7b00000, 0x0000000100000000)
  eden space 18432K, 100% used [0x00000000f5580000,0x00000000f6780000,0x00000000f6780000)
  from space 8192K, 0% used [0x00000000f7300000,0x00000000f7300000,0x00000000f7b00000)
  to   space 9216K, 0% used [0x00000000f6780000,0x00000000f6780000,0x00000000f7080000)
 ParOldGen       total 349696K, used 349695K [0x00000000e0000000, 0x00000000f5580000, 0x00000000f5580000)
  object space 349696K, 99% used [0x00000000e0000000,0x00000000f557fd68,0x00000000f5580000)
 Metaspace       used 55880K, committed 56704K, reserved 1105920K
  class space    used 5455K, committed 5824K, reserved 1048576K
}
Event: 1286.172 GC heap before
{Heap before GC invocations=1122 (full 950):
 PSYoungGen      total 26624K, used 18432K [0x00000000f5580000, 0x00000000f7b00000, 0x0000000100000000)
  eden space 18432K, 100% used [0x00000000f5580000,0x00000000f6780000,0x00000000f6780000)
  from space 8192K, 0% used [0x00000000f7300000,0x00000000f7300000,0x00000000f7b00000)
  to   space 9216K, 0% used [0x00000000f6780000,0x00000000f6780000,0x00000000f7080000)
 ParOldGen       total 349696K, used 349695K [0x00000000e0000000, 0x00000000f5580000, 0x00000000f5580000)
  object space 349696K, 99% used [0x00000000e0000000,0x00000000f557fd68,0x00000000f5580000)
 Metaspace       used 55880K, committed 56704K, reserved 1105920K
  class space    used 5455K, committed 5824K, reserved 1048576K
}
Event: 1287.466 GC heap after
{Heap after GC invocations=1122 (full 950):
 PSYoungGen      total 27648K, used 18432K [0x00000000f5580000, 0x00000000f7b00000, 0x0000000100000000)
  eden space 18432K, 100% used [0x00000000f5580000,0x00000000f6780000,0x00000000f6780000)
  from space 9216K, 0% used [0x00000000f6780000,0x00000000f6780000,0x00000000f7080000)
  to   space 8192K, 0% used [0x00000000f7300000,0x00000000f7300000,0x00000000f7b00000)
 ParOldGen       total 349696K, used 349695K [0x00000000e0000000, 0x00000000f5580000, 0x00000000f5580000)
  object space 349696K, 99% used [0x00000000e0000000,0x00000000f557fd68,0x00000000f5580000)
 Metaspace       used 55880K, committed 56704K, reserved 1105920K
  class space    used 5455K, committed 5824K, reserved 1048576K
}

Dll operation events (9 events):
Event: 0.002 Loaded shared library /nix/store/gpxl5qgg8kicmcvivwmybwjlpf7wh20l-graalvm17-ce-22.3.0/lib/libjava.so
Event: 0.008 Loaded shared library /nix/store/gpxl5qgg8kicmcvivwmybwjlpf7wh20l-graalvm17-ce-22.3.0/lib/libjsvml.so
Event: 0.195 Loaded shared library /nix/store/gpxl5qgg8kicmcvivwmybwjlpf7wh20l-graalvm17-ce-22.3.0/lib/libjvmcicompiler.so
Event: 0.237 Loaded shared library /nix/store/gpxl5qgg8kicmcvivwmybwjlpf7wh20l-graalvm17-ce-22.3.0/lib/libnio.so
Event: 0.248 Loaded shared library /nix/store/gpxl5qgg8kicmcvivwmybwjlpf7wh20l-graalvm17-ce-22.3.0/lib/libzip.so
Event: 0.679 Loaded shared library /nix/store/gpxl5qgg8kicmcvivwmybwjlpf7wh20l-graalvm17-ce-22.3.0/lib/libjimage.so
Event: 1.636 Loaded shared library /nix/store/gpxl5qgg8kicmcvivwmybwjlpf7wh20l-graalvm17-ce-22.3.0/lib/libnet.so
Event: 7.243 Loaded shared library /home/runner/.cache/jdt-language-server/config/org.eclipse.equinox.launcher/org.eclipse.equinox.launcher.gtk.linux.x86_64_1.2.400.v20211117-0650/eclipse_11600.so
Event: 22.634 Loaded shared library /nix/store/gpxl5qgg8kicmcvivwmybwjlpf7wh20l-graalvm17-ce-22.3.0/lib/libextnet.so

Deoptimization events (20 events):
Event: 561.358 Thread 0x00007f03ac167760 Uncommon trap: trap_request=0xffffffcd fr.pc=0x00007f041321a899 relative=0x0000000000000b59
Event: 561.358 Thread 0x00007f03ac167760 Uncommon trap: reason=intrinsic_or_type_checked_inlining action=reinterpret pc=0x00007f041321a899 method=org.eclipse.jdt.internal.compiler.util.HashtableOfObjectToInt.get(Ljava/lang/Object;)I @ 25 jvmci
Event: 562.373 Thread 0x00007f03ac167760 DEOPT PACKING pc=0x00007f041321a899 sp=0x00007f03d19fdd50
Event: 562.373 Thread 0x00007f03ac167760 DEOPT UNPACKING pc=0x00007f040b505325 sp=0x00007f03d19fd218 mode 3
Event: 1241.930 Thread 0x00007f03c048cf60 Uncommon trap: trap_request=0xffffff8f fr.pc=0x00007f04131fe214 relative=0x0000000000000274
Event: 1241.930 Thread 0x00007f03c048cf60 Uncommon trap: reason=constraint action=none pc=0x00007f04131fe214 method=org.eclipse.jdt.internal.core.index.DiskIndex$IntList.add(I)V @ 0 jvmci
Event: 1243.344 Thread 0x00007f03c048cf60 DEOPT PACKING pc=0x00007f04131fe214 sp=0x00007f03d1ffe520
Event: 1243.344 Thread 0x00007f03c048cf60 DEOPT UNPACKING pc=0x00007f040b505325 sp=0x00007f03d1ffd9c0 mode 3
Event: 1255.055 Thread 0x00007f03a8000ff0 Uncommon trap: trap_request=0xffffff8f fr.pc=0x00007f0412f92a30 relative=0x0000000000000290
Event: 1255.055 Thread 0x00007f03a8000ff0 Uncommon trap: reason=constraint action=none pc=0x00007f0412f92a30 method=java.util.Arrays.copyOfRange([BII)[B @ 61 jvmci
Event: 1260.367 Thread 0x00007f03a8000ff0 DEOPT PACKING pc=0x00007f0412f92a30 sp=0x00007f03d21fe6c0
Event: 1260.367 Thread 0x00007f03a8000ff0 DEOPT UNPACKING pc=0x00007f040b505325 sp=0x00007f03d21fdac0 mode 1
Event: 1265.765 Thread 0x00007f03c048cf60 Uncommon trap: trap_request=0xffffff8f fr.pc=0x00007f04131fd29c relative=0x000000000000105c
Event: 1265.765 Thread 0x00007f03c048cf60 Uncommon trap: reason=constraint action=none pc=0x00007f04131fd29c method=org.eclipse.jdt.internal.core.index.DiskIndex.copyQueryResults(Lorg/eclipse/jdt/internal/compiler/util/HashtableOfObject;I)V @ 123 jvmci
Event: 1268.173 Thread 0x00007f03c048cf60 DEOPT PACKING pc=0x00007f04131fd29c sp=0x00007f03d1ffe550
Event: 1268.173 Thread 0x00007f03c048cf60 DEOPT UNPACKING pc=0x00007f040b505325 sp=0x00007f03d1ffda28 mode 3
Event: 1274.545 Thread 0x00007f03ac167760 Uncommon trap: trap_request=0xffffff8f fr.pc=0x00007f0413223dea relative=0x000000000000090a
Event: 1274.545 Thread 0x00007f03ac167760 Uncommon trap: reason=constraint action=none pc=0x00007f0413223dea method=java.util.Arrays.hashCode([C)I @ 42 jvmci
Event: 1277.070 Thread 0x00007f03ac167760 DEOPT PACKING pc=0x00007f0413223dea sp=0x00007f03d19fdba0
Event: 1277.070 Thread 0x00007f03ac167760 DEOPT UNPACKING pc=0x00007f040b505325 sp=0x00007f03d19fce30 mode 1

Classes unloaded (20 events):
Event: 169.268 Thread 0x00007f04240a1c10 Unloading class 0x0000000800d04c00 'java/lang/invoke/LambdaForm$MH+0x0000000800d04c00'
Event: 169.268 Thread 0x00007f04240a1c10 Unloading class 0x0000000800d04800 'java/lang/invoke/LambdaForm$MH+0x0000000800d04800'
Event: 174.958 Thread 0x00007f04240a1c10 Unloading class 0x00000008011a1000 'jdk/internal/reflect/GeneratedConstructorAccessor35'
Event: 174.958 Thread 0x00007f04240a1c10 Unloading class 0x00000008011a0800 'jdk/internal/reflect/GeneratedConstructorAccessor34'
Event: 174.958 Thread 0x00007f04240a1c10 Unloading class 0x0000000801089400 'jdk/internal/reflect/GeneratedSerializationConstructorAccessor4'
Event: 174.958 Thread 0x00007f04240a1c10 Unloading class 0x0000000801089000 'jdk/internal/reflect/GeneratedSerializationConstructorAccessor3'
Event: 174.958 Thread 0x00007f04240a1c10 Unloading class 0x0000000801088c00 'jdk/internal/reflect/GeneratedSerializationConstructorAccessor2'
Event: 174.958 Thread 0x00007f04240a1c10 Unloading class 0x0000000801088800 'jdk/internal/reflect/GeneratedSerializationConstructorAccessor1'
Event: 174.958 Thread 0x00007f04240a1c10 Unloading class 0x0000000801065400 'java/lang/invoke/LambdaForm$MH+0x0000000801065400'
Event: 174.958 Thread 0x00007f04240a1c10 Unloading class 0x0000000801065000 'java/lang/invoke/LambdaForm$MH+0x0000000801065000'
Event: 174.958 Thread 0x00007f04240a1c10 Unloading class 0x0000000801064c00 'java/lang/invoke/LambdaForm$MH+0x0000000801064c00'
Event: 174.958 Thread 0x00007f04240a1c10 Unloading class 0x0000000801064800 'java/lang/invoke/LambdaForm$MH+0x0000000801064800'
Event: 174.958 Thread 0x00007f04240a1c10 Unloading class 0x0000000801064400 'java/lang/invoke/LambdaForm$MH+0x0000000801064400'
Event: 174.958 Thread 0x00007f04240a1c10 Unloading class 0x0000000801064000 'java/lang/invoke/LambdaForm$MH+0x0000000801064000'
Event: 174.958 Thread 0x00007f04240a1c10 Unloading class 0x0000000800f08000 'jdk/internal/reflect/GeneratedConstructorAccessor14'
Event: 174.958 Thread 0x00007f04240a1c10 Unloading class 0x0000000800f04800 'jdk/internal/reflect/GeneratedConstructorAccessor12'
Event: 174.958 Thread 0x00007f04240a1c10 Unloading class 0x0000000800f04400 'jdk/internal/reflect/GeneratedConstructorAccessor11'
Event: 174.958 Thread 0x00007f04240a1c10 Unloading class 0x0000000800f04000 'jdk/internal/reflect/GeneratedConstructorAccessor10'
Event: 174.958 Thread 0x00007f04240a1c10 Unloading class 0x0000000800d98400 'java/lang/invoke/LambdaForm$MH+0x0000000800d98400'
Event: 174.958 Thread 0x00007f04240a1c10 Unloading class 0x0000000800d04000 'java/lang/invoke/LambdaForm$MH+0x0000000800d04000'

Classes redefined (0 events):
No events

Internal exceptions (20 events):
Event: 54.035 Thread 0x00007f03a8002e10 Implicit null exception at 0x00007f04130d113f to 0x00007f04130d1283
Event: 57.339 Thread 0x00007f03c030cf00 Exception <a 'java/lang/NoSuchMethodError'{0x00000000f561a8f0}: 'java.lang.Object java.lang.invoke.DirectMethodHandle$Holder.invokeStatic(java.lang.Object, java.lang.Object, java.lang.Object, long)'> (0x00000000f561a8f0) 
thrown [src/hotspot/share/interpreter/linkResolver.cpp, line 758]
Event: 57.340 Thread 0x00007f03c030cf00 Exception <a 'java/lang/NoSuchMethodError'{0x00000000f5687030}: 'java.lang.Object java.lang.invoke.DirectMethodHandle$Holder.newInvokeSpecial(java.lang.Object, java.lang.Object, java.lang.Object, long)'> (0x00000000f5687030) 
thrown [src/hotspot/share/interpreter/linkResolver.cpp, line 758]
Event: 57.341 Thread 0x00007f03c030cf00 Exception <a 'java/lang/NoSuchMethodError'{0x00000000f56a2fe8}: 'java.lang.Object java.lang.invoke.DirectMethodHandle$Holder.invokeSpecial(java.lang.Object, java.lang.Object, java.lang.Object, java.lang.Object, long)'> (0x00000000f56a2fe8) 
thrown [src/hotspot/share/interpreter/linkResolver.cpp, line 758]
Event: 57.341 Thread 0x00007f03c030cf00 Exception <a 'java/lang/NoSuchMethodError'{0x00000000f56bdb20}: 'java.lang.Object java.lang.invoke.Invokers$Holder.linkToTargetMethod(java.lang.Object, java.lang.Object, long, java.lang.Object)'> (0x00000000f56bdb20) 
thrown [src/hotspot/share/interpreter/linkResolver.cpp, line 758]
Event: 1229.432 Thread 0x00007f03ac1687c0 Exception <a 'java/lang/OutOfMemoryError'{0x00000000e0004128}> (0x00000000e0004128) 
thrown [src/hotspot/share/gc/shared/memAllocator.cpp, line 136]
Event: 1241.930 Thread 0x00007f03c048cf60 Exception <a 'java/lang/OutOfMemoryError'{0x00000000e00046c8}> (0x00000000e00046c8) 
thrown [src/hotspot/share/gc/shared/memAllocator.cpp, line 138]
Event: 1241.930 Thread 0x00007f03c048cf60 Implicit null exception at 0x00007f04131fe16d to 0x00007f04131fe1f9
Event: 1255.055 Thread 0x00007f03a8000ff0 Exception <a 'java/lang/OutOfMemoryError'{0x00000000e00043f8}> (0x00000000e00043f8) 
thrown [src/hotspot/share/gc/shared/memAllocator.cpp, line 138]
Event: 1255.055 Thread 0x00007f03a8000ff0 Implicit null exception at 0x00007f0412f9294d to 0x00007f0412f92a15
Event: 1260.367 Thread 0x00007f03a8000ff0 Exception <a 'java/lang/OutOfMemoryError'{0x00000000e0004718}> (0x00000000e0004718) 
thrown [src/hotspot/share/gc/shared/memAllocator.cpp, line 136]
Event: 1260.367 Thread 0x00007f03a8000ff0 Exception <a 'java/lang/OutOfMemoryError'{0x00000000e0004478}> (0x00000000e0004478) 
thrown [src/hotspot/share/runtime/deoptimization.cpp, line 1108]
Event: 1265.765 Thread 0x00007f03c048cf60 Exception <a 'java/lang/OutOfMemoryError'{0x00000000e00043f8}> (0x00000000e00043f8) 
thrown [src/hotspot/share/gc/shared/memAllocator.cpp, line 138]
Event: 1265.765 Thread 0x00007f03c048cf60 Implicit null exception at 0x00007f04131fccf3 to 0x00007f04131fd281
Event: 1268.173 Thread 0x00007f042431b530 Exception <a 'java/lang/OutOfMemoryError'{0x00000000e0004718}> (0x00000000e0004718) 
thrown [src/hotspot/share/gc/shared/memAllocator.cpp, line 136]
Event: 1274.545 Thread 0x00007f03ac167760 Exception <a 'java/lang/OutOfMemoryError'{0x00000000e00043f8}> (0x00000000e00043f8) 
thrown [src/hotspot/share/gc/shared/memAllocator.cpp, line 138]
Event: 1274.545 Thread 0x00007f03ac167760 Implicit null exception at 0x00007f0413223a8f to 0x00007f0413223dcf
Event: 1277.070 Thread 0x00007f03ac167760 Exception <a 'java/lang/OutOfMemoryError'{0x00000000e0004718}> (0x00000000e0004718) 
thrown [src/hotspot/share/gc/shared/memAllocator.cpp, line 136]
Event: 1277.070 Thread 0x00007f03ac167760 Exception <a 'java/lang/OutOfMemoryError'{0x00000000e0004478}> (0x00000000e0004478) 
thrown [src/hotspot/share/runtime/deoptimization.cpp, line 1108]
Event: 1287.466 Thread 0x00007f04240b21e0 Exception <a 'java/lang/OutOfMemoryError'{0x00000000e0004718}> (0x00000000e0004718) 
thrown [src/hotspot/share/gc/shared/memAllocator.cpp, line 136]

VM Operations (20 events):
Event: 1260.367 Executing VM operation: ParallelGCFailedAllocation
Event: 1261.799 Executing VM operation: ParallelGCFailedAllocation done
Event: 1261.800 Executing VM operation: ParallelGCFailedAllocation
Event: 1263.170 Executing VM operation: ParallelGCFailedAllocation done
Event: 1263.173 Executing VM operation: ParallelGCFailedAllocation
Event: 1265.765 Executing VM operation: ParallelGCFailedAllocation done
Event: 1265.765 Executing VM operation: ParallelGCFailedAllocation
Event: 1268.173 Executing VM operation: ParallelGCFailedAllocation done
Event: 1268.173 Executing VM operation: ParallelGCFailedAllocation
Event: 1270.048 Executing VM operation: ParallelGCFailedAllocation done
Event: 1270.127 Executing VM operation: ParallelGCFailedAllocation
Event: 1274.545 Executing VM operation: ParallelGCFailedAllocation done
Event: 1274.545 Executing VM operation: ParallelGCFailedAllocation
Event: 1277.070 Executing VM operation: ParallelGCFailedAllocation done
Event: 1277.070 Executing VM operation: ParallelGCFailedAllocation
Event: 1279.845 Executing VM operation: ParallelGCFailedAllocation done
Event: 1279.845 Executing VM operation: ParallelGCFailedAllocation
Event: 1283.341 Executing VM operation: ParallelGCFailedAllocation done
Event: 1283.341 Executing VM operation: ParallelGCFailedAllocation
Event: 1287.466 Executing VM operation: ParallelGCFailedAllocation done

Events (20 events):
Event: 405.148 Protecting memory [0x00007f03d1900000,0x00007f03d1904000] with protection modes 0
Event: 496.238 Thread 0x00007f03a8002e10 Thread added: 0x00007f03a8002e10
Event: 496.238 Protecting memory [0x00007f03d0100000,0x00007f03d0104000] with protection modes 0
Event: 506.535 Thread 0x00007f03ac1780b0 Thread added: 0x00007f03ac1780b0
Event: 506.535 Protecting memory [0x00007f03d1500000,0x00007f03d1504000] with protection modes 0
Event: 578.670 Thread 0x00007f03ac1687c0 Thread added: 0x00007f03ac1687c0
Event: 578.670 Protecting memory [0x00007f03d0500000,0x00007f03d0504000] with protection modes 0
Event: 629.478 Thread 0x00007f03ac1775e0 Thread added: 0x00007f03ac1775e0
Event: 629.478 Protecting memory [0x00007f03d1100000,0x00007f03d1104000] with protection modes 0
Event: 755.827 Thread 0x00007f03ac162cf0 Thread added: 0x00007f03ac162cf0
Event: 755.827 Protecting memory [0x00007f03d0f00000,0x00007f03d0f04000] with protection modes 0
Event: 914.830 Thread 0x00007f03ac163930 Thread added: 0x00007f03ac163930
Event: 914.830 Protecting memory [0x00007f03d0d00000,0x00007f03d0d04000] with protection modes 0
Event: 1051.491 Thread 0x00007f03ac16a9f0 Thread added: 0x00007f03ac16a9f0
Event: 1051.491 Protecting memory [0x00007f03d1600000,0x00007f03d1604000] with protection modes 0
Event: 1069.681 Thread 0x00007f03a40351f0 Thread added: 0x00007f03a40351f0
Event: 1069.682 Protecting memory [0x00007f03d0300000,0x00007f03d0304000] with protection modes 0
Event: 1098.239 Thread 0x00007f03a40351f0 Thread exited: 0x00007f03a40351f0
Event: 1158.333 Thread 0x00007f03ac179ce0 Thread added: 0x00007f03ac179ce0
Event: 1158.333 Protecting memory [0x00007f03d0300000,0x00007f03d0304000] with protection modes 0


Dynamic libraries:
e0000000-f5580000 rw-p 00000000 00:00 0 
f5580000-f7b00000 rw-p 00000000 00:00 0 
f7b00000-100000000 ---p 00000000 00:00 0 
800000000-800449000 rw-p 00001000 00:14c6 4611686019135357769            /nix/store/gpxl5qgg8kicmcvivwmybwjlpf7wh20l-graalvm17-ce-22.3.0/lib/server/classes.jsa
800449000-800bc8000 r--p 0044a000 00:14c6 4611686019135357769            /nix/store/gpxl5qgg8kicmcvivwmybwjlpf7wh20l-graalvm17-ce-22.3.0/lib/server/classes.jsa
800bc8000-800c00000 ---p 00000000 00:00 0 
800c00000-800c20000 rw-p 00000000 00:00 0 
800c20000-800c40000 rw-p 00000000 00:00 0 
800c40000-800cc0000 rw-p 00000000 00:00 0 
800cc0000-800d00000 rw-p 00000000 00:00 0 
800d00000-800dc0000 rw-p 00000000 00:00 0 
800dc0000-800e00000 rw-p 00000000 00:00 0 
800e00000-800f40000 rw-p 00000000 00:00 0 
800f40000-800fc0000 rw-p 00000000 00:00 0 
800fc0000-801000000 rw-p 00000000 00:00 0 
801000000-8011b0000 rw-p 00000000 00:00 0 
8011b0000-840c00000 ---p 00000000 00:00 0 
55e90f92e000-55e90f92f000 r-xp 00000000 00:14c6 4611686019099417844      /nix/store/gpxl5qgg8kicmcvivwmybwjlpf7wh20l-graalvm17-ce-22.3.0/bin/.java-wrapped
55e90f930000-55e90f931000 r--p 00001000 00:14c6 4611686019099417844      /nix/store/gpxl5qgg8kicmcvivwmybwjlpf7wh20l-graalvm17-ce-22.3.0/bin/.java-wrapped
55e90f931000-55e90f932000 rw-p 00002000 00:14c6 4611686019099417844      /nix/store/gpxl5qgg8kicmcvivwmybwjlpf7wh20l-graalvm17-ce-22.3.0/bin/.java-wrapped
55e90f932000-55e90f933000 rw-p 00004000 00:14c6 4611686019099417844      /nix/store/gpxl5qgg8kicmcvivwmybwjlpf7wh20l-graalvm17-ce-22.3.0/bin/.java-wrapped
55e90f933000-55e90f934000 rw-p 00005000 00:14c6 4611686019099417844      /nix/store/gpxl5qgg8kicmcvivwmybwjlpf7wh20l-graalvm17-ce-22.3.0/bin/.java-wrapped
55e90fcc3000-55e90fd0b000 rw-p 00000000 00:00 0                          [heap]
7f034c000000-7f034c05f000 rw-p 00000000 00:00 0 
7f034c05f000-7f0350000000 ---p 00000000 00:00 0 
7f0350000000-7f035004e000 rw-p 00000000 00:00 0 
7f035004e000-7f0354000000 ---p 00000000 00:00 0 
7f0354000000-7f0354039000 rw-p 00000000 00:00 0 
7f0354039000-7f0358000000 ---p 00000000 00:00 0 
7f0358000000-7f035803f000 rw-p 00000000 00:00 0 
7f035803f000-7f035c000000 ---p 00000000 00:00 0 
7f035c000000-7f035c058000 rw-p 00000000 00:00 0 
7f035c058000-7f0360000000 ---p 00000000 00:00 0 
7f0360000000-7f0360021000 rw-p 00000000 00:00 0 
7f0360021000-7f0364000000 ---p 00000000 00:00 0 
7f0364000000-7f0364048000 rw-p 00000000 00:00 0 
7f0364048000-7f0368000000 ---p 00000000 00:00 0 
7f0368000000-7f0368082000 rw-p 00000000 00:00 0 
7f0368082000-7f036c000000 ---p 00000000 00:00 0 
7f036c000000-7f036c040000 rw-p 00000000 00:00 0 
7f036c040000-7f0370000000 ---p 00000000 00:00 0 
7f0370000000-7f0370021000 rw-p 00000000 00:00 0 
7f0370021000-7f0374000000 ---p 00000000 00:00 0 
7f0374000000-7f0374021000 rw-p 00000000 00:00 0 
7f0374021000-7f0378000000 ---p 00000000 00:00 0 
7f0378200000-7f0378300000 ---p 00000000 00:00 0 
7f0378300000-7f03788af000 r--p 01122000 00:14c6 4611686019135190040      /nix/store/gpxl5qgg8kicmcvivwmybwjlpf7wh20l-graalvm17-ce-22.3.0/lib/libjvmcicompiler.so
7f03788af000-7f0378a00000 r--p 00000000 00:00 0 
7f0378a00000-7f0378a3d000 rw-p 00000000 00:00 0 
7f0378a3d000-7f0378f5d000 rw-p 0185f000 00:14c6 4611686019135190040      /nix/store/gpxl5qgg8kicmcvivwmybwjlpf7wh20l-graalvm17-ce-22.3.0/lib/libjvmcicompiler.so
7f0378f5d000-7f0379344000 r--p 01d7f000 00:14c6 4611686019135190040      /nix/store/gpxl5qgg8kicmcvivwmybwjlpf7wh20l-graalvm17-ce-22.3.0/lib/libjvmcicompiler.so
7f0379400000-7f03795c0000 rw-p 00000000 00:00 0 
7f03795c0000-7f0379c00000 ---p 00000000 00:00 0 
7f037a4b3000-7f0384000000 r--s 00000000 00:14c6 4611686019135192581      /nix/store/gpxl5qgg8kicmcvivwmybwjlpf7wh20l-graalvm17-ce-22.3.0/lib/modules
7f0384000000-7f0384021000 rw-p 00000000 00:00 0 
7f0384021000-7f0388000000 ---p 00000000 00:00 0 
7f0388000000-7f038803d000 rw-p 00000000 00:00 0 
7f038803d000-7f038c000000 ---p 00000000 00:00 0 
7f038c000000-7f038c0a5000 rw-p 00000000 00:00 0 
7f038c0a5000-7f0390000000 ---p 00000000 00:00 0 
7f0390000000-7f03900e9000 rw-p 00000000 00:00 0 
7f03900e9000-7f0394000000 ---p 00000000 00:00 0 
7f0394000000-7f0394021000 rw-p 00000000 00:00 0 
7f0394021000-7f0398000000 ---p 00000000 00:00 0 
7f0398000000-7f0398021000 rw-p 00000000 00:00 0 
7f0398021000-7f039c000000 ---p 00000000 00:00 0 
7f039c000000-7f039c316000 rw-p 00000000 00:00 0 
7f039c316000-7f03a0000000 ---p 00000000 00:00 0 
7f03a0000000-7f03a0059000 rw-p 00000000 00:00 0 
7f03a0059000-7f03a4000000 ---p 00000000 00:00 0 
7f03a4000000-7f03a403a000 rw-p 00000000 00:00 0 
7f03a403a000-7f03a8000000 ---p 00000000 00:00 0 
7f03a8000000-7f03a8124000 rw-p 00000000 00:00 0 
7f03a8124000-7f03ac000000 ---p 00000000 00:00 0 
7f03ac000000-7f03ac17f000 rw-p 00000000 00:00 0 
7f03ac17f000-7f03b0000000 ---p 00000000 00:00 0 
7f03b0000000-7f03b0021000 rw-p 00000000 00:00 0 
7f03b0021000-7f03b4000000 ---p 00000000 00:00 0 
7f03b4000000-7f03b4026000 rw-p 00000000 00:00 0 
7f03b4026000-7f03b8000000 ---p 00000000 00:00 0 
7f03b8000000-7f03b8021000 rw-p 00000000 00:00 0 
7f03b8021000-7f03bc000000 ---p 00000000 00:00 0 
7f03bc000000-7f03bc021000 rw-p 00000000 00:00 0 
7f03bc021000-7f03c0000000 ---p 00000000 00:00 0 
7f03c0000000-7f03c08f3000 rw-p 00000000 00:00 0 
7f03c08f3000-7f03c4000000 ---p 00000000 00:00 0 
7f03c4000000-7f03c4026000 rw-p 00000000 00:00 0 
7f03c4026000-7f03c8000000 ---p 00000000 00:00 0 
7f03c8000000-7f03c8021000 rw-p 00000000 00:00 0 
7f03c8021000-7f03cc000000 ---p 00000000 00:00 0 
7f03cc000000-7f03cc180000 rw-p 00000000 00:00 0 
7f03cc180000-7f03cc1f0000 rw-p 00000000 00:00 0 
7f03cc1f0000-7f03cc200000 ---p 00000000 00:00 0 
7f03cc200000-7f03cc800000 rw-p 00000000 00:00 0 
7f03cc800000-7f03ccdc0000 rw-p 00000000 00:00 0 
7f03ccdc0000-7f03cce00000 rw-p 00000000 00:00 0 
7f03cce00000-7f03cd000000 rw-p 00000000 00:00 0 
7f03cd000000-7f03cd100000 rw-p 00000000 00:00 0 
7f03cd100000-7f03cd1c0000 rw-p 00000000 00:00 0 
7f03cd1c0000-7f03cd300000 rw-p 00000000 00:00 0 
7f03cd300000-7f03cd400000 rw-p 00000000 00:00 0 
7f03cd400000-7f03cd500000 rw-p 00000000 00:00 0 
7f03cd500000-7f03cd600000 rw-p 00000000 00:00 0 
7f03cd600000-7f03cd700000 rw-p 00000000 00:00 0 
7f03cd700000-7f03cd800000 rw-p 00000000 00:00 0 
7f03cd800000-7f03cd900000 rw-p 00000000 00:00 0 
7f03cd900000-7f03cda00000 rw-p 00000000 00:00 0 
7f03cda00000-7f03ce000000 rw-p 00000000 00:00 0 
7f03ce000000-7f03ce100000 rw-p 00000000 00:00 0 
7f03ce100000-7f03ce200000 rw-p 00000000 00:00 0 
7f03ce200000-7f03ce500000 rw-p 00000000 00:00 0 
7f03ce500000-7f03ce600000 rw-p 00000000 00:00 0 
7f03ce600000-7f03ce800000 rw-p 00000000 00:00 0 
7f03cf600000-7f03cf610000 r-xp 00000000 00:14c0 353                      /home/runner/.cache/jdt-language-server/config/org.eclipse.equinox.launcher/org.eclipse.equinox.launcher.gtk.linux.x86_64_1.2.400.v20211117-0650/eclipse_11600.so
7f03cf610000-7f03cf80f000 ---p 00010000 00:14c0 353                      /home/runner/.cache/jdt-language-server/config/org.eclipse.equinox.launcher/org.eclipse.equinox.launcher.gtk.linux.x86_64_1.2.400.v20211117-0650/eclipse_11600.so
7f03cf80f000-7f03cf810000 r--p 0000f000 00:14c0 353                      /home/runner/.cache/jdt-language-server/config/org.eclipse.equinox.launcher/org.eclipse.equinox.launcher.gtk.linux.x86_64_1.2.400.v20211117-0650/eclipse_11600.so
7f03cf810000-7f03cf811000 rw-p 00010000 00:14c0 353                      /home/runner/.cache/jdt-language-server/config/org.eclipse.equinox.launcher/org.eclipse.equinox.launcher.gtk.linux.x86_64_1.2.400.v20211117-0650/eclipse_11600.so
7f03d0100000-7f03d0104000 ---p 00000000 00:00 0 
7f03d0104000-7f03d0200000 rw-p 00000000 00:00 0 
7f03d0300000-7f03d0304000 ---p 00000000 00:00 0 
7f03d0304000-7f03d0400000 rw-p 00000000 00:00 0 
7f03d0500000-7f03d0504000 ---p 00000000 00:00 0 
7f03d0504000-7f03d0600000 rw-p 00000000 00:00 0 
7f03d0700000-7f03d0704000 ---p 00000000 00:00 0 
7f03d0704000-7f03d0800000 rw-p 00000000 00:00 0 
7f03d0900000-7f03d0904000 ---p 00000000 00:00 0 
7f03d0904000-7f03d0a00000 rw-p 00000000 00:00 0 
7f03d0b00000-7f03d0b04000 ---p 00000000 00:00 0 
7f03d0b04000-7f03d0c00000 rw-p 00000000 00:00 0 
7f03d0d00000-7f03d0d04000 ---p 00000000 00:00 0 
7f03d0d04000-7f03d0e00000 rw-p 00000000 00:00 0 
7f03d0f00000-7f03d0f04000 ---p 00000000 00:00 0 
7f03d0f04000-7f03d1000000 rw-p 00000000 00:00 0 
7f03d1100000-7f03d1104000 ---p 00000000 00:00 0 
7f03d1104000-7f03d1200000 rw-p 00000000 00:00 0 
7f03d1300000-7f03d1304000 ---p 00000000 00:00 0 
7f03d1304000-7f03d1400000 rw-p 00000000 00:00 0 
7f03d1500000-7f03d1504000 ---p 00000000 00:00 0 
7f03d1504000-7f03d1600000 rw-p 00000000 00:00 0 
7f03d1600000-7f03d1604000 ---p 00000000 00:00 0 
7f03d1604000-7f03d1700000 rw-p 00000000 00:00 0 
7f03d1700000-7f03d1704000 ---p 00000000 00:00 0 
7f03d1704000-7f03d1800000 rw-p 00000000 00:00 0 
7f03d1900000-7f03d1904000 ---p 00000000 00:00 0 
7f03d1904000-7f03d1a00000 rw-p 00000000 00:00 0 
7f03d1b00000-7f03d1b04000 ---p 00000000 00:00 0 
7f03d1b04000-7f03d1c00000 rw-p 00000000 00:00 0 
7f03d1d00000-7f03d1d04000 ---p 00000000 00:00 0 
7f03d1d04000-7f03d1e00000 rw-p 00000000 00:00 0 
7f03d1f00000-7f03d1f04000 ---p 00000000 00:00 0 
7f03d1f04000-7f03d2000000 rw-p 00000000 00:00 0 
7f03d2100000-7f03d2104000 ---p 00000000 00:00 0 
7f03d2104000-7f03d2200000 rw-p 00000000 00:00 0 
7f03d2200000-7f03d2204000 ---p 00000000 00:00 0 
7f03d2204000-7f03d2300000 rw-p 00000000 00:00 0 
7f03d2300000-7f03d2304000 ---p 00000000 00:00 0 
7f03d2304000-7f03d2400000 rw-p 00000000 00:00 0 
7f03d2500000-7f03d2504000 ---p 00000000 00:00 0 
7f03d2504000-7f03d2600000 rw-p 00000000 00:00 0 
7f03d2700000-7f03d2704000 ---p 00000000 00:00 0 
7f03d2704000-7f03d2800000 rw-p 00000000 00:00 0 
7f03d2900000-7f03d2904000 ---p 00000000 00:00 0 
7f03d2904000-7f03d2a00000 rw-p 00000000 00:00 0 
7f03d2b00000-7f03d2b04000 ---p 00000000 00:00 0 
7f03d2b04000-7f03d2c00000 rw-p 00000000 00:00 0 
7f03d2d00000-7f03d2d04000 ---p 00000000 00:00 0 
7f03d2d04000-7f03d2e00000 rw-p 00000000 00:00 0 
7f03d3a68000-7f03d3f00000 rw-p 00000000 00:00 0 
7f03d4000000-7f03d4021000 rw-p 00000000 00:00 0 
7f03d4021000-7f03d8000000 ---p 00000000 00:00 0 
7f03d8000000-7f03d8021000 rw-p 00000000 00:00 0 
7f03d8021000-7f03dc000000 ---p 00000000 00:00 0 
7f03dc000000-7f03dc021000 rw-p 00000000 00:00 0 
7f03dc021000-7f03e0000000 ---p 00000000 00:00 0 
7f03e0000000-7f03e0021000 rw-p 00000000 00:00 0 
7f03e0021000-7f03e4000000 ---p 00000000 00:00 0 
7f03e4000000-7f03e40e4000 rw-p 00000000 00:00 0 
7f03e40e4000-7f03e8000000 ---p 00000000 00:00 0 
7f03e8000000-7f03e8b73000 rw-p 00000000 00:00 0 
7f03e8b73000-7f03ec000000 ---p 00000000 00:00 0 
7f03ec000000-7f03ec021000 rw-p 00000000 00:00 0 
7f03ec021000-7f03f0000000 ---p 00000000 00:00 0 
7f03f0000000-7f03f0021000 rw-p 00000000 00:00 0 
7f03f0021000-7f03f4000000 ---p 00000000 00:00 0 
7f03f4000000-7f03f4021000 rw-p 00000000 00:00 0 
7f03f4021000-7f03f8000000 ---p 00000000 00:00 0 
7f03f8000000-7f03f8021000 rw-p 00000000 00:00 0 
7f03f8021000-7f03fc000000 ---p 00000000 00:00 0 
7f03fc000000-7f03fc036000 rw-p 00000000 00:00 0 
7f03fc036000-7f0400000000 ---p 00000000 00:00 0 
7f0400000000-7f0400021000 rw-p 00000000 00:00 0 
7f0400021000-7f0404000000 ---p 00000000 00:00 0 
7f0404000000-7f040411d000 rw-p 00000000 00:00 0 
7f040411d000-7f0408000000 ---p 00000000 00:00 0 
7f0408100000-7f0408104000 ---p 00000000 00:00 0 
7f0408104000-7f0408200000 rw-p 00000000 00:00 0 
7f0408300000-7f0408304000 ---p 00000000 00:00 0 
7f0408304000-7f0408400000 rw-p 00000000 00:00 0 
7f0408400000-7f040a56a000 r-xp 00000000 00:14c6 4611686019135190040      /nix/store/gpxl5qgg8kicmcvivwmybwjlpf7wh20l-graalvm17-ce-22.3.0/lib/libjvmcicompiler.so
7f040a56a000-7f040a769000 ---p 0216a000 00:14c6 4611686019135190040      /nix/store/gpxl5qgg8kicmcvivwmybwjlpf7wh20l-graalvm17-ce-22.3.0/lib/libjvmcicompiler.so
7f040a769000-7f040a76a000 r--p 02169000 00:14c6 4611686019135190040      /nix/store/gpxl5qgg8kicmcvivwmybwjlpf7wh20l-graalvm17-ce-22.3.0/lib/libjvmcicompiler.so
7f040a76a000-7f040a76c000 rw-p 0216a000 00:14c6 4611686019135190040      /nix/store/gpxl5qgg8kicmcvivwmybwjlpf7wh20l-graalvm17-ce-22.3.0/lib/libjvmcicompiler.so
7f040a76c000-7f040a76d000 rw-p 00000000 00:00 0 
7f040a76d000-7f040a772000 rw-p 023c3000 00:14c6 4611686019135190040      /nix/store/gpxl5qgg8kicmcvivwmybwjlpf7wh20l-graalvm17-ce-22.3.0/lib/libjvmcicompiler.so
7f040a7cb000-7f040a7cf000 ---p 00000000 00:00 0 
7f040a7cf000-7f040a8cb000 rw-p 00000000 00:00 0 
7f040a8cb000-7f040a8cc000 ---p 00000000 00:00 0 
7f040a8cc000-7f040a9cd000 rw-p 00000000 00:00 0 
7f040a9cd000-7f040a9d1000 ---p 00000000 00:00 0 
7f040a9d1000-7f040aacd000 rw-p 00000000 00:00 0 
7f040aacd000-7f040aad1000 ---p 00000000 00:00 0 
7f040aad1000-7f040abcd000 rw-p 00000000 00:00 0 
7f040abcd000-7f040abd1000 ---p 00000000 00:00 0 
7f040abd1000-7f040accd000 rw-p 00000000 00:00 0 
7f040accd000-7f040acd1000 ---p 00000000 00:00 0 
7f040acd1000-7f040aecd000 rw-p 00000000 00:00 0 
7f040aecd000-7f040aed1000 ---p 00000000 00:00 0 
7f040aed1000-7f040b0cd000 rw-p 00000000 00:00 0 
7f040b0cd000-7f040b0d1000 ---p 00000000 00:00 0 
7f040b0d1000-7f040b1cd000 rw-p 00000000 00:00 0 
7f040b1cd000-7f040b4b3000 r--p 00000000 00:14ab 28444448                 /usr/lib/locale/locale-archive
7f040b4b3000-7f040b723000 rwxp 00000000 00:00 0 
7f040b723000-7f040ba42000 ---p 00000000 00:00 0 
7f040ba42000-7f040ca82000 rwxp 00000000 00:00 0 
7f040ca82000-7f0412f7a000 ---p 00000000 00:00 0 
7f0412f7a000-7f041323a000 rwxp 00000000 00:00 0 
7f041323a000-7f041a4b3000 ---p 00000000 00:00 0 
7f041a4b3000-7f0424000000 r--s 00000000 00:14c6 4611686019135192581      /nix/store/gpxl5qgg8kicmcvivwmybwjlpf7wh20l-graalvm17-ce-22.3.0/lib/modules
7f0424000000-7f042460e000 rw-p 00000000 00:00 0 
7f042460e000-7f0428000000 ---p 00000000 00:00 0 
7f0428000000-7f0428004000 ---p 00000000 00:00 0 
7f0428004000-7f0428100000 rw-p 00000000 00:00 0 
7f0428100000-7f0428104000 ---p 00000000 00:00 0 
7f0428104000-7f0428200000 rw-p 00000000 00:00 0 
7f0428200000-7f0428204000 ---p 00000000 00:00 0 
7f0428204000-7f0428300000 rw-p 00000000 00:00 0 
7f0428300000-7f0428304000 ---p 00000000 00:00 0 
7f0428304000-7f0428800000 rw-p 00000000 00:00 0 
7f0428800000-7f0428b00000 rw-p 00000000 00:00 0 
7f0428b00000-7f0428c00000 rw-p 00000000 00:00 0 
7f0428c01000-7f0428c03000 r-xp 00000000 00:14c6 4611686019135190017      /nix/store/gpxl5qgg8kicmcvivwmybwjlpf7wh20l-graalvm17-ce-22.3.0/lib/libextnet.so
7f0428c03000-7f0428c04000 r--p 00001000 00:14c6 4611686019135190017      /nix/store/gpxl5qgg8kicmcvivwmybwjlpf7wh20l-graalvm17-ce-22.3.0/lib/libextnet.so
7f0428c04000-7f0428c05000 rw-p 00002000 00:14c6 4611686019135190017      /nix/store/gpxl5qgg8kicmcvivwmybwjlpf7wh20l-graalvm17-ce-22.3.0/lib/libextnet.so
7f0428c05000-7f0428c06000 rw-p 00004000 00:14c6 4611686019135190017      /nix/store/gpxl5qgg8kicmcvivwmybwjlpf7wh20l-graalvm17-ce-22.3.0/lib/libextnet.so
7f0428c06000-7f0428c0a000 ---p 00000000 00:00 0 
7f0428c0a000-7f0428c28000 rw-p 00000000 00:00 0 
7f0428c28000-7f0428c2f000 r-xp 00000000 00:14c6 4611686019135192580      /nix/store/gpxl5qgg8kicmcvivwmybwjlpf7wh20l-graalvm17-ce-22.3.0/lib/libzip.so
7f0428c2f000-7f0428c30000 ---p 00007000 00:14c6 4611686019135192580      /nix/store/gpxl5qgg8kicmcvivwmybwjlpf7wh20l-graalvm17-ce-22.3.0/lib/libzip.so
7f0428c30000-7f0428c31000 r--p 00007000 00:14c6 4611686019135192580      /nix/store/gpxl5qgg8kicmcvivwmybwjlpf7wh20l-graalvm17-ce-22.3.0/lib/libzip.so
7f0428c31000-7f0428c32000 rw-p 00008000 00:14c6 4611686019135192580      /nix/store/gpxl5qgg8kicmcvivwmybwjlpf7wh20l-graalvm17-ce-22.3.0/lib/libzip.so
7f0428c32000-7f0428c34000 rw-p 0000b000 00:14c6 4611686019135192580      /nix/store/gpxl5qgg8kicmcvivwmybwjlpf7wh20l-graalvm17-ce-22.3.0/lib/libzip.so
7f0428c34000-7f0428c49000 r-xp 00000000 00:14c6 4611686019135192570      /nix/store/gpxl5qgg8kicmcvivwmybwjlpf7wh20l-graalvm17-ce-22.3.0/lib/libnet.so
7f0428c49000-7f0428c4a000 ---p 00015000 00:14c6 4611686019135192570      /nix/store/gpxl5qgg8kicmcvivwmybwjlpf7wh20l-graalvm17-ce-22.3.0/lib/libnet.so
7f0428c4a000-7f0428c4b000 r--p 00015000 00:14c6 4611686019135192570      /nix/store/gpxl5qgg8kicmcvivwmybwjlpf7wh20l-graalvm17-ce-22.3.0/lib/libnet.so
7f0428c4b000-7f0428c4c000 rw-p 00016000 00:14c6 4611686019135192570      /nix/store/gpxl5qgg8kicmcvivwmybwjlpf7wh20l-graalvm17-ce-22.3.0/lib/libnet.so
7f0428c4c000-7f0428c4f000 rw-p 0001b000 00:14c6 4611686019135192570      /nix/store/gpxl5qgg8kicmcvivwmybwjlpf7wh20l-graalvm17-ce-22.3.0/lib/libnet.so
7f0428c4f000-7f0428c62000 r-xp 00000000 00:14c6 4611686019135192571      /nix/store/gpxl5qgg8kicmcvivwmybwjlpf7wh20l-graalvm17-ce-22.3.0/lib/libnio.so
7f0428c62000-7f0428c63000 r--p 00012000 00:14c6 4611686019135192571      /nix/store/gpxl5qgg8kicmcvivwmybwjlpf7wh20l-graalvm17-ce-22.3.0/lib/libnio.so
7f0428c63000-7f0428c64000 rw-p 00013000 00:14c6 4611686019135192571      /nix/store/gpxl5qgg8kicmcvivwmybwjlpf7wh20l-graalvm17-ce-22.3.0/lib/libnio.so
7f0428c64000-7f0428c69000 rw-p 00019000 00:14c6 4611686019135192571      /nix/store/gpxl5qgg8kicmcvivwmybwjlpf7wh20l-graalvm17-ce-22.3.0/lib/libnio.so
7f0428c69000-7f0428c6a000 ---p 00000000 00:00 0 
7f0428c6a000-7f0428d6b000 rw-p 00000000 00:00 0 
7f0428d6b000-7f0428e39000 r-xp 00000000 00:14c6 4611686019135190036      /nix/store/gpxl5qgg8kicmcvivwmybwjlpf7wh20l-graalvm17-ce-22.3.0/lib/libjsvml.so
7f0428e39000-7f0428e3a000 r--p 000cd000 00:14c6 4611686019135190036      /nix/store/gpxl5qgg8kicmcvivwmybwjlpf7wh20l-graalvm17-ce-22.3.0/lib/libjsvml.so
7f0428e3a000-7f0428e3b000 rw-p 000ce000 00:14c6 4611686019135190036      /nix/store/gpxl5qgg8kicmcvivwmybwjlpf7wh20l-graalvm17-ce-22.3.0/lib/libjsvml.so
7f0428e3b000-7f042a713000 rw-p 00000000 00:00 0 
7f042a713000-7f042a714000 ---p 00000000 00:00 0 
7f042a714000-7f042a8bf000 rw-p 00000000 00:00 0 
7f042a8bf000-7f042a8d3000 rw-p 00000000 00:00 0 
7f042a8d3000-7f042a915000 ---p 00000000 00:00 0 
7f042a915000-7f042a91c000 rw-p 00000000 00:00 0 
7f042a91c000-7f042aa01000 ---p 00000000 00:00 0 
7f042aa01000-7f042aa22000 rw-p 00000000 00:00 0 
7f042aa22000-7f042aaec000 ---p 00000000 00:00 0 
7f042aaec000-7f042aaf1000 rw-p 00000000 00:00 0 
7f042aaf1000-7f042aaf8000 ---p 00000000 00:00 0 
7f042aaf8000-7f042ab1c000 r-xp 00000000 00:14c6 4611686019135190028      /nix/store/gpxl5qgg8kicmcvivwmybwjlpf7wh20l-graalvm17-ce-22.3.0/lib/libjava.so
7f042ab1c000-7f042ab1d000 ---p 00024000 00:14c6 4611686019135190028      /nix/store/gpxl5qgg8kicmcvivwmybwjlpf7wh20l-graalvm17-ce-22.3.0/lib/libjava.so
7f042ab1d000-7f042ab1e000 r--p 00024000 00:14c6 4611686019135190028      /nix/store/gpxl5qgg8kicmcvivwmybwjlpf7wh20l-graalvm17-ce-22.3.0/lib/libjava.so
7f042ab1e000-7f042ab1f000 rw-p 00025000 00:14c6 4611686019135190028      /nix/store/gpxl5qgg8kicmcvivwmybwjlpf7wh20l-graalvm17-ce-22.3.0/lib/libjava.so
7f042ab1f000-7f042ab20000 rw-p 00000000 00:00 0 
7f042ab20000-7f042ab27000 rw-p 0002f000 00:14c6 4611686019135190028      /nix/store/gpxl5qgg8kicmcvivwmybwjlpf7wh20l-graalvm17-ce-22.3.0/lib/libjava.so
7f042ab27000-7f042ab2f000 rw-s 00000000 00:27b 350                       /tmp/hsperfdata_runner/30
7f042ab2f000-7f042ab30000 ---p 00000000 00:00 0 
7f042ab30000-7f042ab31000 r--p 00000000 00:00 0 
7f042ab31000-7f042ab32000 rwxp 00000000 00:00 0 
7f042ab32000-7f042ab4d000 r-xp 00000000 00:14c6 4611686019135190032      /nix/store/gpxl5qgg8kicmcvivwmybwjlpf7wh20l-graalvm17-ce-22.3.0/lib/libjimage.so
7f042ab4d000-7f042ab4e000 ---p 0001b000 00:14c6 4611686019135190032      /nix/store/gpxl5qgg8kicmcvivwmybwjlpf7wh20l-graalvm17-ce-22.3.0/lib/libjimage.so
7f042ab4e000-7f042ab50000 r--p 0001b000 00:14c6 4611686019135190032      /nix/store/gpxl5qgg8kicmcvivwmybwjlpf7wh20l-graalvm17-ce-22.3.0/lib/libjimage.so
7f042ab50000-7f042ab51000 rw-p 0001d000 00:14c6 4611686019135190032      /nix/store/gpxl5qgg8kicmcvivwmybwjlpf7wh20l-graalvm17-ce-22.3.0/lib/libjimage.so
7f042ab51000-7f042ab52000 rw-p 00024000 00:14c6 4611686019135190032      /nix/store/gpxl5qgg8kicmcvivwmybwjlpf7wh20l-graalvm17-ce-22.3.0/lib/libjimage.so
7f042ab52000-7f042ab56000 ---p 00000000 00:00 0 
7f042ab56000-7f042ac52000 rw-p 00000000 00:00 0 
7f042ac52000-7f042ac60000 r--p 00000000 00:14c6 4611686019027979927      /nix/store/4nlgxhb09sdr51nc9hdm8az5b08vzkgx-glibc-2.35-163/lib/libm.so.6
7f042ac60000-7f042acd3000 r-xp 0000e000 00:14c6 4611686019027979927      /nix/store/4nlgxhb09sdr51nc9hdm8az5b08vzkgx-glibc-2.35-163/lib/libm.so.6
7f042acd3000-7f042ad30000 r--p 00081000 00:14c6 4611686019027979927      /nix/store/4nlgxhb09sdr51nc9hdm8az5b08vzkgx-glibc-2.35-163/lib/libm.so.6
7f042ad30000-7f042ad31000 r--p 000dd000 00:14c6 4611686019027979927      /nix/store/4nlgxhb09sdr51nc9hdm8az5b08vzkgx-glibc-2.35-163/lib/libm.so.6
7f042ad31000-7f042ad32000 rw-p 000de000 00:14c6 4611686019027979927      /nix/store/4nlgxhb09sdr51nc9hdm8az5b08vzkgx-glibc-2.35-163/lib/libm.so.6
7f042ad32000-7f042ad33000 r--p 00000000 00:14c6 4611686019027979946      /nix/store/4nlgxhb09sdr51nc9hdm8az5b08vzkgx-glibc-2.35-163/lib/librt.so.1
7f042ad33000-7f042ad34000 r-xp 00001000 00:14c6 4611686019027979946      /nix/store/4nlgxhb09sdr51nc9hdm8az5b08vzkgx-glibc-2.35-163/lib/librt.so.1
7f042ad34000-7f042ad35000 r--p 00002000 00:14c6 4611686019027979946      /nix/store/4nlgxhb09sdr51nc9hdm8az5b08vzkgx-glibc-2.35-163/lib/librt.so.1
7f042ad35000-7f042ad36000 r--p 00002000 00:14c6 4611686019027979946      /nix/store/4nlgxhb09sdr51nc9hdm8az5b08vzkgx-glibc-2.35-163/lib/librt.so.1
7f042ad36000-7f042ad37000 rw-p 00003000 00:14c6 4611686019027979946      /nix/store/4nlgxhb09sdr51nc9hdm8az5b08vzkgx-glibc-2.35-163/lib/librt.so.1
7f042ad37000-7f042be4a000 r-xp 00000000 00:14c6 4611686019135360866      /nix/store/gpxl5qgg8kicmcvivwmybwjlpf7wh20l-graalvm17-ce-22.3.0/lib/server/libjvm.so
7f042be4a000-7f042be4b000 ---p 01113000 00:14c6 4611686019135360866      /nix/store/gpxl5qgg8kicmcvivwmybwjlpf7wh20l-graalvm17-ce-22.3.0/lib/server/libjvm.so
7f042be4b000-7f042bf00000 r--p 01113000 00:14c6 4611686019135360866      /nix/store/gpxl5qgg8kicmcvivwmybwjlpf7wh20l-graalvm17-ce-22.3.0/lib/server/libjvm.so
7f042bf00000-7f042bf34000 rw-p 011c8000 00:14c6 4611686019135360866      /nix/store/gpxl5qgg8kicmcvivwmybwjlpf7wh20l-graalvm17-ce-22.3.0/lib/server/libjvm.so
7f042bf34000-7f042bf90000 rw-p 00000000 00:00 0 
7f042bf90000-7f042bfb8000 r--p 00000000 00:14c6 4611686019027979918      /nix/store/4nlgxhb09sdr51nc9hdm8az5b08vzkgx-glibc-2.35-163/lib/libc.so.6
7f042bfb8000-7f042c12e000 r-xp 00028000 00:14c6 4611686019027979918      /nix/store/4nlgxhb09sdr51nc9hdm8az5b08vzkgx-glibc-2.35-163/lib/libc.so.6
7f042c12e000-7f042c186000 r--p 0019e000 00:14c6 4611686019027979918      /nix/store/4nlgxhb09sdr51nc9hdm8az5b08vzkgx-glibc-2.35-163/lib/libc.so.6
7f042c186000-7f042c18a000 r--p 001f6000 00:14c6 4611686019027979918      /nix/store/4nlgxhb09sdr51nc9hdm8az5b08vzkgx-glibc-2.35-163/lib/libc.so.6
7f042c18a000-7f042c18c000 rw-p 001fa000 00:14c6 4611686019027979918      /nix/store/4nlgxhb09sdr51nc9hdm8az5b08vzkgx-glibc-2.35-163/lib/libc.so.6
7f042c18c000-7f042c19b000 rw-p 00000000 00:00 0 
7f042c19b000-7f042c19c000 r--p 00000000 00:14c6 4611686019027979923      /nix/store/4nlgxhb09sdr51nc9hdm8az5b08vzkgx-glibc-2.35-163/lib/libdl.so.2
7f042c19c000-7f042c19d000 r-xp 00001000 00:14c6 4611686019027979923      /nix/store/4nlgxhb09sdr51nc9hdm8az5b08vzkgx-glibc-2.35-163/lib/libdl.so.2
7f042c19d000-7f042c19e000 r--p 00002000 00:14c6 4611686019027979923      /nix/store/4nlgxhb09sdr51nc9hdm8az5b08vzkgx-glibc-2.35-163/lib/libdl.so.2
7f042c19e000-7f042c19f000 r--p 00002000 00:14c6 4611686019027979923      /nix/store/4nlgxhb09sdr51nc9hdm8az5b08vzkgx-glibc-2.35-163/lib/libdl.so.2
7f042c19f000-7f042c1a0000 rw-p 00003000 00:14c6 4611686019027979923      /nix/store/4nlgxhb09sdr51nc9hdm8az5b08vzkgx-glibc-2.35-163/lib/libdl.so.2
7f042c1a0000-7f042c1a1000 r--p 00000000 00:14c6 4611686019027979942      /nix/store/4nlgxhb09sdr51nc9hdm8az5b08vzkgx-glibc-2.35-163/lib/libpthread.so.0
7f042c1a1000-7f042c1a2000 r-xp 00001000 00:14c6 4611686019027979942      /nix/store/4nlgxhb09sdr51nc9hdm8az5b08vzkgx-glibc-2.35-163/lib/libpthread.so.0
7f042c1a2000-7f042c1a3000 r--p 00002000 00:14c6 4611686019027979942      /nix/store/4nlgxhb09sdr51nc9hdm8az5b08vzkgx-glibc-2.35-163/lib/libpthread.so.0
7f042c1a3000-7f042c1a4000 r--p 00002000 00:14c6 4611686019027979942      /nix/store/4nlgxhb09sdr51nc9hdm8az5b08vzkgx-glibc-2.35-163/lib/libpthread.so.0
7f042c1a4000-7f042c1a5000 rw-p 00003000 00:14c6 4611686019027979942      /nix/store/4nlgxhb09sdr51nc9hdm8az5b08vzkgx-glibc-2.35-163/lib/libpthread.so.0
7f042c1a5000-7f042c1b3000 r-xp 00000000 00:14c6 4611686019135190033      /nix/store/gpxl5qgg8kicmcvivwmybwjlpf7wh20l-graalvm17-ce-22.3.0/lib/libjli.so
7f042c1b3000-7f042c1b4000 ---p 0000e000 00:14c6 4611686019135190033      /nix/store/gpxl5qgg8kicmcvivwmybwjlpf7wh20l-graalvm17-ce-22.3.0/lib/libjli.so
7f042c1b4000-7f042c1b5000 r--p 0000e000 00:14c6 4611686019135190033      /nix/store/gpxl5qgg8kicmcvivwmybwjlpf7wh20l-graalvm17-ce-22.3.0/lib/libjli.so
7f042c1b5000-7f042c1b6000 rw-p 0000f000 00:14c6 4611686019135190033      /nix/store/gpxl5qgg8kicmcvivwmybwjlpf7wh20l-graalvm17-ce-22.3.0/lib/libjli.so
7f042c1b6000-7f042c1b7000 rw-p 00012000 00:14c6 4611686019135190033      /nix/store/gpxl5qgg8kicmcvivwmybwjlpf7wh20l-graalvm17-ce-22.3.0/lib/libjli.so
7f042c1b7000-7f042c1ba000 r--p 00000000 00:14c6 4611686019106210071      /nix/store/026hln0aq1hyshaxsdvhg0kmcm6yf45r-zlib-1.2.13/lib/libz.so.1.2.13
7f042c1ba000-7f042c1cc000 r-xp 00003000 00:14c6 4611686019106210071      /nix/store/026hln0aq1hyshaxsdvhg0kmcm6yf45r-zlib-1.2.13/lib/libz.so.1.2.13
7f042c1cc000-7f042c1d3000 r--p 00015000 00:14c6 4611686019106210071      /nix/store/026hln0aq1hyshaxsdvhg0kmcm6yf45r-zlib-1.2.13/lib/libz.so.1.2.13
7f042c1d3000-7f042c1d4000 r--p 0001b000 00:14c6 4611686019106210071      /nix/store/026hln0aq1hyshaxsdvhg0kmcm6yf45r-zlib-1.2.13/lib/libz.so.1.2.13
7f042c1d4000-7f042c1d5000 rw-p 0001c000 00:14c6 4611686019106210071      /nix/store/026hln0aq1hyshaxsdvhg0kmcm6yf45r-zlib-1.2.13/lib/libz.so.1.2.13
7f042c1d5000-7f042c1d7000 rw-p 00000000 00:00 0 
7f042c1d7000-7f042c1d9000 r--p 00000000 00:14c6 4611686019027979912      /nix/store/4nlgxhb09sdr51nc9hdm8az5b08vzkgx-glibc-2.35-163/lib/ld-linux-x86-64.so.2
7f042c1d9000-7f042c200000 r-xp 00002000 00:14c6 4611686019027979912      /nix/store/4nlgxhb09sdr51nc9hdm8az5b08vzkgx-glibc-2.35-163/lib/ld-linux-x86-64.so.2
7f042c200000-7f042c20c000 r--p 00029000 00:14c6 4611686019027979912      /nix/store/4nlgxhb09sdr51nc9hdm8az5b08vzkgx-glibc-2.35-163/lib/ld-linux-x86-64.so.2
7f042c20c000-7f042c20e000 r--p 00034000 00:14c6 4611686019027979912      /nix/store/4nlgxhb09sdr51nc9hdm8az5b08vzkgx-glibc-2.35-163/lib/ld-linux-x86-64.so.2
7f042c20e000-7f042c210000 rw-p 00036000 00:14c6 4611686019027979912      /nix/store/4nlgxhb09sdr51nc9hdm8az5b08vzkgx-glibc-2.35-163/lib/ld-linux-x86-64.so.2
7fff0a480000-7fff0a4a4000 rw-p 00000000 00:00 0                          [stack]
7fff0a5cc000-7fff0a5d0000 r--p 00000000 00:00 0                          [vvar]
7fff0a5d0000-7fff0a5d2000 r-xp 00000000 00:00 0                          [vdso]
ffffffffff600000-ffffffffff601000 --xp 00000000 00:00 0                  [vsyscall]


VM Arguments:
jvm_args: -XX:ThreadPriorityPolicy=1 -XX:+UnlockExperimentalVMOptions -XX:+EnableJVMCIProduct -XX:JVMCIThreadsPerNativeLibraryRuntime=1 -XX:-UnlockExperimentalVMOptions -Declipse.application=org.eclipse.jdt.ls.core.id1 -Dosgi.bundles.defaultStartLevel=4 -Declipse.product=org.eclipse.jdt.ls.core.product -Dlog.level=ALL -Xverify:none -XX:+UseParallelGC -XX:GCTimeRatio=4 -XX:AdaptiveSizePolicyWeight=90 -Dsun.zip.disableMemoryMapping=true -Xmx512m -Xms100m 
java_command: /nix/store/m6gcpi1ii6rghy04cjwjddcavv7i90df-jdt-language-server-1.9.0/share/java/plugins/org.eclipse.equinox.launcher_1.6.400.v20210924-0641.jar --add-modules=ALL-SYSTEM --add-opens java.base/java.util=ALL-UNNAMED --add-opens java.base/java.lang=ALL-UNNAMED -configuration /home/runner/.cache/jdt-language-server/config -data /home/runner/.cache/jdt-language-server/data/home/runner/CS4-Project-Repository
java_class_path (initial): /nix/store/m6gcpi1ii6rghy04cjwjddcavv7i90df-jdt-language-server-1.9.0/share/java/plugins/org.eclipse.equinox.launcher_1.6.400.v20210924-0641.jar
Launcher Type: SUN_STANDARD

[Global flags]
    uintx AdaptiveSizePolicyWeight                 = 90                                        {product} {command line}
     intx CICompilerCount                          = 2                                         {product} {ergonomic}
     bool EnableJVMCIProduct                       = true                                {JVMCI product} {jimage}
    uintx GCTimeRatio                              = 4                                         {product} {command line}
   size_t InitialHeapSize                          = 104857600                                 {product} {command line}
     uint JVMCIThreadsPerNativeLibraryRuntime      = 1                                   {JVMCI product} {jimage}
   size_t MaxHeapSize                              = 536870912                                 {product} {command line}
   size_t MaxNewSize                               = 178782208                                 {product} {ergonomic}
   size_t MinHeapDeltaBytes                        = 524288                                    {product} {ergonomic}
   size_t MinHeapSize                              = 104857600                                 {product} {command line}
   size_t NewSize                                  = 34603008                                  {product} {ergonomic}
    uintx NonNMethodCodeHeapSize                   = 5826188                                {pd product} {ergonomic}
    uintx NonProfiledCodeHeapSize                  = 122916026                              {pd product} {ergonomic}
   size_t OldSize                                  = 70254592                                  {product} {ergonomic}
    uintx ProfiledCodeHeapSize                     = 122916026                              {pd product} {ergonomic}
    uintx ReservedCodeCacheSize                    = 251658240                              {pd product} {ergonomic}
     bool SegmentedCodeCache                       = true                                      {product} {ergonomic}
   size_t SoftMaxHeapSize                          = 536870912                              {manageable} {ergonomic}
     intx ThreadPriorityPolicy                     = 1                                         {product} {jimage}
     bool UseCompressedClassPointers               = true                           {product lp64_product} {ergonomic}
     bool UseCompressedOops                        = true                           {product lp64_product} {ergonomic}
     bool UseParallelGC                            = true                                      {product} {command line}

Logging:
Log output configuration:
 #0: stdout all=warning uptime,level,tags
 #1: stderr all=off uptime,level,tags

Environment Variables:
JAVA_HOME=/nix/store/gpxl5qgg8kicmcvivwmybwjlpf7wh20l-graalvm17-ce-22.3.0
PATH=/nix/store/1d6ian3r8kdzspw8hacjhl3xkp40g1lj-binutils-wrapper-2.39/bin:/nix/store/dq0xwmsk1g0i2ayg6pb7y87na2knzylh-gcc-wrapper-11.3.0/bin:/nix/store/bap4d0lpcrhpwmpb8ayjcgkmvfj62lnq-bash-interactive-5.1-p16/bin:/nix/store/pr5n59mb4jzmfx6kanwxly0l07p861fg-patchelf-0.15.0/bin:/nix/store/1gf2flfqnpqbr1b4p4qz2f72y42bs56r-gcc-11.3.0/bin:/nix/store/57xv61c5zi8pphjbcwxxjlgc34p61ic9-glibc-2.35-163-bin/bin:/nix/store/a7gvj343m05j2s32xcnwr35v31ynlypr-coreutils-9.1/bin:/nix/store/039g378vc3pc3dvi9dzdlrd0i4q93qwf-binutils-2.39/bin:/nix/store/gpxl5qgg8kicmcvivwmybwjlpf7wh20l-graalvm17-ce-22.3.0/bin:/nix/store/6z9ag3ihc8mq2hzsw48lhbznvzny65nz-apache-maven-3.8.6/bin:/nix/store/m6gcpi1ii6rghy04cjwjddcavv7i90df-jdt-language-server-1.9.0/bin:/nix/store/84xs5alhs01zrbr4ywm05kxbjbp5590l-java-debug/bin:/nix/store/mydc6f4k2z73xlcz7ilif3v2lcaiqvza-findutils-4.9.0/bin:/nix/store/j9p3g8472iijd50vhdprx0nmk2fqn5gv-diffutils-3.8/bin:/nix/store/89zs7rms6x00xfq4dq6m7mjnhkr8a6r4-gnused-4.8/bin:/nix/store/86bp03jkmsl6f92w0yzg4s59g5mhxwmy-gnugrep-3.7/bin:/nix/store/hwcdqw4jrjnd37wxqgsd47hd0j8bnj09-gawk-5.1.1/bin:/nix/store/cfbhw8r8ags41vwqaz47r583d0p4h4a1-gnutar-1.34/bin:/nix/store/p3m1ndl1lapwrlh698bnb5lvvxh67378-gzip-1.12/bin:/nix/store/a8mhcagrsly7c7mpjrpsnaahk4aax056-bzip2-1.0.8-bin/bin:/nix/store/mblgz65m3zv9x548a3d5m96fj2pbwr09-gnumake-4.3/bin:/nix/store/dsd5gz46hdbdk2rfdimqddhq6m8m8fqs-bash-5.1-p16/bin:/nix/store/v7ljksji50mg3w61dykaa3n3y79n6nil-patch-2.7.6/bin:/nix/store/zlcnmqq14jz5x9439jf937mvayyl63da-xz-5.2.7-bin/bin:/nix/store/y6aj732zm9m87c82fpvf103a1xb22blp-file-5.43/bin:/nix/store/i4kzir3m7mrisxmf5xvlnkw01x4qaqr4-prybar-elisp-0.0.0-e0d9a52/bin:/nix/store/lwwivxf6h7x3cvxp9zv8sj0mv7dak99r-prybar-lua-0.0.0-e0d9a52/bin:/nix/store/gxj28g1cg4hq3qanmjv07156h800qr58-prybar-python3-0.0.0-e0d9a52/bin:/nix/store/hshkjnxrgidigf8x75vg6lqng2xlx9i3-prybar-sqlite-0.0.0-e0d9a52/bin:/nix/store/c4w01bpjgyy5ixmwdk8m1pw87zq4sl26-prybar-tcl-0.0.0-e0d9a52/bin:/nix/store/hpbvrlwd5viqmvcaisb3x0118i913a9n-st
LD_LIBRARY_PATH=/nix/store/a4pff549sk2idnkpzk5nsfps3mdkdnvm-cups-2.4.2-lib/lib:/nix/store/72mqxxhh3cy5yifh92wh2yb8cl2hikyy-cairo-1.16.0/lib:/nix/store/2k366jrbsra97gjfxwvrhvixjfxdach5-glib-2.74.1/lib:/nix/store/2j2znigd8ak37rlwh9khz0ry3clqlw1l-gtk+3-3.24.34/lib:/nix/store/hisqvx32cd57apbpcsnkpx6k3549wql1-libglvnd-1.4.0/lib:/nix/store/p36pgcv991mq5srvg765b78yqpxvk3qs-mesa-21.3.3-drivers/lib:/nix/store/mav4251if1ahjq5vkpwycyyvnmy459c4-pulseaudio-14.2/lib
DISPLAY=:0
LANG=en_US.UTF-8

Signal Handlers:
   SIGSEGV: crash_handler in libjvm.so, mask=11100100010111111101111111111110, flags=SA_RESTART|SA_SIGINFO
    SIGBUS: crash_handler in libjvm.so, mask=11100100010111111101111111111110, flags=SA_RESTART|SA_SIGINFO
    SIGFPE: crash_handler in libjvm.so, mask=11100100010111111101111111111110, flags=SA_RESTART|SA_SIGINFO
   SIGPIPE: IsolateEnterStub_IgnoreSIGPIPEStartupHook_noopSignalHandler_8f19bff2f35b5f630d83b364d6b2339320d4ec70_216e8361c6bc87a8f89f58cc10d3b2fd4415bf87 in libjvmcicompiler.so, mask=00000000000000000000000000000000, flags=SA_RESTART
  *** Handler was modified!
  *** Expected: javaSignalHandler in libjvm.so, mask=11100100110111111111111111111110, flags=SA_RESTART|SA_SIGINFO
   SIGXFSZ: javaSignalHandler in libjvm.so, mask=11100100010111111101111111111110, flags=SA_RESTART|SA_SIGINFO
    SIGILL: crash_handler in libjvm.so, mask=11100100010111111101111111111110, flags=SA_RESTART|SA_SIGINFO
   SIGUSR2: SR_handler in libjvm.so, mask=00000000000000000000000000000000, flags=SA_RESTART|SA_SIGINFO
    SIGHUP: UserHandler in libjvm.so, mask=11100100010111111101111111111110, flags=SA_RESTART|SA_SIGINFO
    SIGINT: UserHandler in libjvm.so, mask=11100100010111111101111111111110, flags=SA_RESTART|SA_SIGINFO
   SIGTERM: UserHandler in libjvm.so, mask=11100100010111111101111111111110, flags=SA_RESTART|SA_SIGINFO
   SIGQUIT: UserHandler in libjvm.so, mask=11100100010111111101111111111110, flags=SA_RESTART|SA_SIGINFO
  *** Handler was modified!
  *** Expected: javaSignalHandler in libjvm.so, mask=11100100110111111111111111111110, flags=SA_RESTART|SA_SIGINFO
   SIGTRAP: crash_handler in libjvm.so, mask=11100100010111111101111111111110, flags=SA_RESTART|SA_SIGINFO


---------------  S Y S T E M  ---------------

OS:
DISTRIB_ID=Ubuntu
DISTRIB_RELEASE=20.04
DISTRIB_CODENAME=focal
DISTRIB_DESCRIPTION="Ubuntu 20.04.2 LTS"
uname: Linux 5.15.0-1030-gcp #37~20.04.1-Ubuntu SMP Mon Feb 20 04:30:57 UTC 2023 x86_64
OS uptime: 0 days 6:51 hours
libc: glibc 2.35 NPTL 2.35 
rlimit (soft/hard): STACK 8192k/infinity , CORE infinity/infinity , NPROC infinity/infinity , NOFILE 5242/5242 , AS infinity/infinity , CPU infinity/infinity , DATA infinity/infinity , FSIZE infinity/infinity , MEMLOCK 64k/64k
load average: 11.81 12.00 12.75

/proc/meminfo:
MemTotal:       65852732 kB
MemFree:        28317360 kB
MemAvailable:   45333184 kB
Buffers:         2496788 kB
Cached:         13598864 kB
SwapCached:            0 kB
Active:          8262300 kB
Inactive:       25562124 kB
Active(anon):      14096 kB
Inactive(anon): 17585700 kB
Active(file):    8248204 kB
Inactive(file):  7976424 kB
Unevictable:       43016 kB
Mlocked:           43016 kB
SwapTotal:             0 kB
SwapFree:              0 kB
Dirty:              5548 kB
Writeback:           136 kB
AnonPages:      16377272 kB
Mapped:          1594824 kB
Shmem:             30816 kB
KReclaimable:    1517796 kB
Slab:            2685020 kB
SReclaimable:    1517796 kB
SUnreclaim:      1167224 kB
KernelStack:      410076 kB
PageTables:       152736 kB
NFS_Unstable:          0 kB
Bounce:                0 kB
WritebackTmp:          0 kB
CommitLimit:    32926364 kB
Committed_AS:   59067692 kB
VmallocTotal:   34359738367 kB
VmallocUsed:      446884 kB
VmallocChunk:          0 kB
Percpu:            58464 kB
HardwareCorrupted:     0 kB
AnonHugePages:   2361344 kB
ShmemHugePages:        0 kB
ShmemPmdMapped:        0 kB
FileHugePages:         0 kB
FilePmdMapped:         0 kB
HugePages_Total:       0
HugePages_Free:        0
HugePages_Rsvd:        0
HugePages_Surp:        0
Hugepagesize:       2048 kB
Hugetlb:               0 kB
DirectMap4k:     4193088 kB
DirectMap2M:    40892416 kB
DirectMap1G:    24117248 kB

/sys/kernel/mm/transparent_hugepage/enabled: always [madvise] never
/sys/kernel/mm/transparent_hugepage/defrag (defrag/compaction efforts parameter): always defer defer+madvise [madvise] never

Process Memory:
Virtual Size: 5187672K (peak: 5229372K)
Resident Set Size: 723040K (peak: 767652K) (anon: 528396K, file: 194644K, shmem: 0K)
Swapped out: 0K
C-Heap outstanding allocations: 41588K, retained: 9663K
glibc malloc tunables: (default)

/proc/sys/kernel/threads-max (system-wide limit on the number of threads): 514406
/proc/sys/vm/max_map_count (maximum number of memory map areas a process may have): 65530
/proc/sys/kernel/pid_max (system-wide limit on number of process identifiers): 4194304

container (cgroup) information:
container_type: cgroupv1
cpu_cpuset_cpus: 2-7
cpu_memory_nodes: 0
active_processor_count: 1
cpu_quota: 50000
cpu_period: 100000
cpu_shares: 512
memory_limit_in_bytes: 1048576 k
memory_and_swap_limit_in_bytes: 1048576 k
memory_soft_limit_in_bytes: 524288 k
memory_usage_in_bytes: 634156 k
memory_max_usage_in_bytes: 715548 k
maximum number of tasks: 1000
current number of tasks: 67

KVM virtualization detected
Steal ticks since vm start: 0
Steal ticks percentage since vm start:  0.000

CPU: total 8 (initial active 1) (8 cores per cpu, 2 threads per core) family 23 model 49 stepping 0 microcode 0xffffffff, cx8, cmov, fxsr, ht, mmx, 3dnowpref, sse, sse2, sse3, ssse3, sse4a, sse4.1, sse4.2, popcnt, lzcnt, tsc, tscinvbit, avx, avx2, aes, clmul, bmi1, bmi2, adx, sha, fma, vzeroupper, clflush, clflushopt, hv
CPU Model and flags from /proc/cpuinfo:
model name	: AMD EPYC 7B12
flags		: fpu vme de pse tsc msr pae mce cx8 apic sep mtrr pge mca cmov pat pse36 clflush mmx fxsr sse sse2 ht syscall nx mmxext fxsr_opt pdpe1gb rdtscp lm constant_tsc rep_good nopl nonstop_tsc cpuid extd_apicid tsc_known_freq pni pclmulqdq ssse3 fma cx16 sse4_1 sse4_2 movbe popcnt aes xsave avx f16c rdrand hypervisor lahf_lm cmp_legacy cr8_legacy abm sse4a misalignsse 3dnowprefetch osvw topoext ssbd ibrs ibpb stibp vmmcall fsgsbase tsc_adjust bmi1 avx2 smep bmi2 rdseed adx smap clflushopt clwb sha_ni xsaveopt xsavec xgetbv1 clzero xsaveerptr arat npt nrip_save umip rdpid

Online cpus: 0-7
Offline cpus: 
BIOS frequency limitation: <Not Available>
Frequency switch latency (ns): <Not Available>
Available cpu frequencies: <Not Available>
Current governor: <Not Available>
Core performance/turbo boost: <Not Available>

Memory: 4k page, physical 1048576k(414408k free), swap 0k(0k free)
Page Sizes: 4k

vm_info: OpenJDK 64-Bit Server VM (17.0.5+8-jvmci-22.3-b08) for linux-amd64 JRE (17.0.5+8-jvmci-22.3-b08), built on Oct 19 2022 09:01:27 by "buildslave" with gcc 10.3.0

END.
