#
# A fatal error has been detected by the Java Runtime Environment:
#
#  Internal Error (jvmciRuntime.cpp:1609), pid=38, tid=53
#  fatal error: Fatal exception in JVMCI: Error calling jdk.vm.ci.services.Services.serializeSavedProperties
#
# JRE version: OpenJDK Runtime Environment GraalVM CE 22.3.0 (17.0.5+8) (build 17.0.5+8-jvmci-22.3-b08)
# Java VM: OpenJDK 64-Bit Server VM GraalVM CE 22.3.0 (17.0.5+8-jvmci-22.3-b08, mixed mode, sharing, tiered, jvmci, jvmci compiler, compressed oops, compressed class ptrs, parallel gc, linux-amd64)
# Problematic frame:
# V  [libjvm.so+0x972714]  JVMCIRuntime::fatal_exception(JVMCIEnv*, char const*)+0x74
#
# Core dump will be written. Default location: Core dumps may be processed with "/usr/share/apport/apport -p%p -s%s -c%c -d%d -P%P -u%u -g%g -- %E" (or dumping to /home/runner/CS4-Project-Repository/core.38)
#
# If you would like to submit a bug report, please visit:
#   https://github.com/oracle/graal/issues
#

---------------  S U M M A R Y ------------

Command Line: -XX:ThreadPriorityPolicy=1 -XX:+UnlockExperimentalVMOptions -XX:+EnableJVMCIProduct -XX:JVMCIThreadsPerNativeLibraryRuntime=1 -XX:-UnlockExperimentalVMOptions -Declipse.application=org.eclipse.jdt.ls.core.id1 -Dosgi.bundles.defaultStartLevel=4 -Declipse.product=org.eclipse.jdt.ls.core.product -Dlog.level=ALL -Xverify:none -XX:+UseParallelGC -XX:GCTimeRatio=4 -XX:AdaptiveSizePolicyWeight=90 -Dsun.zip.disableMemoryMapping=true -Xmx512m -Xms100m /nix/store/m6gcpi1ii6rghy04cjwjddcavv7i90df-jdt-language-server-1.9.0/share/java/plugins/org.eclipse.equinox.launcher_1.6.400.v20210924-0641.jar --add-modules=ALL-SYSTEM --add-opens java.base/java.util=ALL-UNNAMED --add-opens java.base/java.lang=ALL-UNNAMED -configuration /home/runner/.cache/jdt-language-server/config -data /home/runner/.cache/jdt-language-server/data/home/runner/CS4-Project-Repository

Host: AMD EPYC 7B12, 8 cores, 1G, Ubuntu 20.04.2 LTS
Time: Fri May  5 06:07:27 2023 UTC elapsed time: 1056.180185 seconds (0d 0h 17m 36s)

---------------  T H R E A D  ---------------

Current thread (0x00007efdbc0b21e0):  JavaThread "JVMCI-native CompilerThread0" daemon [_thread_in_vm, id=53, stack(0x00007efda2900000,0x00007efda2b00000)]


Current CompileTask:
JVMCI-native:1056180 11305   !   4       org.eclipse.jdt.internal.core.SearchableEnvironment::findModuleContext (311 bytes)

Stack: [0x00007efda2900000,0x00007efda2b00000],  sp=0x00007efda2afe380,  free space=2040k
Native frames: (J=compiled Java code, j=interpreted, Vv=VM code, C=native code)
V  [libjvm.so+0x972714]  JVMCIRuntime::fatal_exception(JVMCIEnv*, char const*)+0x74
V  [libjvm.so+0x93e2fe]  JVMCIEnv::copy_saved_properties()+0x14e
V  [libjvm.so+0x9732a9]  JVMCIRuntime::initialize(JVMCIEnv*)+0xb19
V  [libjvm.so+0x9738a2]  JVMCIRuntime::get_HotSpotJVMCIRuntime(JVMCIEnv*)+0x12
V  [libjvm.so+0x9749f2]  JVMCIRuntime::compile_method(JVMCIEnv*, JVMCICompiler*, methodHandle const&, int)+0xd2
V  [libjvm.so+0x5b0d20]  CompileBroker::invoke_compiler_on_method(CompileTask*)+0x1470
V  [libjvm.so+0x5b12e8]  CompileBroker::compiler_thread_loop()+0x528
V  [libjvm.so+0xd82460]  JavaThread::thread_main_inner()+0xd0
V  [libjvm.so+0xd85a40]  Thread::call_run()+0xc0
V  [libjvm.so+0xbdb1e1]  thread_native_entry(Thread*)+0xe1

Register to memory mapping:

RAX=0x00007efdc25ca000 points into unknown readable memory: 0x0000000000000058 | 58 00 00 00 00 00 00 00
RBX=0x00007efdc36c5398: <offset 0x0000000000ef5398> in /nix/store/gpxl5qgg8kicmcvivwmybwjlpf7wh20l-graalvm17-ce-22.3.0/lib/server/libjvm.so at 0x00007efdc27d0000
RCX=0x00007efdc367d1e8: <offset 0x0000000000ead1e8> in /nix/store/gpxl5qgg8kicmcvivwmybwjlpf7wh20l-graalvm17-ce-22.3.0/lib/server/libjvm.so at 0x00007efdc27d0000
RDX=0x0000000000000649 is an unknown value
RSP=0x00007efda2afe380 is pointing into the stack for thread: 0x00007efdbc0b21e0
RBP=0x00007efda2afe3a0 is pointing into the stack for thread: 0x00007efdbc0b21e0
RSI=0x00007efdc36c5c48: <offset 0x0000000000ef5c48> in /nix/store/gpxl5qgg8kicmcvivwmybwjlpf7wh20l-graalvm17-ce-22.3.0/lib/server/libjvm.so at 0x00007efdc27d0000
RDI=0x00000000e0000000 is an oop: java.lang.String 
{0x00000000e0000000} - klass: 'java/lang/String'
 - string: "resolution"
R8 =0x00007efdc36c5398: <offset 0x0000000000ef5398> in /nix/store/gpxl5qgg8kicmcvivwmybwjlpf7wh20l-graalvm17-ce-22.3.0/lib/server/libjvm.so at 0x00007efdc27d0000
R9 =0x0000000000000003 is an unknown value
R10=0x00007efdc3a16da0: <offset 0x0000000001246da0> in /nix/store/gpxl5qgg8kicmcvivwmybwjlpf7wh20l-graalvm17-ce-22.3.0/lib/server/libjvm.so at 0x00007efdc27d0000
R11=0x000000080044f048 is pointing into metadata
R12=0x0 is NULL
R13=0x00007efdbc0b21e0 is a thread
R14=0x00007efdbc000b80 points into unknown readable memory: 0x00007efdc38f6a38 | 38 6a 8f c3 fd 7e 00 00
R15=0x00007efdc3a04e40: <offset 0x0000000001234e40> in /nix/store/gpxl5qgg8kicmcvivwmybwjlpf7wh20l-graalvm17-ce-22.3.0/lib/server/libjvm.so at 0x00007efdc27d0000


Registers:
RAX=0x00007efdc25ca000, RBX=0x00007efdc36c5398, RCX=0x00007efdc367d1e8, RDX=0x0000000000000649
RSP=0x00007efda2afe380, RBP=0x00007efda2afe3a0, RSI=0x00007efdc36c5c48, RDI=0x00000000e0000000
R8 =0x00007efdc36c5398, R9 =0x0000000000000003, R10=0x00007efdc3a16da0, R11=0x000000080044f048
R12=0x0000000000000000, R13=0x00007efdbc0b21e0, R14=0x00007efdbc000b80, R15=0x00007efdc3a04e40
RIP=0x00007efdc3142714, EFLAGS=0x0000000000010206, CSGSFS=0x002b000000000033, ERR=0x0000000000000006
  TRAPNO=0x000000000000000e

Top of Stack: (sp=0x00007efda2afe380)
0x00007efda2afe380:   00007efda2afe940 00007efdbc0b21e0
0x00007efda2afe390:   00007efdc0f5d888 0000000800c42498
0x00007efda2afe3a0:   00007efda2afe500 00007efdc310e2fe
0x00007efda2afe3b0:   00007efda2afe3e0 00007efda2afe440 

Instructions: (pc=0x00007efdc3142714)
0x00007efdc3142614:   30 e8 f6 cf e8 ff 4c 89 e7 e8 2e 48 d1 ff 84 db
0x00007efdc3142624:   75 2a 4d 85 ed 74 04 4d 8b 6d 00 48 83 c4 08 44
0x00007efdc3142634:   89 f9 4c 89 f2 4c 89 ee 5b 4c 89 e7 41 5c 41 5d
0x00007efdc3142644:   41 5e 41 5f 5d e9 e2 47 d1 ff 66 90 48 83 c4 08
0x00007efdc3142654:   5b 41 5c 41 5d 41 5e 41 5f 5d c3 90 31 d2 be 08
0x00007efdc3142664:   00 00 00 4c 89 ff e8 b1 78 a3 ff 49 89 c5 e9 37
0x00007efdc3142674:   ff ff ff 66 0f 1f 84 00 00 00 00 00 48 8b 7a 08
0x00007efdc3142684:   e9 6d ff ff ff 0f 1f 80 00 00 00 00 e8 5b 48 0a
0x00007efdc3142694:   00 84 c0 75 89 e9 6a ff ff ff 66 90 55 48 89 e5
0x00007efdc31426a4:   41 56 41 55 41 54 49 89 fc 53 48 89 f3 66 48 8d
0x00007efdc31426b4:   3d 27 5e 85 00 66 66 48 e8 df 43 8d ff 4c 8b 28
0x00007efdc31426c4:   8b 05 be 72 8a 00 85 c0 75 14 ba 01 00 00 00 48
0x00007efdc31426d4:   8d 0d ae 72 8a 00 f0 0f b1 11 85 c0 74 4e be c8
0x00007efdc31426e4:   00 00 00 4c 89 ef e8 01 0b 41 00 48 8d 05 12 ac
0x00007efdc31426f4:   85 00 49 89 d8 48 8d 0d e8 aa 53 00 ba 49 06 00
0x00007efdc3142704:   00 48 8d 35 3c 35 58 00 bf 00 00 00 e0 48 8b 00
0x00007efdc3142714:   c6 00 58 31 c0 e8 e2 91 c6 ff 5b 41 5c 41 5d 41
0x00007efdc3142724:   5e 5d e9 55 34 26 00 0f 1f 44 00 00 48 8d 05 81
0x00007efdc3142734:   a3 8b 00 48 89 df 4c 8b 30 e8 9e 43 8d ff 48 89
0x00007efdc3142744:   de 48 89 c2 49 8b 06 4c 89 f7 ff 50 08 4c 89 f7
0x00007efdc3142754:   e8 a7 5c 27 00 4d 85 e4 74 12 be 01 00 00 00 4c
0x00007efdc3142764:   89 e7 e8 35 43 fc ff eb 82 0f 1f 00 be 01 00 00
0x00007efdc3142774:   00 4c 89 ef e8 d3 fd ff ff e9 6d ff ff ff 66 66
0x00007efdc3142784:   2e 0f 1f 84 00 00 00 00 00 0f 1f 00 55 48 89 e5
0x00007efdc3142794:   41 57 41 56 41 55 41 54 53 48 81 ec 08 02 00 00
0x00007efdc31427a4:   64 48 8b 04 25 28 00 00 00 48 89 45 c8 8b 07 83
0x00007efdc31427b4:   f8 02 0f 84 11 04 00 00 4c 8b 6f 18 49 89 ff 49
0x00007efdc31427c4:   89 f4 4d 85 ed 74 14 4c 89 ef e8 5d 57 22 00 41
0x00007efdc31427d4:   8b 07 83 f8 02 0f 84 19 04 00 00 48 8d 1d 9a 06
0x00007efdc31427e4:   8a 00 4c 8d 35 0b 3c 58 00 eb 38 90 48 85 d2 7f
0x00007efdc31427f4:   0d 48 8d 05 b4 c0 85 00 48 83 38 00 7e 0e 41 8b
0x00007efdc3142804:   77 2c 4c 89 f7 31 c0 e8 a0 b2 f7 ff 49 8b 7f 18 


Stack slot to memory mapping:
stack at sp + 0 slots: 0x00007efda2afe940 is pointing into the stack for thread: 0x00007efdbc0b21e0
stack at sp + 1 slots: 0x00007efdbc0b21e0 is a thread
stack at sp + 2 slots: 0x00007efdc0f5d888 points into unknown readable memory: 0x657300183c7affff | ff ff 7a 3c 18 00 73 65
stack at sp + 3 slots: 0x0000000800c42498 is a pointer to class: 
jdk.vm.ci.services.Services {0x0000000800c42498}
 - instance size:     2
 - klass size:        65
 - access:            public final synchronized 
 - state:             fully_initialized
 - name:              'jdk/vm/ci/services/Services'
 - super:             'java/lang/Object'
 - sub:               
 - arrays:            NULL
 - methods:           Array<T>(0x00007efda2c4fbd8)
 - method ordering:   Array<T>(0x0000000800928960)
 - default_methods:   Array<T>(0x0000000000000000)
 - local interfaces:  Array<T>(0x00000008005ce810)
 - trans. interfaces: Array<T>(0x00000008005ce810)
 - constants:         constant pool [427] {0x00007efda2c4ecb8} for 'jdk/vm/ci/services/Services' cache=0x00007efda2c51140
 - class loader data:  loader data: 0x00007efdbc0283f0 of 'bootstrap'
 - source file:       'Services.java'
 - class annotations:       Array<T>(0x0000000000000000)
 - class type annotations:  Array<T>(0x0000000000000000)
 - field annotations:       Array<T>(0x0000000000000000)
 - field type annotations:  Array<T>(0x0000000000000000)
 - inner classes:     Array<T>(0x00007efda2c50e78)
 - nest members:     Array<T>(0x00007efda2c50e98)
 - permitted subclasses:     Array<T>(0x00000008005ce7a0)
 - java mirror:       a 'java/lang/Class'{0x00000000e0146cd8} = 'jdk/vm/ci/services/Services'
 - vtable length      5  (start addr: 0x0000000800c42668)
 - itable length      2 (start addr: 0x0000000800c42690)
 - ---- static fields (3 words):
 - public static final 'IS_BUILDING_NATIVE_IMAGE' 'Z' @128 
 - public static final 'IS_IN_NATIVE_IMAGE' 'Z' @129 
 - private static volatile 'savedProperties' 'Ljava/util/Map;' @112 
 - static final 'JVMCI_ENABLED' 'Z' @130 
 - private static final 'servicesCache' 'Ljava/util/Map;' @116 
 - private static final 'MAX_UNICODE_IN_UTF8_LENGTH' 'I' @120 
 - private static final 'MAX_UTF8_PROPERTY_STRING_LENGTH' 'I' @124 
 - ---- non-static fields (0 words):
 - non-static oop maps: 
stack at sp + 4 slots: 0x00007efda2afe500 is pointing into the stack for thread: 0x00007efdbc0b21e0
stack at sp + 5 slots: 0x00007efdc310e2fe: <offset 0x000000000093e2fe> in /nix/store/gpxl5qgg8kicmcvivwmybwjlpf7wh20l-graalvm17-ce-22.3.0/lib/server/libjvm.so at 0x00007efdc27d0000
stack at sp + 6 slots: 0x00007efda2afe3e0 is pointing into the stack for thread: 0x00007efdbc0b21e0
stack at sp + 7 slots: 0x00007efda2afe440 is pointing into the stack for thread: 0x00007efdbc0b21e0


---------------  P R O C E S S  ---------------

Threads class SMR info:
_java_thread_list=0x00007efd4c0f4490, length=36, elements={
0x00007efdbc026690, 0x00007efdbc0a64d0, 0x00007efdbc0a7910, 0x00007efdbc0ae050,
0x00007efdbc0af400, 0x00007efdbc0b07f0, 0x00007efdbc0b21e0, 0x00007efdbc0b36f0,
0x00007efdbc0b4b40, 0x00007efdbc0d8290, 0x00007efdbc11fcf0, 0x00007efdbc323e10,
0x00007efdbc3574e0, 0x00007efdbc359d60, 0x00007efdbc2071c0, 0x00007efd5001a6b0,
0x00007efd502a9330, 0x00007efd5030d420, 0x00007efd5048d580, 0x00007efd5060fb90,
0x00007efd44007510, 0x00007efdbc350aa0, 0x00007efdbc37e4f0, 0x00007efd2c000ff0,
0x00007efd20019ec0, 0x00007efd281eae20, 0x00007efd281eba00, 0x00007efd281ec390,
0x00007efd281eccb0, 0x00007efd281ed9c0, 0x00007efd281eeab0, 0x00007efd281eff90,
0x00007efd281f1d00, 0x00007efd281f7ad0, 0x00007efd28201600, 0x00007efd4c0016a0
}

Java Threads: ( => current thread )
  0x00007efdbc026690 JavaThread "main" [_thread_blocked, id=45, stack(0x00007efdc25eb000,0x00007efdc26eb000)]
  0x00007efdbc0a64d0 JavaThread "Reference Handler" daemon [_thread_blocked, id=48, stack(0x00007efdc0602000,0x00007efdc0702000)]
  0x00007efdbc0a7910 JavaThread "Finalizer" daemon [_thread_blocked, id=49, stack(0x00007efdc0502000,0x00007efdc0602000)]
  0x00007efdbc0ae050 JavaThread "Signal Dispatcher" daemon [_thread_blocked, id=50, stack(0x00007efdc011c000,0x00007efdc021c000)]
  0x00007efdbc0af400 JavaThread "Service Thread" daemon [_thread_blocked, id=51, stack(0x00007efdc001c000,0x00007efdc011c000)]
  0x00007efdbc0b07f0 JavaThread "Monitor Deflation Thread" daemon [_thread_blocked, id=52, stack(0x00007efda2b00000,0x00007efda2c00000)]
=>0x00007efdbc0b21e0 JavaThread "JVMCI-native CompilerThread0" daemon [_thread_in_vm, id=53, stack(0x00007efda2900000,0x00007efda2b00000)]
  0x00007efdbc0b36f0 JavaThread "C1 CompilerThread0" daemon [_thread_blocked, id=54, stack(0x00007efda2700000,0x00007efda2900000)]
  0x00007efdbc0b4b40 JavaThread "Sweeper thread" daemon [_thread_blocked, id=55, stack(0x00007efda2600000,0x00007efda2700000)]
  0x00007efdbc0d8290 JavaThread "Common-Cleaner" daemon [_thread_blocked, id=57, stack(0x00007efda2500000,0x00007efda2600000)]
  0x00007efdbc11fcf0 JavaThread "Notification Thread" daemon [_thread_blocked, id=58, stack(0x00007efda2400000,0x00007efda2500000)]
  0x00007efdbc323e10 JavaThread "Active Thread: Equinox Container: 8128d9f4-9c00-45ab-8d60-8d068265d754" [_thread_blocked, id=106, stack(0x00007efda1000000,0x00007efda1100000)]
  0x00007efdbc3574e0 JavaThread "Framework Event Dispatcher: Equinox Container: 8128d9f4-9c00-45ab-8d60-8d068265d754" daemon [_thread_blocked, id=109, stack(0x00007efda0e00000,0x00007efda0f00000)]
  0x00007efdbc359d60 JavaThread "Start Level: Equinox Container: 8128d9f4-9c00-45ab-8d60-8d068265d754" daemon [_thread_blocked, id=110, stack(0x00007efda0c00000,0x00007efda0d00000)]
  0x00007efdbc2071c0 JavaThread "Refresh Thread: Equinox Container: 8128d9f4-9c00-45ab-8d60-8d068265d754" daemon [_thread_blocked, id=123, stack(0x00007efda0a00000,0x00007efda0b00000)]
  0x00007efd5001a6b0 JavaThread "SCR Component Actor" daemon [_thread_blocked, id=136, stack(0x00007efda0800000,0x00007efda0900000)]
  0x00007efd502a9330 JavaThread "Worker-JM" [_thread_blocked, id=148, stack(0x00007efda0400000,0x00007efda0500000)]
  0x00007efd5030d420 JavaThread "Worker-0: Initialize workspace" [_thread_blocked, id=149, stack(0x00007efda0200000,0x00007efda0300000)]
  0x00007efd5048d580 JavaThread "Java indexing" daemon [_thread_blocked, id=151, stack(0x00007efd69b00000,0x00007efd69c00000)]
  0x00007efd5060fb90 JavaThread "Bundle File Closer" daemon [_thread_blocked, id=172, stack(0x00007efd69900000,0x00007efd69a00000)]
  0x00007efd44007510 JavaThread "Worker-2: Compacting resource model" [_thread_blocked, id=203, stack(0x00007efda0600000,0x00007efda0700000)]
  0x00007efdbc350aa0 JavaThread "pool-3-thread-1" [_thread_blocked, id=205, stack(0x00007efd69700000,0x00007efd69800000)]
  0x00007efdbc37e4f0 JavaThread "pool-2-thread-1" [_thread_blocked, id=214, stack(0x00007efd69500000,0x00007efd69600000)]
  0x00007efd2c000ff0 JavaThread "Worker-4: Publish Diagnostics" [_thread_blocked, id=224, stack(0x00007efd69100000,0x00007efd69200000)]
  0x00007efd20019ec0 JavaThread "Worker-5" [_thread_blocked, id=269, stack(0x00007efd68f00000,0x00007efd69000000)]
  0x00007efd281eae20 JavaThread "Thread-2" [_thread_blocked, id=454, stack(0x00007efda0f00000,0x00007efda1000000)]
  0x00007efd281eba00 JavaThread "Thread-3" [_thread_blocked, id=455, stack(0x00007efd68b00000,0x00007efd68c00000)]
  0x00007efd281ec390 JavaThread "Thread-4" [_thread_blocked, id=456, stack(0x00007efd68900000,0x00007efd68a00000)]
  0x00007efd281eccb0 JavaThread "Thread-5" [_thread_blocked, id=457, stack(0x00007efda0d00000,0x00007efda0e00000)]
  0x00007efd281ed9c0 JavaThread "Thread-6" [_thread_blocked, id=458, stack(0x00007efda0500000,0x00007efda0600000)]
  0x00007efd281eeab0 JavaThread "Thread-7" [_thread_blocked, id=459, stack(0x00007efda0100000,0x00007efda0200000)]
  0x00007efd281eff90 JavaThread "Thread-8" [_thread_blocked, id=460, stack(0x00007efd69600000,0x00007efd69700000)]
  0x00007efd281f1d00 JavaThread "Thread-9" [_thread_blocked, id=462, stack(0x00007efd69000000,0x00007efd69100000)]
  0x00007efd281f7ad0 JavaThread "Thread-10" [_thread_blocked, id=463, stack(0x00007efd68e00000,0x00007efd68f00000)]
  0x00007efd28201600 JavaThread "Thread-18" [_thread_blocked, id=471, stack(0x00007efd67f00000,0x00007efd68000000)]
  0x00007efd4c0016a0 JavaThread "Worker-7" [_thread_blocked, id=1410, stack(0x00007efd68d00000,0x00007efd68e00000)]

Other Threads:
  0x00007efdbc0a1c10 VMThread "VM Thread" [stack: 0x00007efdc0704000,0x00007efdc0804000] [id=47] _threads_hazard_ptr=0x00007efd4c0f4490
  0x00007efdbc121690 WatcherThread [stack: 0x00007efda2300000,0x00007efda2400000] [id=59]
  0x00007efdbc03df30 GCTaskThread "GC Thread#0" [stack: 0x00007efdc21ae000,0x00007efdc22ae000] [id=46]

Threads with active compile tasks:
JVMCI-native CompilerThread0  1056717 11305   !   4       org.eclipse.jdt.internal.core.SearchableEnvironment::findModuleContext (311 bytes)

VM state: synchronizing (normal execution)

VM Mutex/Monitor currently owned by a thread:  ([mutex/lock_event])
[0x00007efdbc023840] Threads_lock - owner thread: 0x00007efdbc0a1c10
[0x00007efdbc023ff0] Heap_lock - owner thread: 0x00007efd5030d420

OutOfMemory and StackOverflow Exception counts:
OutOfMemoryError java_heap_errors=1
LinkageErrors=43

Heap address: 0x00000000e0000000, size: 512 MB, Compressed Oops mode: 32-bit

CDS archive(s) mapped at: [0x0000000800000000-0x0000000800bc8000-0x0000000800bc8000), size 12353536, SharedBaseAddress: 0x0000000800000000, ArchiveRelocationMode: 0.
Compressed class space mapped at: 0x0000000800c00000-0x0000000840c00000, reserved size: 1073741824
Narrow klass base: 0x0000000800000000, Narrow klass shift: 0, Narrow klass range: 0x100000000

GC Precious Log:
 CPUs: 8 total, 1 available
 Memory: 1024M
 Large Page Support: Disabled
 NUMA Support: Disabled
 Compressed Oops: Enabled (32-bit)
 Alignments: Space 512K, Generation 512K, Heap 2M
 Heap Min Capacity: 100M
 Heap Initial Capacity: 100M
 Heap Max Capacity: 512M
 Pre-touch: Disabled
 Parallel Workers: 1

Heap:
 PSYoungGen      total 43520K, used 31743K [0x00000000f5580000, 0x00000000f8d80000, 0x0000000100000000)
  eden space 31744K, 99% used [0x00000000f5580000,0x00000000f747ffe8,0x00000000f7480000)
  from space 11776K, 0% used [0x00000000f8200000,0x00000000f8200000,0x00000000f8d80000)
  to   space 12288K, 0% used [0x00000000f7480000,0x00000000f7480000,0x00000000f8080000)
 ParOldGen       total 349696K, used 349695K [0x00000000e0000000, 0x00000000f5580000, 0x00000000f5580000)
  object space 349696K, 99% used [0x00000000e0000000,0x00000000f557ffd8,0x00000000f5580000)
 Metaspace       used 57553K, committed 58432K, reserved 1105920K
  class space    used 5243K, committed 5632K, reserved 1048576K

Card table byte_map: [0x00007efdc22ae000,0x00007efdc23af000] _byte_map_base: 0x00007efdc1bae000

Marking Bits: (ParMarkBitMap*) 0x00007efdc39fe4c0
 Begin Bits: [0x00007efdc1101000, 0x00007efdc1901000)
 End Bits:   [0x00007efdc1901000, 0x00007efdc2101000)

Polling page: 0x00007efdc25c8000

Metaspace:

Usage:
  Non-class:     51.08 MB used.
      Class:      5.12 MB used.
       Both:     56.20 MB used.

Virtual space:
  Non-class space:       56.00 MB reserved,      51.56 MB ( 92%) committed,  7 nodes.
      Class space:        1.00 GB reserved,       5.50 MB ( <1%) committed,  1 nodes.
             Both:        1.05 GB reserved,      57.06 MB (  5%) committed. 

Chunk freelists:
   Non-Class:  3.95 MB
       Class:  2.54 MB
        Both:  6.50 MB

MaxMetaspaceSize: unlimited
CompressedClassSpaceSize: 1.00 GB
Initial GC threshold: 21.00 MB
Current GC threshold: 95.12 MB
CDS: on
MetaspaceReclaimPolicy: balanced
 - commit_granule_bytes: 65536.
 - commit_granule_words: 8192.
 - virtual_space_node_default_size: 1048576.
 - enlarge_chunks_in_place: 1.
 - new_chunks_are_fully_committed: 0.
 - uncommit_free_chunks: 1.
 - use_allocation_guard: 0.
 - handle_deallocations: 1.


Internal statistics:

num_allocs_failed_limit: 6.
num_arena_births: 344.
num_arena_deaths: 66.
num_vsnodes_births: 8.
num_vsnodes_deaths: 0.
num_space_committed: 911.
num_space_uncommitted: 0.
num_chunks_returned_to_freelist: 89.
num_chunks_taken_from_freelist: 2494.
num_chunk_merges: 37.
num_chunk_splits: 1636.
num_chunks_enlarged: 1048.
num_purges: 2.
num_inconsistent_stats: 0.

CodeHeap 'non-profiled nmethods': size=120036Kb used=2550Kb max_used=2550Kb free=117485Kb
 bounds [0x00007efdaaf7a000, 0x00007efdab1fa000, 0x00007efdb24b3000]
CodeHeap 'profiled nmethods': size=120032Kb used=21060Kb max_used=21060Kb free=98972Kb
 bounds [0x00007efda3a42000, 0x00007efda4ee2000, 0x00007efdaaf7a000]
CodeHeap 'non-nmethods': size=5692Kb used=1370Kb max_used=1381Kb free=4321Kb
 bounds [0x00007efda34b3000, 0x00007efda3723000, 0x00007efda3a42000]
 total_blobs=8912 nmethods=8215 adapters=601
 compilation: enabled
              stopped_count=0, restarted_count=0
 full_count=0

JVMCI Events (20 events):
Event: 869.421 Thread 0x00007efdbc0b21e0 compacted oop handles in JVMCI runtime 0 from 45 to 45
Event: 869.421 Thread 0x00007efdbc0b21e0 releasing handles for JVMCI runtime 0: oop handles=45, metadata handles={total=218, live=203, blocks=46}
Event: 869.421 Thread 0x00007efdbc0b21e0 detached from JVMCI runtime 0
Event: 869.421 Thread 0x00007efdbc0b21e0 attached to JVMCI runtime 0
Event: 869.424 Thread 0x00007efdbc0b21e0 created JavaVM[3]@0x00007efd1569e340 for JVMCI runtime 0
Event: 869.424 Thread 0x00007efdbc0b21e0 initializing JVMCI runtime 0
Event: 869.424 Thread 0x00007efdbc0b21e0 done waiting for JavaVM references initialization in JVMCI runtime 0
Event: 919.910 Thread 0x00007efdbc0b21e0 initialized JVMCI runtime 0
Event: 938.325 Thread 0x00007efdbc0b21e0 compacted oop handles in JVMCI runtime 0 from 48 to 47
Event: 942.208 Thread 0x00007efdbc0b21e0 detaching from JVMCI runtime 0: releasing idle compiler thread (0 other threads still attached)
Event: 942.208 Thread 0x00007efdbc0b21e0 shutting down HotSpotJVMCIRuntime for JVMCI runtime 0
Event: 942.208 Thread 0x00007efdbc0b21e0 shut down JVMCI runtime 0
Event: 943.421 Thread 0x00007efdbc0b21e0 destroyed JavaVM[3]@0x00007efd1569e340 for JVMCI runtime 0
Event: 943.421 Thread 0x00007efdbc0b21e0 compacted oop handles in JVMCI runtime 0 from 49 to 49
Event: 943.421 Thread 0x00007efdbc0b21e0 releasing handles for JVMCI runtime 0: oop handles=49, metadata handles={total=96, live=86, blocks=46}
Event: 943.421 Thread 0x00007efdbc0b21e0 detached from JVMCI runtime 0
Event: 994.282 Thread 0x00007efdbc0b21e0 attached to JVMCI runtime 0
Event: 994.283 Thread 0x00007efdbc0b21e0 created JavaVM[4]@0x00007efd1569e340 for JVMCI runtime 0
Event: 995.476 Thread 0x00007efdbc0b21e0 initializing JVMCI runtime 0
Event: 995.476 Thread 0x00007efdbc0b21e0 done waiting for JavaVM references initialization in JVMCI runtime 0

Compilation events (20 events):
Event: 866.897 Thread 0x00007efdbc0b36f0 11294       3       org.eclipse.jdt.internal.compiler.ClassFile$$Lambda$343/0x0000000801129f38::test (12 bytes)
Event: 866.897 Thread 0x00007efdbc0b36f0 nmethod 11294 0x00007efda4ecf190 code [0x00007efda4ecf340, 0x00007efda4ecf750]
Event: 866.897 Thread 0x00007efdbc0b36f0 11295       3       org.eclipse.jdt.internal.compiler.ClassFile::lambda$4 (10 bytes)
Event: 866.897 Thread 0x00007efdbc0b36f0 nmethod 11295 0x00007efda4ecf810 code [0x00007efda4ecf9a0, 0x00007efda4ecfaf0]
Event: 868.192 Thread 0x00007efdbc0b21e0 nmethod 11290 0x00007efdab1f4e90 code [0x00007efdab1f50a0, 0x00007efdab1f6140]
Event: 869.421 Thread 0x00007efdbc0b21e0 11296 %     4       java.util.regex.Pattern::newSlice @ 134 (181 bytes)
Event: 876.694 Thread 0x00007efdbc0b36f0 11297       1       org.eclipse.osgi.internal.framework.EquinoxContainer::getStorage (5 bytes)
Event: 877.905 Thread 0x00007efdbc0b36f0 nmethod 11297 0x00007efdab1f6810 code [0x00007efdab1f69a0, 0x00007efdab1f6a70]
Event: 898.274 Thread 0x00007efdbc0b36f0 11298       3       java.io.DataOutputStream::writeUTF (411 bytes)
Event: 905.020 Thread 0x00007efdbc0b36f0 nmethod 11298 0x00007efda4ecfb90 code [0x00007efda4ecff20, 0x00007efda4ed22c0]
Event: 919.911 Thread 0x00007efdbc0b36f0 11300       3       org.eclipse.jdt.internal.compiler.ast.StringLiteral::generateCode (32 bytes)
Event: 919.912 Thread 0x00007efdbc0b36f0 nmethod 11300 0x00007efda4ed2e90 code [0x00007efda4ed3060, 0x00007efda4ed3a60]
Event: 925.684 Thread 0x00007efdbc0b36f0 11301       3       org.eclipse.jdt.internal.compiler.ast.AllocationExpression::cleanUpInferenceContexts (65 bytes)
Event: 926.706 Thread 0x00007efdbc0b36f0 nmethod 11301 0x00007efda4ed3c10 code [0x00007efda4ed3de0, 0x00007efda4ed43b0]
Event: 938.325 Thread 0x00007efdbc0b21e0 nmethod 11296% 0x00007efdab1f6b10 code [0x00007efdab1f6ca0, 0x00007efdab1f7050]
Event: 938.325 Thread 0x00007efdbc0b21e0 11299       4       org.eclipse.jdt.internal.compiler.codegen.ConstantPool::writeU1 (38 bytes)
Event: 940.989 Thread 0x00007efdbc0b21e0 nmethod 11299 0x00007efdab1f7290 code [0x00007efdab1f7420, 0x00007efdab1f7550]
Event: 953.027 Thread 0x00007efdbc0b36f0 11303       3       java.util.concurrent.ScheduledThreadPoolExecutor::canRunInCurrentRunState (61 bytes)
Event: 957.817 Thread 0x00007efdbc0b36f0 nmethod 11303 0x00007efda4ed4510 code [0x00007efda4ed4720, 0x00007efda4ed51c0]
Event: 994.282 Thread 0x00007efdbc0b21e0 11305   !   4       org.eclipse.jdt.internal.core.SearchableEnvironment::findModuleContext (311 bytes)

GC Heap History (20 events):
Event: 1032.528 GC heap before
{Heap before GC invocations=736 (full 605):
 PSYoungGen      total 43520K, used 31744K [0x00000000f5580000, 0x00000000f8d80000, 0x0000000100000000)
  eden space 31744K, 100% used [0x00000000f5580000,0x00000000f7480000,0x00000000f7480000)
  from space 11776K, 0% used [0x00000000f8200000,0x00000000f8200000,0x00000000f8d80000)
  to   space 12288K, 0% used [0x00000000f7480000,0x00000000f7480000,0x00000000f8080000)
 ParOldGen       total 349696K, used 349695K [0x00000000e0000000, 0x00000000f5580000, 0x00000000f5580000)
  object space 349696K, 99% used [0x00000000e0000000,0x00000000f557ffd8,0x00000000f5580000)
 Metaspace       used 57553K, committed 58432K, reserved 1105920K
  class space    used 5243K, committed 5632K, reserved 1048576K
}
Event: 1037.321 GC heap after
{Heap after GC invocations=736 (full 605):
 PSYoungGen      total 44032K, used 31743K [0x00000000f5580000, 0x00000000f8d80000, 0x0000000100000000)
  eden space 31744K, 99% used [0x00000000f5580000,0x00000000f747ffd0,0x00000000f7480000)
  from space 12288K, 0% used [0x00000000f7480000,0x00000000f7480000,0x00000000f8080000)
  to   space 11776K, 0% used [0x00000000f8200000,0x00000000f8200000,0x00000000f8d80000)
 ParOldGen       total 349696K, used 349695K [0x00000000e0000000, 0x00000000f5580000, 0x00000000f5580000)
  object space 349696K, 99% used [0x00000000e0000000,0x00000000f557ffd8,0x00000000f5580000)
 Metaspace       used 57553K, committed 58432K, reserved 1105920K
  class space    used 5243K, committed 5632K, reserved 1048576K
}
Event: 1037.327 GC heap before
{Heap before GC invocations=737 (full 606):
 PSYoungGen      total 44032K, used 31744K [0x00000000f5580000, 0x00000000f8d80000, 0x0000000100000000)
  eden space 31744K, 100% used [0x00000000f5580000,0x00000000f7480000,0x00000000f7480000)
  from space 12288K, 0% used [0x00000000f7480000,0x00000000f7480000,0x00000000f8080000)
  to   space 11776K, 0% used [0x00000000f8200000,0x00000000f8200000,0x00000000f8d80000)
 ParOldGen       total 349696K, used 349695K [0x00000000e0000000, 0x00000000f5580000, 0x00000000f5580000)
  object space 349696K, 99% used [0x00000000e0000000,0x00000000f557ffd8,0x00000000f5580000)
 Metaspace       used 57553K, committed 58432K, reserved 1105920K
  class space    used 5243K, committed 5632K, reserved 1048576K
}
Event: 1039.995 GC heap after
{Heap after GC invocations=737 (full 606):
 PSYoungGen      total 43520K, used 31743K [0x00000000f5580000, 0x00000000f8d80000, 0x0000000100000000)
  eden space 31744K, 99% used [0x00000000f5580000,0x00000000f747ffd0,0x00000000f7480000)
  from space 11776K, 0% used [0x00000000f8200000,0x00000000f8200000,0x00000000f8d80000)
  to   space 12288K, 0% used [0x00000000f7480000,0x00000000f7480000,0x00000000f8080000)
 ParOldGen       total 349696K, used 349695K [0x00000000e0000000, 0x00000000f5580000, 0x00000000f5580000)
  object space 349696K, 99% used [0x00000000e0000000,0x00000000f557ffd8,0x00000000f5580000)
 Metaspace       used 57553K, committed 58432K, reserved 1105920K
  class space    used 5243K, committed 5632K, reserved 1048576K
}
Event: 1039.997 GC heap before
{Heap before GC invocations=738 (full 607):
 PSYoungGen      total 43520K, used 31744K [0x00000000f5580000, 0x00000000f8d80000, 0x0000000100000000)
  eden space 31744K, 100% used [0x00000000f5580000,0x00000000f7480000,0x00000000f7480000)
  from space 11776K, 0% used [0x00000000f8200000,0x00000000f8200000,0x00000000f8d80000)
  to   space 12288K, 0% used [0x00000000f7480000,0x00000000f7480000,0x00000000f8080000)
 ParOldGen       total 349696K, used 349695K [0x00000000e0000000, 0x00000000f5580000, 0x00000000f5580000)
  object space 349696K, 99% used [0x00000000e0000000,0x00000000f557ffd8,0x00000000f5580000)
 Metaspace       used 57553K, committed 58432K, reserved 1105920K
  class space    used 5243K, committed 5632K, reserved 1048576K
}
Event: 1041.608 GC heap after
{Heap after GC invocations=738 (full 607):
 PSYoungGen      total 44032K, used 31743K [0x00000000f5580000, 0x00000000f8d80000, 0x0000000100000000)
  eden space 31744K, 99% used [0x00000000f5580000,0x00000000f747ffd0,0x00000000f7480000)
  from space 12288K, 0% used [0x00000000f7480000,0x00000000f7480000,0x00000000f8080000)
  to   space 11776K, 0% used [0x00000000f8200000,0x00000000f8200000,0x00000000f8d80000)
 ParOldGen       total 349696K, used 349695K [0x00000000e0000000, 0x00000000f5580000, 0x00000000f5580000)
  object space 349696K, 99% used [0x00000000e0000000,0x00000000f557ffd8,0x00000000f5580000)
 Metaspace       used 57553K, committed 58432K, reserved 1105920K
  class space    used 5243K, committed 5632K, reserved 1048576K
}
Event: 1041.608 GC heap before
{Heap before GC invocations=739 (full 608):
 PSYoungGen      total 44032K, used 31744K [0x00000000f5580000, 0x00000000f8d80000, 0x0000000100000000)
  eden space 31744K, 100% used [0x00000000f5580000,0x00000000f7480000,0x00000000f7480000)
  from space 12288K, 0% used [0x00000000f7480000,0x00000000f7480000,0x00000000f8080000)
  to   space 11776K, 0% used [0x00000000f8200000,0x00000000f8200000,0x00000000f8d80000)
 ParOldGen       total 349696K, used 349695K [0x00000000e0000000, 0x00000000f5580000, 0x00000000f5580000)
  object space 349696K, 99% used [0x00000000e0000000,0x00000000f557ffd8,0x00000000f5580000)
 Metaspace       used 57553K, committed 58432K, reserved 1105920K
  class space    used 5243K, committed 5632K, reserved 1048576K
}
Event: 1043.107 GC heap after
{Heap after GC invocations=739 (full 608):
 PSYoungGen      total 43520K, used 31743K [0x00000000f5580000, 0x00000000f8d80000, 0x0000000100000000)
  eden space 31744K, 99% used [0x00000000f5580000,0x00000000f747ffd0,0x00000000f7480000)
  from space 11776K, 0% used [0x00000000f8200000,0x00000000f8200000,0x00000000f8d80000)
  to   space 12288K, 0% used [0x00000000f7480000,0x00000000f7480000,0x00000000f8080000)
 ParOldGen       total 349696K, used 349695K [0x00000000e0000000, 0x00000000f5580000, 0x00000000f5580000)
  object space 349696K, 99% used [0x00000000e0000000,0x00000000f557ffd8,0x00000000f5580000)
 Metaspace       used 57553K, committed 58432K, reserved 1105920K
  class space    used 5243K, committed 5632K, reserved 1048576K
}
Event: 1043.109 GC heap before
{Heap before GC invocations=740 (full 609):
 PSYoungGen      total 43520K, used 31744K [0x00000000f5580000, 0x00000000f8d80000, 0x0000000100000000)
  eden space 31744K, 100% used [0x00000000f5580000,0x00000000f7480000,0x00000000f7480000)
  from space 11776K, 0% used [0x00000000f8200000,0x00000000f8200000,0x00000000f8d80000)
  to   space 12288K, 0% used [0x00000000f7480000,0x00000000f7480000,0x00000000f8080000)
 ParOldGen       total 349696K, used 349695K [0x00000000e0000000, 0x00000000f5580000, 0x00000000f5580000)
  object space 349696K, 99% used [0x00000000e0000000,0x00000000f557ffd8,0x00000000f5580000)
 Metaspace       used 57553K, committed 58432K, reserved 1105920K
  class space    used 5243K, committed 5632K, reserved 1048576K
}
Event: 1044.516 GC heap after
{Heap after GC invocations=740 (full 609):
 PSYoungGen      total 44032K, used 31743K [0x00000000f5580000, 0x00000000f8d80000, 0x0000000100000000)
  eden space 31744K, 99% used [0x00000000f5580000,0x00000000f747ffd0,0x00000000f7480000)
  from space 12288K, 0% used [0x00000000f7480000,0x00000000f7480000,0x00000000f8080000)
  to   space 11776K, 0% used [0x00000000f8200000,0x00000000f8200000,0x00000000f8d80000)
 ParOldGen       total 349696K, used 349695K [0x00000000e0000000, 0x00000000f5580000, 0x00000000f5580000)
  object space 349696K, 99% used [0x00000000e0000000,0x00000000f557ffd8,0x00000000f5580000)
 Metaspace       used 57553K, committed 58432K, reserved 1105920K
  class space    used 5243K, committed 5632K, reserved 1048576K
}
Event: 1044.517 GC heap before
{Heap before GC invocations=741 (full 610):
 PSYoungGen      total 44032K, used 31744K [0x00000000f5580000, 0x00000000f8d80000, 0x0000000100000000)
  eden space 31744K, 100% used [0x00000000f5580000,0x00000000f7480000,0x00000000f7480000)
  from space 12288K, 0% used [0x00000000f7480000,0x00000000f7480000,0x00000000f8080000)
  to   space 11776K, 0% used [0x00000000f8200000,0x00000000f8200000,0x00000000f8d80000)
 ParOldGen       total 349696K, used 349695K [0x00000000e0000000, 0x00000000f5580000, 0x00000000f5580000)
  object space 349696K, 99% used [0x00000000e0000000,0x00000000f557ffd8,0x00000000f5580000)
 Metaspace       used 57553K, committed 58432K, reserved 1105920K
  class space    used 5243K, committed 5632K, reserved 1048576K
}
Event: 1046.118 GC heap after
{Heap after GC invocations=741 (full 610):
 PSYoungGen      total 43520K, used 31743K [0x00000000f5580000, 0x00000000f8d80000, 0x0000000100000000)
  eden space 31744K, 99% used [0x00000000f5580000,0x00000000f747ffd0,0x00000000f7480000)
  from space 11776K, 0% used [0x00000000f8200000,0x00000000f8200000,0x00000000f8d80000)
  to   space 12288K, 0% used [0x00000000f7480000,0x00000000f7480000,0x00000000f8080000)
 ParOldGen       total 349696K, used 349695K [0x00000000e0000000, 0x00000000f5580000, 0x00000000f5580000)
  object space 349696K, 99% used [0x00000000e0000000,0x00000000f557ffd8,0x00000000f5580000)
 Metaspace       used 57553K, committed 58432K, reserved 1105920K
  class space    used 5243K, committed 5632K, reserved 1048576K
}
Event: 1046.120 GC heap before
{Heap before GC invocations=742 (full 611):
 PSYoungGen      total 43520K, used 31744K [0x00000000f5580000, 0x00000000f8d80000, 0x0000000100000000)
  eden space 31744K, 100% used [0x00000000f5580000,0x00000000f7480000,0x00000000f7480000)
  from space 11776K, 0% used [0x00000000f8200000,0x00000000f8200000,0x00000000f8d80000)
  to   space 12288K, 0% used [0x00000000f7480000,0x00000000f7480000,0x00000000f8080000)
 ParOldGen       total 349696K, used 349695K [0x00000000e0000000, 0x00000000f5580000, 0x00000000f5580000)
  object space 349696K, 99% used [0x00000000e0000000,0x00000000f557ffd8,0x00000000f5580000)
 Metaspace       used 57553K, committed 58432K, reserved 1105920K
  class space    used 5243K, committed 5632K, reserved 1048576K
}
Event: 1047.479 GC heap after
{Heap after GC invocations=742 (full 611):
 PSYoungGen      total 44032K, used 31743K [0x00000000f5580000, 0x00000000f8d80000, 0x0000000100000000)
  eden space 31744K, 99% used [0x00000000f5580000,0x00000000f747ffd0,0x00000000f7480000)
  from space 12288K, 0% used [0x00000000f7480000,0x00000000f7480000,0x00000000f8080000)
  to   space 11776K, 0% used [0x00000000f8200000,0x00000000f8200000,0x00000000f8d80000)
 ParOldGen       total 349696K, used 349695K [0x00000000e0000000, 0x00000000f5580000, 0x00000000f5580000)
  object space 349696K, 99% used [0x00000000e0000000,0x00000000f557ffd8,0x00000000f5580000)
 Metaspace       used 57553K, committed 58432K, reserved 1105920K
  class space    used 5243K, committed 5632K, reserved 1048576K
}
Event: 1047.481 GC heap before
{Heap before GC invocations=743 (full 612):
 PSYoungGen      total 44032K, used 31743K [0x00000000f5580000, 0x00000000f8d80000, 0x0000000100000000)
  eden space 31744K, 99% used [0x00000000f5580000,0x00000000f747fff0,0x00000000f7480000)
  from space 12288K, 0% used [0x00000000f7480000,0x00000000f7480000,0x00000000f8080000)
  to   space 11776K, 0% used [0x00000000f8200000,0x00000000f8200000,0x00000000f8d80000)
 ParOldGen       total 349696K, used 349695K [0x00000000e0000000, 0x00000000f5580000, 0x00000000f5580000)
  object space 349696K, 99% used [0x00000000e0000000,0x00000000f557ffd8,0x00000000f5580000)
 Metaspace       used 57553K, committed 58432K, reserved 1105920K
  class space    used 5243K, committed 5632K, reserved 1048576K
}
Event: 1049.085 GC heap after
{Heap after GC invocations=743 (full 612):
 PSYoungGen      total 43520K, used 31743K [0x00000000f5580000, 0x00000000f8d80000, 0x0000000100000000)
  eden space 31744K, 99% used [0x00000000f5580000,0x00000000f747ffd0,0x00000000f7480000)
  from space 11776K, 0% used [0x00000000f8200000,0x00000000f8200000,0x00000000f8d80000)
  to   space 12288K, 0% used [0x00000000f7480000,0x00000000f7480000,0x00000000f8080000)
 ParOldGen       total 349696K, used 349695K [0x00000000e0000000, 0x00000000f5580000, 0x00000000f5580000)
  object space 349696K, 99% used [0x00000000e0000000,0x00000000f557ffd8,0x00000000f5580000)
 Metaspace       used 57553K, committed 58432K, reserved 1105920K
  class space    used 5243K, committed 5632K, reserved 1048576K
}
Event: 1049.088 GC heap before
{Heap before GC invocations=744 (full 613):
 PSYoungGen      total 43520K, used 31743K [0x00000000f5580000, 0x00000000f8d80000, 0x0000000100000000)
  eden space 31744K, 99% used [0x00000000f5580000,0x00000000f747ffe8,0x00000000f7480000)
  from space 11776K, 0% used [0x00000000f8200000,0x00000000f8200000,0x00000000f8d80000)
  to   space 12288K, 0% used [0x00000000f7480000,0x00000000f7480000,0x00000000f8080000)
 ParOldGen       total 349696K, used 349695K [0x00000000e0000000, 0x00000000f5580000, 0x00000000f5580000)
  object space 349696K, 99% used [0x00000000e0000000,0x00000000f557ffd8,0x00000000f5580000)
 Metaspace       used 57553K, committed 58432K, reserved 1105920K
  class space    used 5243K, committed 5632K, reserved 1048576K
}
Event: 1052.321 GC heap after
{Heap after GC invocations=744 (full 613):
 PSYoungGen      total 44032K, used 31743K [0x00000000f5580000, 0x00000000f8d80000, 0x0000000100000000)
  eden space 31744K, 99% used [0x00000000f5580000,0x00000000f747ffe8,0x00000000f7480000)
  from space 12288K, 0% used [0x00000000f7480000,0x00000000f7480000,0x00000000f8080000)
  to   space 11776K, 0% used [0x00000000f8200000,0x00000000f8200000,0x00000000f8d80000)
 ParOldGen       total 349696K, used 349695K [0x00000000e0000000, 0x00000000f5580000, 0x00000000f5580000)
  object space 349696K, 99% used [0x00000000e0000000,0x00000000f557ffd8,0x00000000f5580000)
 Metaspace       used 57553K, committed 58432K, reserved 1105920K
  class space    used 5243K, committed 5632K, reserved 1048576K
}
Event: 1052.321 GC heap before
{Heap before GC invocations=745 (full 614):
 PSYoungGen      total 44032K, used 31743K [0x00000000f5580000, 0x00000000f8d80000, 0x0000000100000000)
  eden space 31744K, 99% used [0x00000000f5580000,0x00000000f747ffe8,0x00000000f7480000)
  from space 12288K, 0% used [0x00000000f7480000,0x00000000f7480000,0x00000000f8080000)
  to   space 11776K, 0% used [0x00000000f8200000,0x00000000f8200000,0x00000000f8d80000)
 ParOldGen       total 349696K, used 349695K [0x00000000e0000000, 0x00000000f5580000, 0x00000000f5580000)
  object space 349696K, 99% used [0x00000000e0000000,0x00000000f557ffd8,0x00000000f5580000)
 Metaspace       used 57553K, committed 58432K, reserved 1105920K
  class space    used 5243K, committed 5632K, reserved 1048576K
}
Event: 1056.091 GC heap after
{Heap after GC invocations=745 (full 614):
 PSYoungGen      total 43520K, used 31743K [0x00000000f5580000, 0x00000000f8d80000, 0x0000000100000000)
  eden space 31744K, 99% used [0x00000000f5580000,0x00000000f747ffe8,0x00000000f7480000)
  from space 11776K, 0% used [0x00000000f8200000,0x00000000f8200000,0x00000000f8d80000)
  to   space 12288K, 0% used [0x00000000f7480000,0x00000000f7480000,0x00000000f8080000)
 ParOldGen       total 349696K, used 349695K [0x00000000e0000000, 0x00000000f5580000, 0x00000000f5580000)
  object space 349696K, 99% used [0x00000000e0000000,0x00000000f557ffd8,0x00000000f5580000)
 Metaspace       used 57553K, committed 58432K, reserved 1105920K
  class space    used 5243K, committed 5632K, reserved 1048576K
}

Dll operation events (9 events):
Event: 0.002 Loaded shared library /nix/store/gpxl5qgg8kicmcvivwmybwjlpf7wh20l-graalvm17-ce-22.3.0/lib/libjava.so
Event: 0.074 Loaded shared library /nix/store/gpxl5qgg8kicmcvivwmybwjlpf7wh20l-graalvm17-ce-22.3.0/lib/libjsvml.so
Event: 0.290 Loaded shared library /nix/store/gpxl5qgg8kicmcvivwmybwjlpf7wh20l-graalvm17-ce-22.3.0/lib/libnio.so
Event: 0.293 Loaded shared library /nix/store/gpxl5qgg8kicmcvivwmybwjlpf7wh20l-graalvm17-ce-22.3.0/lib/libzip.so
Event: 0.375 Loaded shared library /nix/store/gpxl5qgg8kicmcvivwmybwjlpf7wh20l-graalvm17-ce-22.3.0/lib/libjvmcicompiler.so
Event: 0.784 Loaded shared library /nix/store/gpxl5qgg8kicmcvivwmybwjlpf7wh20l-graalvm17-ce-22.3.0/lib/libjimage.so
Event: 1.584 Loaded shared library /nix/store/gpxl5qgg8kicmcvivwmybwjlpf7wh20l-graalvm17-ce-22.3.0/lib/libnet.so
Event: 6.487 Loaded shared library /home/runner/.cache/jdt-language-server/config/org.eclipse.equinox.launcher/org.eclipse.equinox.launcher.gtk.linux.x86_64_1.2.400.v20211117-0650/eclipse_11600.so
Event: 21.578 Loaded shared library /nix/store/gpxl5qgg8kicmcvivwmybwjlpf7wh20l-graalvm17-ce-22.3.0/lib/libextnet.so

Deoptimization events (20 events):
Event: 112.923 Thread 0x00007efd2c000ff0 DEOPT PACKING pc=0x00007efda47b5e1e sp=0x00007efd691fd0a0
Event: 112.923 Thread 0x00007efd2c000ff0 DEOPT UNPACKING pc=0x00007efda3505325 sp=0x00007efd691fc568 mode 0
Event: 129.775 Thread 0x00007efd5048d580 DEOPT PACKING pc=0x00007efda4e817dd sp=0x00007efd69bfe530
Event: 129.775 Thread 0x00007efd5048d580 DEOPT UNPACKING pc=0x00007efda3505325 sp=0x00007efd69bfda20 mode 0
Event: 133.620 Thread 0x00007efd5048d580 DEOPT PACKING pc=0x00007efda4e817dd sp=0x00007efd69bfe530
Event: 133.620 Thread 0x00007efd5048d580 DEOPT UNPACKING pc=0x00007efda3505325 sp=0x00007efd69bfda20 mode 0
Event: 135.315 Thread 0x00007efd5048d580 DEOPT PACKING pc=0x00007efda4e817dd sp=0x00007efd69bfe530
Event: 135.315 Thread 0x00007efd5048d580 DEOPT UNPACKING pc=0x00007efda3505325 sp=0x00007efd69bfda20 mode 0
Event: 180.129 Thread 0x00007efd5048d580 DEOPT PACKING pc=0x00007efda4e817dd sp=0x00007efd69bfe530
Event: 180.129 Thread 0x00007efd5048d580 DEOPT UNPACKING pc=0x00007efda3505325 sp=0x00007efd69bfda20 mode 0
Event: 327.703 Thread 0x00007efd2c000ff0 DEOPT PACKING pc=0x00007efda47b5e1e sp=0x00007efd691fc610
Event: 327.703 Thread 0x00007efd2c000ff0 DEOPT UNPACKING pc=0x00007efda3505325 sp=0x00007efd691fbad8 mode 0
Event: 795.488 Thread 0x00007efdbc0b21e0 Uncommon trap: trap_request=0xffffffcd fr.pc=0x00007efdab141806 relative=0x00000000000004c6
Event: 795.488 Thread 0x00007efdbc0b21e0 Uncommon trap: reason=intrinsic_or_type_checked_inlining action=reinterpret pc=0x00007efdab141806 method=java.io.DataOutputStream.writeInt(I)V @ 0 jvmci
Event: 795.488 Thread 0x00007efdbc0b21e0 DEOPT PACKING pc=0x00007efdab141806 sp=0x00007efda2afe000
Event: 795.488 Thread 0x00007efdbc0b21e0 DEOPT UNPACKING pc=0x00007efda3505325 sp=0x00007efda2afd4d8 mode 3
Event: 897.209 Thread 0x00007efdbc0b21e0 Uncommon trap: trap_request=0xffffffcd fr.pc=0x00007efdab1f5cf7 relative=0x0000000000000c57
Event: 897.209 Thread 0x00007efdbc0b21e0 Uncommon trap: reason=intrinsic_or_type_checked_inlining action=reinterpret pc=0x00007efdab1f5cf7 method=java.io.DataOutputStream.write([BII)V @ 0 jvmci
Event: 897.209 Thread 0x00007efdbc0b21e0 DEOPT PACKING pc=0x00007efdab1f5cf7 sp=0x00007efda2afdfb0
Event: 897.209 Thread 0x00007efdbc0b21e0 DEOPT UNPACKING pc=0x00007efda3505325 sp=0x00007efda2afd3d0 mode 3

Classes unloaded (20 events):
Event: 107.814 Thread 0x00007efdbc0a1c10 Unloading class 0x0000000800f00800 'jdk/internal/reflect/GeneratedConstructorAccessor10'
Event: 107.814 Thread 0x00007efdbc0a1c10 Unloading class 0x0000000800d99000 'java/lang/invoke/LambdaForm$MH+0x0000000800d99000'
Event: 107.814 Thread 0x00007efdbc0a1c10 Unloading class 0x0000000800d98c00 'java/lang/invoke/LambdaForm$MH+0x0000000800d98c00'
Event: 107.814 Thread 0x00007efdbc0a1c10 Unloading class 0x0000000800d98800 'java/lang/invoke/LambdaForm$MH+0x0000000800d98800'
Event: 107.814 Thread 0x00007efdbc0a1c10 Unloading class 0x0000000800d98400 'java/lang/invoke/LambdaForm$MH+0x0000000800d98400'
Event: 107.814 Thread 0x00007efdbc0a1c10 Unloading class 0x0000000800d98000 'jdk/internal/reflect/GeneratedConstructorAccessor3'
Event: 107.814 Thread 0x00007efdbc0a1c10 Unloading class 0x0000000800d06800 'java/lang/invoke/LambdaForm$MH+0x0000000800d06800'
Event: 107.814 Thread 0x00007efdbc0a1c10 Unloading class 0x0000000800d06000 'java/lang/invoke/LambdaForm$MH+0x0000000800d06000'
Event: 107.814 Thread 0x00007efdbc0a1c10 Unloading class 0x0000000800d05c00 'java/lang/invoke/LambdaForm$MH+0x0000000800d05c00'
Event: 107.814 Thread 0x00007efdbc0a1c10 Unloading class 0x0000000800d05800 'java/lang/invoke/LambdaForm$MH+0x0000000800d05800'
Event: 107.814 Thread 0x00007efdbc0a1c10 Unloading class 0x0000000800d05000 'java/lang/invoke/LambdaForm$MH+0x0000000800d05000'
Event: 107.814 Thread 0x00007efdbc0a1c10 Unloading class 0x0000000800d04c00 'java/lang/invoke/LambdaForm$MH+0x0000000800d04c00'
Event: 107.814 Thread 0x00007efdbc0a1c10 Unloading class 0x0000000800d04800 'java/lang/invoke/LambdaForm$MH+0x0000000800d04800'
Event: 107.814 Thread 0x00007efdbc0a1c10 Unloading class 0x0000000800d04000 'java/lang/invoke/LambdaForm$MH+0x0000000800d04000'
Event: 107.814 Thread 0x00007efdbc0a1c10 Unloading class 0x0000000800c1d000 'jdk/internal/reflect/GeneratedMethodAccessor5'
Event: 107.814 Thread 0x00007efdbc0a1c10 Unloading class 0x0000000800c1cc00 'jdk/internal/reflect/GeneratedMethodAccessor4'
Event: 107.814 Thread 0x00007efdbc0a1c10 Unloading class 0x0000000800c1c800 'jdk/internal/reflect/GeneratedMethodAccessor3'
Event: 107.814 Thread 0x00007efdbc0a1c10 Unloading class 0x0000000800c1c400 'jdk/internal/reflect/GeneratedMethodAccessor2'
Event: 107.814 Thread 0x00007efdbc0a1c10 Unloading class 0x0000000800c1c000 'jdk/internal/reflect/GeneratedMethodAccessor1'
Event: 107.814 Thread 0x00007efdbc0a1c10 Unloading class 0x0000000800c01c00 'java/lang/invoke/LambdaForm$DMH+0x0000000800c01c00'

Classes redefined (0 events):
No events

Internal exceptions (20 events):
Event: 81.479 Thread 0x00007efd28152e90 Exception <a 'java/lang/ArrayIndexOutOfBoundsException'{0x00000000f73ea7f0}: Index 1525 out of bounds for length 1525> (0x00000000f73ea7f0) 
thrown [src/hotspot/share/interpreter/interpreterRuntime.cpp, line 428]
Event: 82.971 Thread 0x00007efd28152e90 Exception <a 'java/lang/ArrayIndexOutOfBoundsException'{0x00000000f6025dc8}: Index 1525 out of bounds for length 1525> (0x00000000f6025dc8) 
thrown [src/hotspot/share/interpreter/interpreterRuntime.cpp, line 428]
Event: 82.971 Thread 0x00007efd28152e90 Exception <a 'java/lang/ArrayIndexOutOfBoundsException'{0x00000000f6026178}: Index 1526 out of bounds for length 1525> (0x00000000f6026178) 
thrown [src/hotspot/share/interpreter/interpreterRuntime.cpp, line 428]
Event: 83.049 Thread 0x00007efd2c000ff0 Exception <a 'sun/nio/fs/UnixException'{0x00000000f611dec0}> (0x00000000f611dec0) 
thrown [src/hotspot/share/prims/jni.cpp, line 516]
Event: 83.125 Thread 0x00007efd2c000ff0 Exception <a 'sun/nio/fs/UnixException'{0x00000000f62069d8}> (0x00000000f62069d8) 
thrown [src/hotspot/share/prims/jni.cpp, line 516]
Event: 83.150 Thread 0x00007efd2c000ff0 Exception <a 'sun/nio/fs/UnixException'{0x00000000f62e2330}> (0x00000000f62e2330) 
thrown [src/hotspot/share/prims/jni.cpp, line 516]
Event: 83.175 Thread 0x00007efd2c000ff0 Exception <a 'sun/nio/fs/UnixException'{0x00000000f630eaf0}> (0x00000000f630eaf0) 
thrown [src/hotspot/share/prims/jni.cpp, line 516]
Event: 83.218 Thread 0x00007efd2c000ff0 Exception <a 'sun/nio/fs/UnixException'{0x00000000f657de08}> (0x00000000f657de08) 
thrown [src/hotspot/share/prims/jni.cpp, line 516]
Event: 83.277 Thread 0x00007efd2c000ff0 Exception <a 'sun/nio/fs/UnixException'{0x00000000f6590608}> (0x00000000f6590608) 
thrown [src/hotspot/share/prims/jni.cpp, line 516]
Event: 83.402 Thread 0x00007efd2c000ff0 Exception <a 'sun/nio/fs/UnixException'{0x00000000f68e2620}> (0x00000000f68e2620) 
thrown [src/hotspot/share/prims/jni.cpp, line 516]
Event: 83.406 Thread 0x00007efd2c000ff0 Exception <a 'sun/nio/fs/UnixException'{0x00000000f691ca80}> (0x00000000f691ca80) 
thrown [src/hotspot/share/prims/jni.cpp, line 516]
Event: 83.474 Thread 0x00007efd2c000ff0 Exception <a 'sun/nio/fs/UnixException'{0x00000000f695dde0}> (0x00000000f695dde0) 
thrown [src/hotspot/share/prims/jni.cpp, line 516]
Event: 83.477 Thread 0x00007efd2c000ff0 Exception <a 'sun/nio/fs/UnixException'{0x00000000f69622a0}> (0x00000000f69622a0) 
thrown [src/hotspot/share/prims/jni.cpp, line 516]
Event: 83.498 Thread 0x00007efd2c000ff0 Exception <a 'sun/nio/fs/UnixException'{0x00000000f698f620}> (0x00000000f698f620) 
thrown [src/hotspot/share/prims/jni.cpp, line 516]
Event: 83.500 Thread 0x00007efd2c000ff0 Exception <a 'sun/nio/fs/UnixException'{0x00000000f6b443e0}> (0x00000000f6b443e0) 
thrown [src/hotspot/share/prims/jni.cpp, line 516]
Event: 83.606 Thread 0x00007efd2c018fc0 Exception <a 'java/lang/NoSuchMethodError'{0x00000000f6d47300}: 'java.lang.Object java.lang.invoke.DirectMethodHandle$Holder.invokeStatic(java.lang.Object, java.lang.Object, java.lang.Object, long)'> (0x00000000f6d47300) 
thrown [src/hotspot/share/interpreter/linkResolver.cpp, line 758]
Event: 83.607 Thread 0x00007efd2c018fc0 Exception <a 'java/lang/NoSuchMethodError'{0x00000000f6d50840}: 'java.lang.Object java.lang.invoke.DirectMethodHandle$Holder.newInvokeSpecial(java.lang.Object, java.lang.Object, java.lang.Object, long)'> (0x00000000f6d50840) 
thrown [src/hotspot/share/interpreter/linkResolver.cpp, line 758]
Event: 83.607 Thread 0x00007efd2c018fc0 Exception <a 'java/lang/NoSuchMethodError'{0x00000000f6d55bc8}: 'java.lang.Object java.lang.invoke.DirectMethodHandle$Holder.invokeSpecial(java.lang.Object, java.lang.Object, java.lang.Object, java.lang.Object, long)'> (0x00000000f6d55bc8) 
thrown [src/hotspot/share/interpreter/linkResolver.cpp, line 758]
Event: 83.612 Thread 0x00007efd2c018fc0 Exception <a 'java/lang/NoSuchMethodError'{0x00000000f6d59bd8}: 'java.lang.Object java.lang.invoke.Invokers$Holder.linkToTargetMethod(java.lang.Object, java.lang.Object, long, java.lang.Object)'> (0x00000000f6d59bd8) 
thrown [src/hotspot/share/interpreter/linkResolver.cpp, line 758]
Event: 1056.123 Thread 0x00007efdbc0b21e0 Exception <a 'java/lang/OutOfMemoryError'{0x00000000e0003e78}> (0x00000000e0003e78) 
thrown [src/hotspot/share/gc/shared/memAllocator.cpp, line 136]

VM Operations (20 events):
Event: 1026.923 Executing VM operation: ParallelGCFailedAllocation
Event: 1032.528 Executing VM operation: ParallelGCFailedAllocation done
Event: 1032.528 Executing VM operation: ParallelGCFailedAllocation
Event: 1037.321 Executing VM operation: ParallelGCFailedAllocation done
Event: 1037.321 Executing VM operation: ParallelGCFailedAllocation
Event: 1039.996 Executing VM operation: ParallelGCFailedAllocation done
Event: 1039.996 Executing VM operation: ParallelGCFailedAllocation
Event: 1041.608 Executing VM operation: ParallelGCFailedAllocation done
Event: 1041.608 Executing VM operation: ParallelGCFailedAllocation
Event: 1043.107 Executing VM operation: ParallelGCFailedAllocation done
Event: 1043.107 Executing VM operation: ParallelGCFailedAllocation
Event: 1044.516 Executing VM operation: ParallelGCFailedAllocation done
Event: 1044.517 Executing VM operation: ParallelGCFailedAllocation
Event: 1046.118 Executing VM operation: ParallelGCFailedAllocation done
Event: 1046.118 Executing VM operation: ParallelGCFailedAllocation
Event: 1047.479 Executing VM operation: ParallelGCFailedAllocation done
Event: 1047.479 Executing VM operation: ParallelGCFailedAllocation
Event: 1049.085 Executing VM operation: ParallelGCFailedAllocation done
Event: 1049.085 Executing VM operation: ParallelGCFailedAllocation
Event: 1056.091 Executing VM operation: ParallelGCFailedAllocation done

Events (20 events):
Event: 80.981 Thread 0x00007efdbc0b4b40 flushing nmethod 0x00007efda4bd7e90
Event: 80.981 Thread 0x00007efdbc0b4b40 flushing nmethod 0x00007efda4bd8c90
Event: 80.983 Thread 0x00007efdbc0b4b40 flushing nmethod 0x00007efda4c56e90
Event: 80.983 Thread 0x00007efdbc0b4b40 flushing nmethod 0x00007efda4cc4310
Event: 80.983 Thread 0x00007efdbc0b4b40 flushing nmethod 0x00007efda4d4e010
Event: 80.983 Thread 0x00007efdbc0b4b40 flushing nmethod 0x00007efda4d5a190
Event: 80.983 Thread 0x00007efdbc0b4b40 flushing nmethod 0x00007efda4d5ba90
Event: 80.983 Thread 0x00007efdbc0b4b40 flushing nmethod 0x00007efda4d5c010
Event: 80.983 Thread 0x00007efdbc0b4b40 flushing nmethod 0x00007efda4d65b90
Event: 80.986 Thread 0x00007efdbc0b4b40 flushing nmethod 0x00007efda4e7b310
Event: 80.986 Thread 0x00007efdbc0b4b40 flushing nmethod 0x00007efda4e7d010
Event: 80.996 Thread 0x00007efd200884b0 Thread added: 0x00007efd200884b0
Event: 80.996 Protecting memory [0x00007efd68000000,0x00007efd68004000] with protection modes 0
Event: 83.500 Thread 0x00007efd200884b0 Thread exited: 0x00007efd200884b0
Event: 87.376 Thread 0x00007efd28152e90 Thread exited: 0x00007efd28152e90
Event: 199.218 Thread 0x00007efd4c0016a0 Thread exited: 0x00007efd4c0016a0
Event: 212.310 Thread 0x00007efd440010d0 Thread exited: 0x00007efd440010d0
Event: 249.819 Thread 0x00007efd2c018fc0 Thread exited: 0x00007efd2c018fc0
Event: 325.400 Thread 0x00007efd4c0016a0 Thread added: 0x00007efd4c0016a0
Event: 325.400 Protecting memory [0x00007efd68d00000,0x00007efd68d04000] with protection modes 0


Dynamic libraries:
e0000000-f5580000 rw-p 00000000 00:00 0 
f5580000-f8d80000 rw-p 00000000 00:00 0 
f8d80000-100000000 ---p 00000000 00:00 0 
800000000-800449000 rw-p 00001000 00:159a 4611686019135357769            /nix/store/gpxl5qgg8kicmcvivwmybwjlpf7wh20l-graalvm17-ce-22.3.0/lib/server/classes.jsa
800449000-800bc8000 r--p 0044a000 00:159a 4611686019135357769            /nix/store/gpxl5qgg8kicmcvivwmybwjlpf7wh20l-graalvm17-ce-22.3.0/lib/server/classes.jsa
800bc8000-800c00000 ---p 00000000 00:00 0 
800c00000-800c20000 rw-p 00000000 00:00 0 
800c20000-800c40000 rw-p 00000000 00:00 0 
800c40000-800cc0000 rw-p 00000000 00:00 0 
800cc0000-800d00000 rw-p 00000000 00:00 0 
800d00000-800dc0000 rw-p 00000000 00:00 0 
800dc0000-800e00000 rw-p 00000000 00:00 0 
800e00000-800f40000 rw-p 00000000 00:00 0 
800f40000-800fc0000 rw-p 00000000 00:00 0 
800fc0000-801000000 rw-p 00000000 00:00 0 
801000000-801180000 rw-p 00000000 00:00 0 
801180000-840c00000 ---p 00000000 00:00 0 
563814e9e000-563814e9f000 r-xp 00000000 00:159a 4611686019099417844      /nix/store/gpxl5qgg8kicmcvivwmybwjlpf7wh20l-graalvm17-ce-22.3.0/bin/.java-wrapped
563814ea0000-563814ea1000 r--p 00001000 00:159a 4611686019099417844      /nix/store/gpxl5qgg8kicmcvivwmybwjlpf7wh20l-graalvm17-ce-22.3.0/bin/.java-wrapped
563814ea1000-563814ea2000 rw-p 00002000 00:159a 4611686019099417844      /nix/store/gpxl5qgg8kicmcvivwmybwjlpf7wh20l-graalvm17-ce-22.3.0/bin/.java-wrapped
563814ea2000-563814ea3000 rw-p 00004000 00:159a 4611686019099417844      /nix/store/gpxl5qgg8kicmcvivwmybwjlpf7wh20l-graalvm17-ce-22.3.0/bin/.java-wrapped
563814ea3000-563814ea4000 rw-p 00005000 00:159a 4611686019099417844      /nix/store/gpxl5qgg8kicmcvivwmybwjlpf7wh20l-graalvm17-ce-22.3.0/bin/.java-wrapped
563814ee8000-563814f30000 rw-p 00000000 00:00 0                          [heap]
7efcd0000000-7efcd0021000 rw-p 00000000 00:00 0 
7efcd0021000-7efcd4000000 ---p 00000000 00:00 0 
7efcd4000000-7efcd4021000 rw-p 00000000 00:00 0 
7efcd4021000-7efcd8000000 ---p 00000000 00:00 0 
7efcd8000000-7efcd8021000 rw-p 00000000 00:00 0 
7efcd8021000-7efcdc000000 ---p 00000000 00:00 0 
7efcdc000000-7efcdc061000 rw-p 00000000 00:00 0 
7efcdc061000-7efce0000000 ---p 00000000 00:00 0 
7efce0000000-7efce0021000 rw-p 00000000 00:00 0 
7efce0021000-7efce4000000 ---p 00000000 00:00 0 
7efce4000000-7efce4021000 rw-p 00000000 00:00 0 
7efce4021000-7efce8000000 ---p 00000000 00:00 0 
7efce8000000-7efce8021000 rw-p 00000000 00:00 0 
7efce8021000-7efcec000000 ---p 00000000 00:00 0 
7efcec000000-7efcec021000 rw-p 00000000 00:00 0 
7efcec021000-7efcf0000000 ---p 00000000 00:00 0 
7efcf0000000-7efcf0021000 rw-p 00000000 00:00 0 
7efcf0021000-7efcf4000000 ---p 00000000 00:00 0 
7efcf4000000-7efcf4021000 rw-p 00000000 00:00 0 
7efcf4021000-7efcf8000000 ---p 00000000 00:00 0 
7efcf8000000-7efcf8021000 rw-p 00000000 00:00 0 
7efcf8021000-7efcfc000000 ---p 00000000 00:00 0 
7efcfc000000-7efcfc021000 rw-p 00000000 00:00 0 
7efcfc021000-7efd00000000 ---p 00000000 00:00 0 
7efd00000000-7efd00021000 rw-p 00000000 00:00 0 
7efd00021000-7efd04000000 ---p 00000000 00:00 0 
7efd07400000-7efd07820000 rw-p 00000000 00:00 0 
7efd07820000-7efd07c00000 ---p 00000000 00:00 0 
7efd08000000-7efd08021000 rw-p 00000000 00:00 0 
7efd08021000-7efd0c000000 ---p 00000000 00:00 0 
7efd0c000000-7efd0c021000 rw-p 00000000 00:00 0 
7efd0c021000-7efd10000000 ---p 00000000 00:00 0 
7efd10000000-7efd10021000 rw-p 00000000 00:00 0 
7efd10021000-7efd14000000 ---p 00000000 00:00 0 
7efd14a00000-7efd14b00000 ---p 00000000 00:00 0 
7efd14b00000-7efd150af000 r--p 01122000 00:159a 4611686019135190040      /nix/store/gpxl5qgg8kicmcvivwmybwjlpf7wh20l-graalvm17-ce-22.3.0/lib/libjvmcicompiler.so
7efd150af000-7efd15200000 r--p 00000000 00:00 0 
7efd15200000-7efd1523d000 rw-p 00000000 00:00 0 
7efd1523d000-7efd1575d000 rw-p 0185f000 00:159a 4611686019135190040      /nix/store/gpxl5qgg8kicmcvivwmybwjlpf7wh20l-graalvm17-ce-22.3.0/lib/libjvmcicompiler.so
7efd1575d000-7efd15b44000 r--p 01d7f000 00:159a 4611686019135190040      /nix/store/gpxl5qgg8kicmcvivwmybwjlpf7wh20l-graalvm17-ce-22.3.0/lib/libjvmcicompiler.so
7efd15c00000-7efd15de0000 rw-p 00000000 00:00 0 
7efd15de0000-7efd15e00000 rw-p 00000000 00:00 0 
7efd15e00000-7efd15f00000 rw-p 00000000 00:00 0 
7efd15f00000-7efd15f70000 rw-p 00000000 00:00 0 
7efd15f70000-7efd16000000 ---p 00000000 00:00 0 
7efd16000000-7efd16400000 rw-p 00000000 00:00 0 
7efd164b3000-7efd20000000 r--s 00000000 00:159a 4611686019135192581      /nix/store/gpxl5qgg8kicmcvivwmybwjlpf7wh20l-graalvm17-ce-22.3.0/lib/modules
7efd20000000-7efd200f7000 rw-p 00000000 00:00 0 
7efd200f7000-7efd24000000 ---p 00000000 00:00 0 
7efd24000000-7efd24021000 rw-p 00000000 00:00 0 
7efd24021000-7efd28000000 ---p 00000000 00:00 0 
7efd28000000-7efd28205000 rw-p 00000000 00:00 0 
7efd28205000-7efd2c000000 ---p 00000000 00:00 0 
7efd2c000000-7efd2c0e4000 rw-p 00000000 00:00 0 
7efd2c0e4000-7efd30000000 ---p 00000000 00:00 0 
7efd30000000-7efd30021000 rw-p 00000000 00:00 0 
7efd30021000-7efd34000000 ---p 00000000 00:00 0 
7efd34000000-7efd34021000 rw-p 00000000 00:00 0 
7efd34021000-7efd38000000 ---p 00000000 00:00 0 
7efd38000000-7efd38112000 rw-p 00000000 00:00 0 
7efd38112000-7efd3c000000 ---p 00000000 00:00 0 
7efd3c000000-7efd3c061000 rw-p 00000000 00:00 0 
7efd3c061000-7efd40000000 ---p 00000000 00:00 0 
7efd40000000-7efd40021000 rw-p 00000000 00:00 0 
7efd40021000-7efd44000000 ---p 00000000 00:00 0 
7efd44000000-7efd44316000 rw-p 00000000 00:00 0 
7efd44316000-7efd48000000 ---p 00000000 00:00 0 
7efd48000000-7efd48021000 rw-p 00000000 00:00 0 
7efd48021000-7efd4c000000 ---p 00000000 00:00 0 
7efd4c000000-7efd4c106000 rw-p 00000000 00:00 0 
7efd4c106000-7efd50000000 ---p 00000000 00:00 0 
7efd50000000-7efd5090a000 rw-p 00000000 00:00 0 
7efd5090a000-7efd54000000 ---p 00000000 00:00 0 
7efd54000000-7efd54026000 rw-p 00000000 00:00 0 
7efd54026000-7efd58000000 ---p 00000000 00:00 0 
7efd58000000-7efd58021000 rw-p 00000000 00:00 0 
7efd58021000-7efd5c000000 ---p 00000000 00:00 0 
7efd5c000000-7efd5c021000 rw-p 00000000 00:00 0 
7efd5c021000-7efd60000000 ---p 00000000 00:00 0 
7efd60000000-7efd60021000 rw-p 00000000 00:00 0 
7efd60021000-7efd64000000 ---p 00000000 00:00 0 
7efd64400000-7efd64500000 rw-p 00000000 00:00 0 
7efd64500000-7efd64600000 rw-p 00000000 00:00 0 
7efd64600000-7efd64c00000 rw-p 00000000 00:00 0 
7efd64c00000-7efd64cc0000 rw-p 00000000 00:00 0 
7efd64cc0000-7efd64d00000 rw-p 00000000 00:00 0 
7efd64d00000-7efd64f00000 rw-p 00000000 00:00 0 
7efd64f00000-7efd64fc0000 rw-p 00000000 00:00 0 
7efd64fc0000-7efd65000000 rw-p 00000000 00:00 0 
7efd65000000-7efd65100000 rw-p 00000000 00:00 0 
7efd65100000-7efd65200000 rw-p 00000000 00:00 0 
7efd65200000-7efd65400000 rw-p 00000000 00:00 0 
7efd65400000-7efd65500000 rw-p 00000000 00:00 0 
7efd65500000-7efd65600000 rw-p 00000000 00:00 0 
7efd65600000-7efd65bc0000 rw-p 00000000 00:00 0 
7efd65bc0000-7efd65c00000 rw-p 00000000 00:00 0 
7efd65c00000-7efd65d00000 rw-p 00000000 00:00 0 
7efd65d00000-7efd65e00000 rw-p 00000000 00:00 0 
7efd65e00000-7efd66100000 rw-p 00000000 00:00 0 
7efd66100000-7efd66200000 rw-p 00000000 00:00 0 
7efd66200000-7efd66400000 rw-p 00000000 00:00 0 
7efd67000000-7efd67010000 r-xp 00000000 00:1592 356                      /home/runner/.cache/jdt-language-server/config/org.eclipse.equinox.launcher/org.eclipse.equinox.launcher.gtk.linux.x86_64_1.2.400.v20211117-0650/eclipse_11600.so
7efd67010000-7efd6720f000 ---p 00010000 00:1592 356                      /home/runner/.cache/jdt-language-server/config/org.eclipse.equinox.launcher/org.eclipse.equinox.launcher.gtk.linux.x86_64_1.2.400.v20211117-0650/eclipse_11600.so
7efd6720f000-7efd67210000 r--p 0000f000 00:1592 356                      /home/runner/.cache/jdt-language-server/config/org.eclipse.equinox.launcher/org.eclipse.equinox.launcher.gtk.linux.x86_64_1.2.400.v20211117-0650/eclipse_11600.so
7efd67210000-7efd67211000 rw-p 00010000 00:1592 356                      /home/runner/.cache/jdt-language-server/config/org.eclipse.equinox.launcher/org.eclipse.equinox.launcher.gtk.linux.x86_64_1.2.400.v20211117-0650/eclipse_11600.so
7efd67f00000-7efd67f04000 ---p 00000000 00:00 0 
7efd67f04000-7efd68000000 rw-p 00000000 00:00 0 
7efd68000000-7efd68004000 ---p 00000000 00:00 0 
7efd68004000-7efd68100000 rw-p 00000000 00:00 0 
7efd68100000-7efd68104000 ---p 00000000 00:00 0 
7efd68104000-7efd68200000 rw-p 00000000 00:00 0 
7efd68300000-7efd68304000 ---p 00000000 00:00 0 
7efd68304000-7efd68400000 rw-p 00000000 00:00 0 
7efd68500000-7efd68504000 ---p 00000000 00:00 0 
7efd68504000-7efd68600000 rw-p 00000000 00:00 0 
7efd68800000-7efd68804000 ---p 00000000 00:00 0 
7efd68804000-7efd68900000 rw-p 00000000 00:00 0 
7efd68900000-7efd68904000 ---p 00000000 00:00 0 
7efd68904000-7efd68a00000 rw-p 00000000 00:00 0 
7efd68a00000-7efd68a04000 ---p 00000000 00:00 0 
7efd68a04000-7efd68b00000 rw-p 00000000 00:00 0 
7efd68b00000-7efd68b04000 ---p 00000000 00:00 0 
7efd68b04000-7efd68c00000 rw-p 00000000 00:00 0 
7efd68c00000-7efd68c04000 ---p 00000000 00:00 0 
7efd68c04000-7efd68d00000 rw-p 00000000 00:00 0 
7efd68d00000-7efd68d04000 ---p 00000000 00:00 0 
7efd68d04000-7efd68e00000 rw-p 00000000 00:00 0 
7efd68e00000-7efd68e04000 ---p 00000000 00:00 0 
7efd68e04000-7efd68f00000 rw-p 00000000 00:00 0 
7efd68f00000-7efd68f04000 ---p 00000000 00:00 0 
7efd68f04000-7efd69000000 rw-p 00000000 00:00 0 
7efd69000000-7efd69004000 ---p 00000000 00:00 0 
7efd69004000-7efd69100000 rw-p 00000000 00:00 0 
7efd69100000-7efd69104000 ---p 00000000 00:00 0 
7efd69104000-7efd69200000 rw-p 00000000 00:00 0 
7efd69200000-7efd69204000 ---p 00000000 00:00 0 
7efd69204000-7efd69300000 rw-p 00000000 00:00 0 
7efd69300000-7efd69304000 ---p 00000000 00:00 0 
7efd69304000-7efd69400000 rw-p 00000000 00:00 0 
7efd69500000-7efd69504000 ---p 00000000 00:00 0 
7efd69504000-7efd69600000 rw-p 00000000 00:00 0 
7efd69600000-7efd69604000 ---p 00000000 00:00 0 
7efd69604000-7efd69700000 rw-p 00000000 00:00 0 
7efd69700000-7efd69704000 ---p 00000000 00:00 0 
7efd69704000-7efd69800000 rw-p 00000000 00:00 0 
7efd69900000-7efd69904000 ---p 00000000 00:00 0 
7efd69904000-7efd69a00000 rw-p 00000000 00:00 0 
7efd69b00000-7efd69b04000 ---p 00000000 00:00 0 
7efd69b04000-7efd69c00000 rw-p 00000000 00:00 0 
7efd69c00000-7efd6bd6a000 r-xp 00000000 00:159a 4611686019135190040      /nix/store/gpxl5qgg8kicmcvivwmybwjlpf7wh20l-graalvm17-ce-22.3.0/lib/libjvmcicompiler.so
7efd6bd6a000-7efd6bf69000 ---p 0216a000 00:159a 4611686019135190040      /nix/store/gpxl5qgg8kicmcvivwmybwjlpf7wh20l-graalvm17-ce-22.3.0/lib/libjvmcicompiler.so
7efd6bf69000-7efd6bf6a000 r--p 02169000 00:159a 4611686019135190040      /nix/store/gpxl5qgg8kicmcvivwmybwjlpf7wh20l-graalvm17-ce-22.3.0/lib/libjvmcicompiler.so
7efd6bf6a000-7efd6bf6c000 rw-p 0216a000 00:159a 4611686019135190040      /nix/store/gpxl5qgg8kicmcvivwmybwjlpf7wh20l-graalvm17-ce-22.3.0/lib/libjvmcicompiler.so
7efd6bf6c000-7efd6bf6d000 rw-p 00000000 00:00 0 
7efd6bf6d000-7efd6bf72000 rw-p 023c3000 00:159a 4611686019135190040      /nix/store/gpxl5qgg8kicmcvivwmybwjlpf7wh20l-graalvm17-ce-22.3.0/lib/libjvmcicompiler.so
7efd6c000000-7efd6c021000 rw-p 00000000 00:00 0 
7efd6c021000-7efd70000000 ---p 00000000 00:00 0 
7efd70000000-7efd70021000 rw-p 00000000 00:00 0 
7efd70021000-7efd74000000 ---p 00000000 00:00 0 
7efd74000000-7efd74021000 rw-p 00000000 00:00 0 
7efd74021000-7efd78000000 ---p 00000000 00:00 0 
7efd78000000-7efd78021000 rw-p 00000000 00:00 0 
7efd78021000-7efd7c000000 ---p 00000000 00:00 0 
7efd7c000000-7efd7c0da000 rw-p 00000000 00:00 0 
7efd7c0da000-7efd80000000 ---p 00000000 00:00 0 
7efd80000000-7efd80bd7000 rw-p 00000000 00:00 0 
7efd80bd7000-7efd84000000 ---p 00000000 00:00 0 
7efd84000000-7efd84021000 rw-p 00000000 00:00 0 
7efd84021000-7efd88000000 ---p 00000000 00:00 0 
7efd88000000-7efd88021000 rw-p 00000000 00:00 0 
7efd88021000-7efd8c000000 ---p 00000000 00:00 0 
7efd8c000000-7efd8c021000 rw-p 00000000 00:00 0 
7efd8c021000-7efd90000000 ---p 00000000 00:00 0 
7efd90000000-7efd90021000 rw-p 00000000 00:00 0 
7efd90021000-7efd94000000 ---p 00000000 00:00 0 
7efd94000000-7efd94021000 rw-p 00000000 00:00 0 
7efd94021000-7efd98000000 ---p 00000000 00:00 0 
7efd98000000-7efd98021000 rw-p 00000000 00:00 0 
7efd98021000-7efd9c000000 ---p 00000000 00:00 0 
7efd9c000000-7efd9c053000 rw-p 00000000 00:00 0 
7efd9c053000-7efda0004000 ---p 00000000 00:00 0 
7efda0004000-7efda0100000 rw-p 00000000 00:00 0 
7efda0100000-7efda0104000 ---p 00000000 00:00 0 
7efda0104000-7efda0200000 rw-p 00000000 00:00 0 
7efda0200000-7efda0204000 ---p 00000000 00:00 0 
7efda0204000-7efda0300000 rw-p 00000000 00:00 0 
7efda0400000-7efda0404000 ---p 00000000 00:00 0 
7efda0404000-7efda0500000 rw-p 00000000 00:00 0 
7efda0500000-7efda0504000 ---p 00000000 00:00 0 
7efda0504000-7efda0600000 rw-p 00000000 00:00 0 
7efda0600000-7efda0604000 ---p 00000000 00:00 0 
7efda0604000-7efda0700000 rw-p 00000000 00:00 0 
7efda0800000-7efda0804000 ---p 00000000 00:00 0 
7efda0804000-7efda0900000 rw-p 00000000 00:00 0 
7efda0a00000-7efda0a04000 ---p 00000000 00:00 0 
7efda0a04000-7efda0b00000 rw-p 00000000 00:00 0 
7efda0c00000-7efda0c04000 ---p 00000000 00:00 0 
7efda0c04000-7efda0d00000 rw-p 00000000 00:00 0 
7efda0d00000-7efda0d04000 ---p 00000000 00:00 0 
7efda0d04000-7efda0e00000 rw-p 00000000 00:00 0 
7efda0e00000-7efda0e04000 ---p 00000000 00:00 0 
7efda0e04000-7efda0f00000 rw-p 00000000 00:00 0 
7efda0f00000-7efda0f04000 ---p 00000000 00:00 0 
7efda0f04000-7efda1000000 rw-p 00000000 00:00 0 
7efda1000000-7efda1004000 ---p 00000000 00:00 0 
7efda1004000-7efda1100000 rw-p 00000000 00:00 0 
7efda1d68000-7efda2200000 rw-p 00000000 00:00 0 
7efda22fe000-7efda22ff000 ---p 00000000 00:00 0 
7efda22ff000-7efda2400000 rw-p 00000000 00:00 0 
7efda2400000-7efda2404000 ---p 00000000 00:00 0 
7efda2404000-7efda2500000 rw-p 00000000 00:00 0 
7efda2500000-7efda2504000 ---p 00000000 00:00 0 
7efda2504000-7efda2600000 rw-p 00000000 00:00 0 
7efda2600000-7efda2604000 ---p 00000000 00:00 0 
7efda2604000-7efda2700000 rw-p 00000000 00:00 0 
7efda2700000-7efda2704000 ---p 00000000 00:00 0 
7efda2704000-7efda2900000 rw-p 00000000 00:00 0 
7efda2900000-7efda2904000 ---p 00000000 00:00 0 
7efda2904000-7efda2b00000 rw-p 00000000 00:00 0 
7efda2b00000-7efda2b04000 ---p 00000000 00:00 0 
7efda2b04000-7efda3000000 rw-p 00000000 00:00 0 
7efda3000000-7efda3300000 rw-p 00000000 00:00 0 
7efda3300000-7efda3400000 rw-p 00000000 00:00 0 
7efda3465000-7efda3467000 r-xp 00000000 00:159a 4611686019135190017      /nix/store/gpxl5qgg8kicmcvivwmybwjlpf7wh20l-graalvm17-ce-22.3.0/lib/libextnet.so
7efda3467000-7efda3468000 r--p 00001000 00:159a 4611686019135190017      /nix/store/gpxl5qgg8kicmcvivwmybwjlpf7wh20l-graalvm17-ce-22.3.0/lib/libextnet.so
7efda3468000-7efda3469000 rw-p 00002000 00:159a 4611686019135190017      /nix/store/gpxl5qgg8kicmcvivwmybwjlpf7wh20l-graalvm17-ce-22.3.0/lib/libextnet.so
7efda3469000-7efda346a000 rw-p 00004000 00:159a 4611686019135190017      /nix/store/gpxl5qgg8kicmcvivwmybwjlpf7wh20l-graalvm17-ce-22.3.0/lib/libextnet.so
7efda346a000-7efda346e000 ---p 00000000 00:00 0 
7efda346e000-7efda348c000 rw-p 00000000 00:00 0 
7efda348c000-7efda3493000 r-xp 00000000 00:159a 4611686019135192580      /nix/store/gpxl5qgg8kicmcvivwmybwjlpf7wh20l-graalvm17-ce-22.3.0/lib/libzip.so
7efda3493000-7efda3494000 ---p 00007000 00:159a 4611686019135192580      /nix/store/gpxl5qgg8kicmcvivwmybwjlpf7wh20l-graalvm17-ce-22.3.0/lib/libzip.so
7efda3494000-7efda3495000 r--p 00007000 00:159a 4611686019135192580      /nix/store/gpxl5qgg8kicmcvivwmybwjlpf7wh20l-graalvm17-ce-22.3.0/lib/libzip.so
7efda3495000-7efda3496000 rw-p 00008000 00:159a 4611686019135192580      /nix/store/gpxl5qgg8kicmcvivwmybwjlpf7wh20l-graalvm17-ce-22.3.0/lib/libzip.so
7efda3496000-7efda3498000 rw-p 0000b000 00:159a 4611686019135192580      /nix/store/gpxl5qgg8kicmcvivwmybwjlpf7wh20l-graalvm17-ce-22.3.0/lib/libzip.so
7efda3498000-7efda34ad000 r-xp 00000000 00:159a 4611686019135192570      /nix/store/gpxl5qgg8kicmcvivwmybwjlpf7wh20l-graalvm17-ce-22.3.0/lib/libnet.so
7efda34ad000-7efda34ae000 ---p 00015000 00:159a 4611686019135192570      /nix/store/gpxl5qgg8kicmcvivwmybwjlpf7wh20l-graalvm17-ce-22.3.0/lib/libnet.so
7efda34ae000-7efda34af000 r--p 00015000 00:159a 4611686019135192570      /nix/store/gpxl5qgg8kicmcvivwmybwjlpf7wh20l-graalvm17-ce-22.3.0/lib/libnet.so
7efda34af000-7efda34b0000 rw-p 00016000 00:159a 4611686019135192570      /nix/store/gpxl5qgg8kicmcvivwmybwjlpf7wh20l-graalvm17-ce-22.3.0/lib/libnet.so
7efda34b0000-7efda34b3000 rw-p 0001b000 00:159a 4611686019135192570      /nix/store/gpxl5qgg8kicmcvivwmybwjlpf7wh20l-graalvm17-ce-22.3.0/lib/libnet.so
7efda34b3000-7efda3723000 rwxp 00000000 00:00 0 
7efda3723000-7efda3a42000 ---p 00000000 00:00 0 
7efda3a42000-7efda4ee2000 rwxp 00000000 00:00 0 
7efda4ee2000-7efdaaf7a000 ---p 00000000 00:00 0 
7efdaaf7a000-7efdab1fa000 rwxp 00000000 00:00 0 
7efdab1fa000-7efdb24b3000 ---p 00000000 00:00 0 
7efdb24b3000-7efdbc000000 r--s 00000000 00:159a 4611686019135192581      /nix/store/gpxl5qgg8kicmcvivwmybwjlpf7wh20l-graalvm17-ce-22.3.0/lib/modules
7efdbc000000-7efdbc603000 rw-p 00000000 00:00 0 
7efdbc603000-7efdc0000000 ---p 00000000 00:00 0 
7efdc0002000-7efdc0015000 r-xp 00000000 00:159a 4611686019135192571      /nix/store/gpxl5qgg8kicmcvivwmybwjlpf7wh20l-graalvm17-ce-22.3.0/lib/libnio.so
7efdc0015000-7efdc0016000 r--p 00012000 00:159a 4611686019135192571      /nix/store/gpxl5qgg8kicmcvivwmybwjlpf7wh20l-graalvm17-ce-22.3.0/lib/libnio.so
7efdc0016000-7efdc0017000 rw-p 00013000 00:159a 4611686019135192571      /nix/store/gpxl5qgg8kicmcvivwmybwjlpf7wh20l-graalvm17-ce-22.3.0/lib/libnio.so
7efdc0017000-7efdc001c000 rw-p 00019000 00:159a 4611686019135192571      /nix/store/gpxl5qgg8kicmcvivwmybwjlpf7wh20l-graalvm17-ce-22.3.0/lib/libnio.so
7efdc001c000-7efdc0020000 ---p 00000000 00:00 0 
7efdc0020000-7efdc011c000 rw-p 00000000 00:00 0 
7efdc011c000-7efdc0120000 ---p 00000000 00:00 0 
7efdc0120000-7efdc021c000 rw-p 00000000 00:00 0 
7efdc021c000-7efdc0502000 r--p 00000000 00:fab 28444448                  /usr/lib/locale/locale-archive
7efdc0502000-7efdc0506000 ---p 00000000 00:00 0 
7efdc0506000-7efdc0602000 rw-p 00000000 00:00 0 
7efdc0602000-7efdc0606000 ---p 00000000 00:00 0 
7efdc0606000-7efdc0702000 rw-p 00000000 00:00 0 
7efdc0702000-7efdc0703000 ---p 00000000 00:00 0 
7efdc0703000-7efdc0804000 rw-p 00000000 00:00 0 
7efdc0804000-7efdc08d2000 r-xp 00000000 00:159a 4611686019135190036      /nix/store/gpxl5qgg8kicmcvivwmybwjlpf7wh20l-graalvm17-ce-22.3.0/lib/libjsvml.so
7efdc08d2000-7efdc08d3000 r--p 000cd000 00:159a 4611686019135190036      /nix/store/gpxl5qgg8kicmcvivwmybwjlpf7wh20l-graalvm17-ce-22.3.0/lib/libjsvml.so
7efdc08d3000-7efdc08d4000 rw-p 000ce000 00:159a 4611686019135190036      /nix/store/gpxl5qgg8kicmcvivwmybwjlpf7wh20l-graalvm17-ce-22.3.0/lib/libjsvml.so
7efdc08d4000-7efdc21ac000 rw-p 00000000 00:00 0 
7efdc21ac000-7efdc21ad000 ---p 00000000 00:00 0 
7efdc21ad000-7efdc2358000 rw-p 00000000 00:00 0 
7efdc2358000-7efdc2375000 rw-p 00000000 00:00 0 
7efdc2375000-7efdc23ae000 ---p 00000000 00:00 0 
7efdc23ae000-7efdc23b4000 rw-p 00000000 00:00 0 
7efdc23b4000-7efdc249a000 ---p 00000000 00:00 0 
7efdc249a000-7efdc24c4000 rw-p 00000000 00:00 0 
7efdc24c4000-7efdc2585000 ---p 00000000 00:00 0 
7efdc2585000-7efdc258a000 rw-p 00000000 00:00 0 
7efdc258a000-7efdc2591000 ---p 00000000 00:00 0 
7efdc2591000-7efdc25b5000 r-xp 00000000 00:159a 4611686019135190028      /nix/store/gpxl5qgg8kicmcvivwmybwjlpf7wh20l-graalvm17-ce-22.3.0/lib/libjava.so
7efdc25b5000-7efdc25b6000 ---p 00024000 00:159a 4611686019135190028      /nix/store/gpxl5qgg8kicmcvivwmybwjlpf7wh20l-graalvm17-ce-22.3.0/lib/libjava.so
7efdc25b6000-7efdc25b7000 r--p 00024000 00:159a 4611686019135190028      /nix/store/gpxl5qgg8kicmcvivwmybwjlpf7wh20l-graalvm17-ce-22.3.0/lib/libjava.so
7efdc25b7000-7efdc25b8000 rw-p 00025000 00:159a 4611686019135190028      /nix/store/gpxl5qgg8kicmcvivwmybwjlpf7wh20l-graalvm17-ce-22.3.0/lib/libjava.so
7efdc25b8000-7efdc25b9000 rw-p 00000000 00:00 0 
7efdc25b9000-7efdc25c0000 rw-p 0002f000 00:159a 4611686019135190028      /nix/store/gpxl5qgg8kicmcvivwmybwjlpf7wh20l-graalvm17-ce-22.3.0/lib/libjava.so
7efdc25c0000-7efdc25c8000 rw-s 00000000 00:131f 351                      /tmp/hsperfdata_runner/38
7efdc25c8000-7efdc25c9000 ---p 00000000 00:00 0 
7efdc25c9000-7efdc25ca000 r--p 00000000 00:00 0 
7efdc25ca000-7efdc25cb000 rwxp 00000000 00:00 0 
7efdc25cb000-7efdc25e6000 r-xp 00000000 00:159a 4611686019135190032      /nix/store/gpxl5qgg8kicmcvivwmybwjlpf7wh20l-graalvm17-ce-22.3.0/lib/libjimage.so
7efdc25e6000-7efdc25e7000 ---p 0001b000 00:159a 4611686019135190032      /nix/store/gpxl5qgg8kicmcvivwmybwjlpf7wh20l-graalvm17-ce-22.3.0/lib/libjimage.so
7efdc25e7000-7efdc25e9000 r--p 0001b000 00:159a 4611686019135190032      /nix/store/gpxl5qgg8kicmcvivwmybwjlpf7wh20l-graalvm17-ce-22.3.0/lib/libjimage.so
7efdc25e9000-7efdc25ea000 rw-p 0001d000 00:159a 4611686019135190032      /nix/store/gpxl5qgg8kicmcvivwmybwjlpf7wh20l-graalvm17-ce-22.3.0/lib/libjimage.so
7efdc25ea000-7efdc25eb000 rw-p 00024000 00:159a 4611686019135190032      /nix/store/gpxl5qgg8kicmcvivwmybwjlpf7wh20l-graalvm17-ce-22.3.0/lib/libjimage.so
7efdc25eb000-7efdc25ef000 ---p 00000000 00:00 0 
7efdc25ef000-7efdc26eb000 rw-p 00000000 00:00 0 
7efdc26eb000-7efdc26f9000 r--p 00000000 00:159a 4611686019027979927      /nix/store/4nlgxhb09sdr51nc9hdm8az5b08vzkgx-glibc-2.35-163/lib/libm.so.6
7efdc26f9000-7efdc276c000 r-xp 0000e000 00:159a 4611686019027979927      /nix/store/4nlgxhb09sdr51nc9hdm8az5b08vzkgx-glibc-2.35-163/lib/libm.so.6
7efdc276c000-7efdc27c9000 r--p 00081000 00:159a 4611686019027979927      /nix/store/4nlgxhb09sdr51nc9hdm8az5b08vzkgx-glibc-2.35-163/lib/libm.so.6
7efdc27c9000-7efdc27ca000 r--p 000dd000 00:159a 4611686019027979927      /nix/store/4nlgxhb09sdr51nc9hdm8az5b08vzkgx-glibc-2.35-163/lib/libm.so.6
7efdc27ca000-7efdc27cb000 rw-p 000de000 00:159a 4611686019027979927      /nix/store/4nlgxhb09sdr51nc9hdm8az5b08vzkgx-glibc-2.35-163/lib/libm.so.6
7efdc27cb000-7efdc27cc000 r--p 00000000 00:159a 4611686019027979946      /nix/store/4nlgxhb09sdr51nc9hdm8az5b08vzkgx-glibc-2.35-163/lib/librt.so.1
7efdc27cc000-7efdc27cd000 r-xp 00001000 00:159a 4611686019027979946      /nix/store/4nlgxhb09sdr51nc9hdm8az5b08vzkgx-glibc-2.35-163/lib/librt.so.1
7efdc27cd000-7efdc27ce000 r--p 00002000 00:159a 4611686019027979946      /nix/store/4nlgxhb09sdr51nc9hdm8az5b08vzkgx-glibc-2.35-163/lib/librt.so.1
7efdc27ce000-7efdc27cf000 r--p 00002000 00:159a 4611686019027979946      /nix/store/4nlgxhb09sdr51nc9hdm8az5b08vzkgx-glibc-2.35-163/lib/librt.so.1
7efdc27cf000-7efdc27d0000 rw-p 00003000 00:159a 4611686019027979946      /nix/store/4nlgxhb09sdr51nc9hdm8az5b08vzkgx-glibc-2.35-163/lib/librt.so.1
7efdc27d0000-7efdc38e3000 r-xp 00000000 00:159a 4611686019135360866      /nix/store/gpxl5qgg8kicmcvivwmybwjlpf7wh20l-graalvm17-ce-22.3.0/lib/server/libjvm.so
7efdc38e3000-7efdc38e4000 ---p 01113000 00:159a 4611686019135360866      /nix/store/gpxl5qgg8kicmcvivwmybwjlpf7wh20l-graalvm17-ce-22.3.0/lib/server/libjvm.so
7efdc38e4000-7efdc3999000 r--p 01113000 00:159a 4611686019135360866      /nix/store/gpxl5qgg8kicmcvivwmybwjlpf7wh20l-graalvm17-ce-22.3.0/lib/server/libjvm.so
7efdc3999000-7efdc39cd000 rw-p 011c8000 00:159a 4611686019135360866      /nix/store/gpxl5qgg8kicmcvivwmybwjlpf7wh20l-graalvm17-ce-22.3.0/lib/server/libjvm.so
7efdc39cd000-7efdc3a29000 rw-p 00000000 00:00 0 
7efdc3a29000-7efdc3a51000 r--p 00000000 00:159a 4611686019027979918      /nix/store/4nlgxhb09sdr51nc9hdm8az5b08vzkgx-glibc-2.35-163/lib/libc.so.6
7efdc3a51000-7efdc3bc7000 r-xp 00028000 00:159a 4611686019027979918      /nix/store/4nlgxhb09sdr51nc9hdm8az5b08vzkgx-glibc-2.35-163/lib/libc.so.6
7efdc3bc7000-7efdc3c1f000 r--p 0019e000 00:159a 4611686019027979918      /nix/store/4nlgxhb09sdr51nc9hdm8az5b08vzkgx-glibc-2.35-163/lib/libc.so.6
7efdc3c1f000-7efdc3c23000 r--p 001f6000 00:159a 4611686019027979918      /nix/store/4nlgxhb09sdr51nc9hdm8az5b08vzkgx-glibc-2.35-163/lib/libc.so.6
7efdc3c23000-7efdc3c25000 rw-p 001fa000 00:159a 4611686019027979918      /nix/store/4nlgxhb09sdr51nc9hdm8az5b08vzkgx-glibc-2.35-163/lib/libc.so.6
7efdc3c25000-7efdc3c34000 rw-p 00000000 00:00 0 
7efdc3c34000-7efdc3c35000 r--p 00000000 00:159a 4611686019027979923      /nix/store/4nlgxhb09sdr51nc9hdm8az5b08vzkgx-glibc-2.35-163/lib/libdl.so.2
7efdc3c35000-7efdc3c36000 r-xp 00001000 00:159a 4611686019027979923      /nix/store/4nlgxhb09sdr51nc9hdm8az5b08vzkgx-glibc-2.35-163/lib/libdl.so.2
7efdc3c36000-7efdc3c37000 r--p 00002000 00:159a 4611686019027979923      /nix/store/4nlgxhb09sdr51nc9hdm8az5b08vzkgx-glibc-2.35-163/lib/libdl.so.2
7efdc3c37000-7efdc3c38000 r--p 00002000 00:159a 4611686019027979923      /nix/store/4nlgxhb09sdr51nc9hdm8az5b08vzkgx-glibc-2.35-163/lib/libdl.so.2
7efdc3c38000-7efdc3c39000 rw-p 00003000 00:159a 4611686019027979923      /nix/store/4nlgxhb09sdr51nc9hdm8az5b08vzkgx-glibc-2.35-163/lib/libdl.so.2
7efdc3c39000-7efdc3c3a000 r--p 00000000 00:159a 4611686019027979942      /nix/store/4nlgxhb09sdr51nc9hdm8az5b08vzkgx-glibc-2.35-163/lib/libpthread.so.0
7efdc3c3a000-7efdc3c3b000 r-xp 00001000 00:159a 4611686019027979942      /nix/store/4nlgxhb09sdr51nc9hdm8az5b08vzkgx-glibc-2.35-163/lib/libpthread.so.0
7efdc3c3b000-7efdc3c3c000 r--p 00002000 00:159a 4611686019027979942      /nix/store/4nlgxhb09sdr51nc9hdm8az5b08vzkgx-glibc-2.35-163/lib/libpthread.so.0
7efdc3c3c000-7efdc3c3d000 r--p 00002000 00:159a 4611686019027979942      /nix/store/4nlgxhb09sdr51nc9hdm8az5b08vzkgx-glibc-2.35-163/lib/libpthread.so.0
7efdc3c3d000-7efdc3c3e000 rw-p 00003000 00:159a 4611686019027979942      /nix/store/4nlgxhb09sdr51nc9hdm8az5b08vzkgx-glibc-2.35-163/lib/libpthread.so.0
7efdc3c3e000-7efdc3c4c000 r-xp 00000000 00:159a 4611686019135190033      /nix/store/gpxl5qgg8kicmcvivwmybwjlpf7wh20l-graalvm17-ce-22.3.0/lib/libjli.so
7efdc3c4c000-7efdc3c4d000 ---p 0000e000 00:159a 4611686019135190033      /nix/store/gpxl5qgg8kicmcvivwmybwjlpf7wh20l-graalvm17-ce-22.3.0/lib/libjli.so
7efdc3c4d000-7efdc3c4e000 r--p 0000e000 00:159a 4611686019135190033      /nix/store/gpxl5qgg8kicmcvivwmybwjlpf7wh20l-graalvm17-ce-22.3.0/lib/libjli.so
7efdc3c4e000-7efdc3c4f000 rw-p 0000f000 00:159a 4611686019135190033      /nix/store/gpxl5qgg8kicmcvivwmybwjlpf7wh20l-graalvm17-ce-22.3.0/lib/libjli.so
7efdc3c4f000-7efdc3c50000 rw-p 00012000 00:159a 4611686019135190033      /nix/store/gpxl5qgg8kicmcvivwmybwjlpf7wh20l-graalvm17-ce-22.3.0/lib/libjli.so
7efdc3c50000-7efdc3c53000 r--p 00000000 00:159a 4611686019106210071      /nix/store/026hln0aq1hyshaxsdvhg0kmcm6yf45r-zlib-1.2.13/lib/libz.so.1.2.13
7efdc3c53000-7efdc3c65000 r-xp 00003000 00:159a 4611686019106210071      /nix/store/026hln0aq1hyshaxsdvhg0kmcm6yf45r-zlib-1.2.13/lib/libz.so.1.2.13
7efdc3c65000-7efdc3c6c000 r--p 00015000 00:159a 4611686019106210071      /nix/store/026hln0aq1hyshaxsdvhg0kmcm6yf45r-zlib-1.2.13/lib/libz.so.1.2.13
7efdc3c6c000-7efdc3c6d000 r--p 0001b000 00:159a 4611686019106210071      /nix/store/026hln0aq1hyshaxsdvhg0kmcm6yf45r-zlib-1.2.13/lib/libz.so.1.2.13
7efdc3c6d000-7efdc3c6e000 rw-p 0001c000 00:159a 4611686019106210071      /nix/store/026hln0aq1hyshaxsdvhg0kmcm6yf45r-zlib-1.2.13/lib/libz.so.1.2.13
7efdc3c6e000-7efdc3c70000 rw-p 00000000 00:00 0 
7efdc3c70000-7efdc3c72000 r--p 00000000 00:159a 4611686019027979912      /nix/store/4nlgxhb09sdr51nc9hdm8az5b08vzkgx-glibc-2.35-163/lib/ld-linux-x86-64.so.2
7efdc3c72000-7efdc3c99000 r-xp 00002000 00:159a 4611686019027979912      /nix/store/4nlgxhb09sdr51nc9hdm8az5b08vzkgx-glibc-2.35-163/lib/ld-linux-x86-64.so.2
7efdc3c99000-7efdc3ca5000 r--p 00029000 00:159a 4611686019027979912      /nix/store/4nlgxhb09sdr51nc9hdm8az5b08vzkgx-glibc-2.35-163/lib/ld-linux-x86-64.so.2
7efdc3ca5000-7efdc3ca7000 r--p 00034000 00:159a 4611686019027979912      /nix/store/4nlgxhb09sdr51nc9hdm8az5b08vzkgx-glibc-2.35-163/lib/ld-linux-x86-64.so.2
7efdc3ca7000-7efdc3ca9000 rw-p 00036000 00:159a 4611686019027979912      /nix/store/4nlgxhb09sdr51nc9hdm8az5b08vzkgx-glibc-2.35-163/lib/ld-linux-x86-64.so.2
7ffc0b89e000-7ffc0b8c3000 rw-p 00000000 00:00 0                          [stack]
7ffc0b9ab000-7ffc0b9af000 r--p 00000000 00:00 0                          [vvar]
7ffc0b9af000-7ffc0b9b1000 r-xp 00000000 00:00 0                          [vdso]
ffffffffff600000-ffffffffff601000 --xp 00000000 00:00 0                  [vsyscall]


VM Arguments:
jvm_args: -XX:ThreadPriorityPolicy=1 -XX:+UnlockExperimentalVMOptions -XX:+EnableJVMCIProduct -XX:JVMCIThreadsPerNativeLibraryRuntime=1 -XX:-UnlockExperimentalVMOptions -Declipse.application=org.eclipse.jdt.ls.core.id1 -Dosgi.bundles.defaultStartLevel=4 -Declipse.product=org.eclipse.jdt.ls.core.product -Dlog.level=ALL -Xverify:none -XX:+UseParallelGC -XX:GCTimeRatio=4 -XX:AdaptiveSizePolicyWeight=90 -Dsun.zip.disableMemoryMapping=true -Xmx512m -Xms100m 
java_command: /nix/store/m6gcpi1ii6rghy04cjwjddcavv7i90df-jdt-language-server-1.9.0/share/java/plugins/org.eclipse.equinox.launcher_1.6.400.v20210924-0641.jar --add-modules=ALL-SYSTEM --add-opens java.base/java.util=ALL-UNNAMED --add-opens java.base/java.lang=ALL-UNNAMED -configuration /home/runner/.cache/jdt-language-server/config -data /home/runner/.cache/jdt-language-server/data/home/runner/CS4-Project-Repository
java_class_path (initial): /nix/store/m6gcpi1ii6rghy04cjwjddcavv7i90df-jdt-language-server-1.9.0/share/java/plugins/org.eclipse.equinox.launcher_1.6.400.v20210924-0641.jar
Launcher Type: SUN_STANDARD

[Global flags]
    uintx AdaptiveSizePolicyWeight                 = 90                                        {product} {command line}
     intx CICompilerCount                          = 2                                         {product} {ergonomic}
     bool EnableJVMCIProduct                       = true                                {JVMCI product} {jimage}
    uintx GCTimeRatio                              = 4                                         {product} {command line}
   size_t InitialHeapSize                          = 104857600                                 {product} {command line}
     uint JVMCIThreadsPerNativeLibraryRuntime      = 1                                   {JVMCI product} {jimage}
   size_t MaxHeapSize                              = 536870912                                 {product} {command line}
   size_t MaxNewSize                               = 178782208                                 {product} {ergonomic}
   size_t MinHeapDeltaBytes                        = 524288                                    {product} {ergonomic}
   size_t MinHeapSize                              = 104857600                                 {product} {command line}
   size_t NewSize                                  = 34603008                                  {product} {ergonomic}
    uintx NonNMethodCodeHeapSize                   = 5826188                                {pd product} {ergonomic}
    uintx NonProfiledCodeHeapSize                  = 122916026                              {pd product} {ergonomic}
   size_t OldSize                                  = 70254592                                  {product} {ergonomic}
    uintx ProfiledCodeHeapSize                     = 122916026                              {pd product} {ergonomic}
    uintx ReservedCodeCacheSize                    = 251658240                              {pd product} {ergonomic}
     bool SegmentedCodeCache                       = true                                      {product} {ergonomic}
   size_t SoftMaxHeapSize                          = 536870912                              {manageable} {ergonomic}
     intx ThreadPriorityPolicy                     = 1                                         {product} {jimage}
     bool UseCompressedClassPointers               = true                           {product lp64_product} {ergonomic}
     bool UseCompressedOops                        = true                           {product lp64_product} {ergonomic}
     bool UseParallelGC                            = true                                      {product} {command line}

Logging:
Log output configuration:
 #0: stdout all=warning uptime,level,tags
 #1: stderr all=off uptime,level,tags

Environment Variables:
JAVA_HOME=/nix/store/gpxl5qgg8kicmcvivwmybwjlpf7wh20l-graalvm17-ce-22.3.0
PATH=/nix/store/1d6ian3r8kdzspw8hacjhl3xkp40g1lj-binutils-wrapper-2.39/bin:/nix/store/dq0xwmsk1g0i2ayg6pb7y87na2knzylh-gcc-wrapper-11.3.0/bin:/nix/store/bap4d0lpcrhpwmpb8ayjcgkmvfj62lnq-bash-interactive-5.1-p16/bin:/nix/store/pr5n59mb4jzmfx6kanwxly0l07p861fg-patchelf-0.15.0/bin:/nix/store/1gf2flfqnpqbr1b4p4qz2f72y42bs56r-gcc-11.3.0/bin:/nix/store/57xv61c5zi8pphjbcwxxjlgc34p61ic9-glibc-2.35-163-bin/bin:/nix/store/a7gvj343m05j2s32xcnwr35v31ynlypr-coreutils-9.1/bin:/nix/store/039g378vc3pc3dvi9dzdlrd0i4q93qwf-binutils-2.39/bin:/nix/store/gpxl5qgg8kicmcvivwmybwjlpf7wh20l-graalvm17-ce-22.3.0/bin:/nix/store/6z9ag3ihc8mq2hzsw48lhbznvzny65nz-apache-maven-3.8.6/bin:/nix/store/m6gcpi1ii6rghy04cjwjddcavv7i90df-jdt-language-server-1.9.0/bin:/nix/store/84xs5alhs01zrbr4ywm05kxbjbp5590l-java-debug/bin:/nix/store/mydc6f4k2z73xlcz7ilif3v2lcaiqvza-findutils-4.9.0/bin:/nix/store/j9p3g8472iijd50vhdprx0nmk2fqn5gv-diffutils-3.8/bin:/nix/store/89zs7rms6x00xfq4dq6m7mjnhkr8a6r4-gnused-4.8/bin:/nix/store/86bp03jkmsl6f92w0yzg4s59g5mhxwmy-gnugrep-3.7/bin:/nix/store/hwcdqw4jrjnd37wxqgsd47hd0j8bnj09-gawk-5.1.1/bin:/nix/store/cfbhw8r8ags41vwqaz47r583d0p4h4a1-gnutar-1.34/bin:/nix/store/p3m1ndl1lapwrlh698bnb5lvvxh67378-gzip-1.12/bin:/nix/store/a8mhcagrsly7c7mpjrpsnaahk4aax056-bzip2-1.0.8-bin/bin:/nix/store/mblgz65m3zv9x548a3d5m96fj2pbwr09-gnumake-4.3/bin:/nix/store/dsd5gz46hdbdk2rfdimqddhq6m8m8fqs-bash-5.1-p16/bin:/nix/store/v7ljksji50mg3w61dykaa3n3y79n6nil-patch-2.7.6/bin:/nix/store/zlcnmqq14jz5x9439jf937mvayyl63da-xz-5.2.7-bin/bin:/nix/store/y6aj732zm9m87c82fpvf103a1xb22blp-file-5.43/bin:/nix/store/i4kzir3m7mrisxmf5xvlnkw01x4qaqr4-prybar-elisp-0.0.0-e0d9a52/bin:/nix/store/lwwivxf6h7x3cvxp9zv8sj0mv7dak99r-prybar-lua-0.0.0-e0d9a52/bin:/nix/store/gxj28g1cg4hq3qanmjv07156h800qr58-prybar-python3-0.0.0-e0d9a52/bin:/nix/store/hshkjnxrgidigf8x75vg6lqng2xlx9i3-prybar-sqlite-0.0.0-e0d9a52/bin:/nix/store/c4w01bpjgyy5ixmwdk8m1pw87zq4sl26-prybar-tcl-0.0.0-e0d9a52/bin:/nix/store/hpbvrlwd5viqmvcaisb3x0118i913a9n-st
LD_LIBRARY_PATH=/nix/store/a4pff549sk2idnkpzk5nsfps3mdkdnvm-cups-2.4.2-lib/lib:/nix/store/72mqxxhh3cy5yifh92wh2yb8cl2hikyy-cairo-1.16.0/lib:/nix/store/2k366jrbsra97gjfxwvrhvixjfxdach5-glib-2.74.1/lib:/nix/store/2j2znigd8ak37rlwh9khz0ry3clqlw1l-gtk+3-3.24.34/lib:/nix/store/hisqvx32cd57apbpcsnkpx6k3549wql1-libglvnd-1.4.0/lib:/nix/store/p36pgcv991mq5srvg765b78yqpxvk3qs-mesa-21.3.3-drivers/lib:/nix/store/mav4251if1ahjq5vkpwycyyvnmy459c4-pulseaudio-14.2/lib
DISPLAY=:0
LANG=en_US.UTF-8

Signal Handlers:
   SIGSEGV: crash_handler in libjvm.so, mask=11100100010111111101111111111110, flags=SA_RESTART|SA_SIGINFO
    SIGBUS: crash_handler in libjvm.so, mask=11100100010111111101111111111110, flags=SA_RESTART|SA_SIGINFO
    SIGFPE: crash_handler in libjvm.so, mask=11100100010111111101111111111110, flags=SA_RESTART|SA_SIGINFO
   SIGPIPE: IsolateEnterStub_IgnoreSIGPIPEStartupHook_noopSignalHandler_8f19bff2f35b5f630d83b364d6b2339320d4ec70_216e8361c6bc87a8f89f58cc10d3b2fd4415bf87 in libjvmcicompiler.so, mask=00000000000000000000000000000000, flags=SA_RESTART
  *** Handler was modified!
  *** Expected: javaSignalHandler in libjvm.so, mask=11100100110111111111111111111110, flags=SA_RESTART|SA_SIGINFO
   SIGXFSZ: javaSignalHandler in libjvm.so, mask=11100100010111111101111111111110, flags=SA_RESTART|SA_SIGINFO
    SIGILL: crash_handler in libjvm.so, mask=11100100010111111101111111111110, flags=SA_RESTART|SA_SIGINFO
   SIGUSR2: SR_handler in libjvm.so, mask=00000000000000000000000000000000, flags=SA_RESTART|SA_SIGINFO
    SIGHUP: UserHandler in libjvm.so, mask=11100100010111111101111111111110, flags=SA_RESTART|SA_SIGINFO
    SIGINT: UserHandler in libjvm.so, mask=11100100010111111101111111111110, flags=SA_RESTART|SA_SIGINFO
   SIGTERM: UserHandler in libjvm.so, mask=11100100010111111101111111111110, flags=SA_RESTART|SA_SIGINFO
   SIGQUIT: UserHandler in libjvm.so, mask=11100100010111111101111111111110, flags=SA_RESTART|SA_SIGINFO
  *** Handler was modified!
  *** Expected: javaSignalHandler in libjvm.so, mask=11100100110111111111111111111110, flags=SA_RESTART|SA_SIGINFO
   SIGTRAP: crash_handler in libjvm.so, mask=11100100010111111101111111111110, flags=SA_RESTART|SA_SIGINFO


---------------  S Y S T E M  ---------------

OS:
DISTRIB_ID=Ubuntu
DISTRIB_RELEASE=20.04
DISTRIB_CODENAME=focal
DISTRIB_DESCRIPTION="Ubuntu 20.04.2 LTS"
uname: Linux 5.19.0-1022-gcp #24~22.04.1-Ubuntu SMP Sun Apr 23 09:51:08 UTC 2023 x86_64
OS uptime: 0 days 7:07 hours
libc: glibc 2.35 NPTL 2.35 
rlimit (soft/hard): STACK 8192k/infinity , CORE infinity/infinity , NPROC infinity/infinity , NOFILE 5242/5242 , AS infinity/infinity , CPU infinity/infinity , DATA infinity/infinity , FSIZE infinity/infinity , MEMLOCK 8192k/8192k
load average: 27.87 16.23 14.18

/proc/meminfo:
MemTotal:       65852256 kB
MemFree:         8945920 kB
MemAvailable:   39444320 kB
Buffers:         2652256 kB
Cached:         26072900 kB
SwapCached:            0 kB
Active:         12816400 kB
Inactive:       39472836 kB
Active(anon):      21000 kB
Inactive(anon): 23133816 kB
Active(file):   12795400 kB
Inactive(file): 16339020 kB
Unevictable:       56296 kB
Mlocked:           56296 kB
SwapTotal:             0 kB
SwapFree:              0 kB
Zswap:                 0 kB
Zswapped:              0 kB
Dirty:             14104 kB
Writeback:             0 kB
AnonPages:      22744504 kB
Mapped:          2454680 kB
Shmem:             29892 kB
KReclaimable:    2090580 kB
Slab:            3350432 kB
SReclaimable:    2090580 kB
SUnreclaim:      1259852 kB
KernelStack:      480448 kB
PageTables:       263360 kB
NFS_Unstable:          0 kB
Bounce:                0 kB
WritebackTmp:          0 kB
CommitLimit:    32926128 kB
Committed_AS:   87455936 kB
VmallocTotal:   34359738367 kB
VmallocUsed:      526644 kB
VmallocChunk:          0 kB
Percpu:            64192 kB
HardwareCorrupted:     0 kB
AnonHugePages:   3168256 kB
ShmemHugePages:        0 kB
ShmemPmdMapped:        0 kB
FileHugePages:         0 kB
FilePmdMapped:         0 kB
HugePages_Total:       0
HugePages_Free:        0
HugePages_Rsvd:        0
HugePages_Surp:        0
Hugepagesize:       2048 kB
Hugetlb:               0 kB
DirectMap4k:     5765944 kB
DirectMap2M:    52951040 kB
DirectMap1G:    10485760 kB

/sys/kernel/mm/transparent_hugepage/enabled: always [madvise] never
/sys/kernel/mm/transparent_hugepage/defrag (defrag/compaction efforts parameter): always defer defer+madvise [madvise] never

Process Memory:
Virtual Size: 5457536K (peak: 5492544K)
Resident Set Size: 750576K (peak: 790048K) (anon: 553680K, file: 196896K, shmem: 0K)
Swapped out: 0K
C-Heap outstanding allocations: 41099K, retained: 14432K
glibc malloc tunables: (default)

/proc/sys/kernel/threads-max (system-wide limit on the number of threads): 514406
/proc/sys/vm/max_map_count (maximum number of memory map areas a process may have): 65530
/proc/sys/kernel/pid_max (system-wide limit on number of process identifiers): 4194304

container (cgroup) information:
container_type: cgroupv1
cpu_cpuset_cpus: 2-7
cpu_memory_nodes: 0
active_processor_count: 1
cpu_quota: 50000
cpu_period: 100000
cpu_shares: 512
memory_limit_in_bytes: 1048576 k
memory_and_swap_limit_in_bytes: 1048576 k
memory_soft_limit_in_bytes: 524288 k
memory_usage_in_bytes: 956244 k
memory_max_usage_in_bytes: 1048576 k
maximum number of tasks: 1000
current number of tasks: 100

KVM virtualization detected
Steal ticks since vm start: 0
Steal ticks percentage since vm start:  0.000

CPU: total 8 (initial active 1) (8 cores per cpu, 2 threads per core) family 23 model 49 stepping 0 microcode 0xffffffff, cx8, cmov, fxsr, ht, mmx, 3dnowpref, sse, sse2, sse3, ssse3, sse4a, sse4.1, sse4.2, popcnt, lzcnt, tsc, tscinvbit, avx, avx2, aes, clmul, bmi1, bmi2, adx, sha, fma, vzeroupper, clflush, clflushopt, hv
CPU Model and flags from /proc/cpuinfo:
model name	: AMD EPYC 7B12
flags		: fpu vme de pse tsc msr pae mce cx8 apic sep mtrr pge mca cmov pat pse36 clflush mmx fxsr sse sse2 ht syscall nx mmxext fxsr_opt pdpe1gb rdtscp lm constant_tsc rep_good nopl nonstop_tsc cpuid extd_apicid tsc_known_freq pni pclmulqdq ssse3 fma cx16 sse4_1 sse4_2 movbe popcnt aes xsave avx f16c rdrand hypervisor lahf_lm cmp_legacy cr8_legacy abm sse4a misalignsse 3dnowprefetch osvw topoext ssbd ibrs ibpb stibp vmmcall fsgsbase tsc_adjust bmi1 avx2 smep bmi2 rdseed adx smap clflushopt clwb sha_ni xsaveopt xsavec xgetbv1 clzero xsaveerptr arat npt nrip_save umip rdpid

Online cpus: 0-7
Offline cpus: 
BIOS frequency limitation: <Not Available>
Frequency switch latency (ns): <Not Available>
Available cpu frequencies: <Not Available>
Current governor: <Not Available>
Core performance/turbo boost: <Not Available>

Memory: 4k page, physical 1048576k(92196k free), swap 0k(0k free)
Page Sizes: 4k

vm_info: OpenJDK 64-Bit Server VM (17.0.5+8-jvmci-22.3-b08) for linux-amd64 JRE (17.0.5+8-jvmci-22.3-b08), built on Oct 19 2022 09:01:27 by "buildslave" with gcc 10.3.0

END.
